CRITICAL - 2024-06-26 15:42:56 --> Class "Locale" not found
in SYSTEMPATH\CodeIgniter.php on line 194.
 1 ROOTPATH\spark(83): CodeIgniter\CodeIgniter->initialize()
CRITICAL - 2024-06-26 15:43:50 --> Class "Locale" not found
in SYSTEMPATH\CodeIgniter.php on line 194.
 1 ROOTPATH\spark(83): CodeIgniter\CodeIgniter->initialize()
CRITICAL - 2024-06-26 15:44:56 --> Class "Locale" not found
in SYSTEMPATH\CodeIgniter.php on line 194.
 1 ROOTPATH\spark(83): CodeIgniter\CodeIgniter->initialize()
CRITICAL - 2024-06-26 15:48:43 --> Class "Locale" not found
in SYSTEMPATH\CodeIgniter.php on line 194.
 1 ROOTPATH\spark(83): CodeIgniter\CodeIgniter->initialize()
ERROR - 2024-06-26 20:51:42 --> Error connecting to the database: mysqli_sql_exception: Unknown database 'techpodb_23' in C:\Users\asus\OneDrive\Desktop\Techporia-main-2024\techporia23-main\vendor\codeigniter4\framework\system\Database\MySQLi\Connection.php:173
Stack trace:
#0 C:\Users\asus\OneDrive\Desktop\Techporia-main-2024\techporia23-main\vendor\codeigniter4\framework\system\Database\MySQLi\Connection.php(173): mysqli->real_connect('localhost', 'root', Object(SensitiveParameterValue), 'techpodb_23', 3306, '', 0)
#1 C:\Users\asus\OneDrive\Desktop\Techporia-main-2024\techporia23-main\vendor\codeigniter4\framework\system\Database\BaseConnection.php(391): CodeIgniter\Database\MySQLi\Connection->connect(false)
#2 C:\Users\asus\OneDrive\Desktop\Techporia-main-2024\techporia23-main\vendor\codeigniter4\framework\system\Database\BaseConnection.php(574): CodeIgniter\Database\BaseConnection->initialize()
#3 C:\Users\asus\OneDrive\Desktop\Techporia-main-2024\techporia23-main\vendor\codeigniter4\framework\system\Database\BaseConnection.php(1409): CodeIgniter\Database\BaseConnection->query('SHOW TABLES FRO...')
#4 C:\Users\asus\OneDrive\Desktop\Techporia-main-2024\techporia23-main\vendor\codeigniter4\framework\system\Database\BaseConnection.php(1428): CodeIgniter\Database\BaseConnection->listTables()
#5 C:\Users\asus\OneDrive\Desktop\Techporia-main-2024\techporia23-main\vendor\codeigniter4\framework\system\Database\MigrationRunner.php(768): CodeIgniter\Database\BaseConnection->tableExists('migrations')
#6 C:\Users\asus\OneDrive\Desktop\Techporia-main-2024\techporia23-main\vendor\codeigniter4\framework\system\Database\MigrationRunner.php(168): CodeIgniter\Database\MigrationRunner->ensureTable()
#7 C:\Users\asus\OneDrive\Desktop\Techporia-main-2024\techporia23-main\vendor\codeigniter4\framework\system\Commands\Database\Migrate.php(84): CodeIgniter\Database\MigrationRunner->latest(NULL)
#8 C:\Users\asus\OneDrive\Desktop\Techporia-main-2024\techporia23-main\vendor\codeigniter4\framework\system\CLI\Commands.php(65): CodeIgniter\Commands\Database\Migrate->run(Array)
#9 C:\Users\asus\OneDrive\Desktop\Techporia-main-2024\techporia23-main\vendor\codeigniter4\framework\system\CLI\Console.php(37): CodeIgniter\CLI\Commands->run('migrate', Array)
#10 C:\Users\asus\OneDrive\Desktop\Techporia-main-2024\techporia23-main\spark(97): CodeIgniter\CLI\Console->run()
#11 {main}

Next CodeIgniter\Database\Exceptions\DatabaseException: Unknown database 'techpodb_23' in C:\Users\asus\OneDrive\Desktop\Techporia-main-2024\techporia23-main\vendor\codeigniter4\framework\system\Database\MySQLi\Connection.php:218
Stack trace:
#0 C:\Users\asus\OneDrive\Desktop\Techporia-main-2024\techporia23-main\vendor\codeigniter4\framework\system\Database\BaseConnection.php(391): CodeIgniter\Database\MySQLi\Connection->connect(false)
#1 C:\Users\asus\OneDrive\Desktop\Techporia-main-2024\techporia23-main\vendor\codeigniter4\framework\system\Database\BaseConnection.php(574): CodeIgniter\Database\BaseConnection->initialize()
#2 C:\Users\asus\OneDrive\Desktop\Techporia-main-2024\techporia23-main\vendor\codeigniter4\framework\system\Database\BaseConnection.php(1409): CodeIgniter\Database\BaseConnection->query('SHOW TABLES FRO...')
#3 C:\Users\asus\OneDrive\Desktop\Techporia-main-2024\techporia23-main\vendor\codeigniter4\framework\system\Database\BaseConnection.php(1428): CodeIgniter\Database\BaseConnection->listTables()
#4 C:\Users\asus\OneDrive\Desktop\Techporia-main-2024\techporia23-main\vendor\codeigniter4\framework\system\Database\MigrationRunner.php(768): CodeIgniter\Database\BaseConnection->tableExists('migrations')
#5 C:\Users\asus\OneDrive\Desktop\Techporia-main-2024\techporia23-main\vendor\codeigniter4\framework\system\Database\MigrationRunner.php(168): CodeIgniter\Database\MigrationRunner->ensureTable()
#6 C:\Users\asus\OneDrive\Desktop\Techporia-main-2024\techporia23-main\vendor\codeigniter4\framework\system\Commands\Database\Migrate.php(84): CodeIgniter\Database\MigrationRunner->latest(NULL)
#7 C:\Users\asus\OneDrive\Desktop\Techporia-main-2024\techporia23-main\vendor\codeigniter4\framework\system\CLI\Commands.php(65): CodeIgniter\Commands\Database\Migrate->run(Array)
#8 C:\Users\asus\OneDrive\Desktop\Techporia-main-2024\techporia23-main\vendor\codeigniter4\framework\system\CLI\Console.php(37): CodeIgniter\CLI\Commands->run('migrate', Array)
#9 C:\Users\asus\OneDrive\Desktop\Techporia-main-2024\techporia23-main\spark(97): CodeIgniter\CLI\Console->run()
#10 {main}
CRITICAL - 2024-06-26 20:58:43 --> Cannot get the pending login User.
in VENDORPATH\codeigniter4\shield\src\Authentication\Actions\EmailActivator.php on line 47.
 1 VENDORPATH\codeigniter4\shield\src\Controllers\ActionController.php(62): CodeIgniter\Shield\Authentication\Actions\EmailActivator->show()
 2 VENDORPATH\codeigniter4\shield\src\Controllers\ActionController.php(50): CodeIgniter\Shield\Controllers\ActionController->show()
 3 SYSTEMPATH\CodeIgniter.php(933): CodeIgniter\Shield\Controllers\ActionController->_remap('show')
 4 SYSTEMPATH\CodeIgniter.php(499): CodeIgniter\CodeIgniter->runController(Object(CodeIgniter\Shield\Controllers\ActionController))
 5 SYSTEMPATH\CodeIgniter.php(368): CodeIgniter\CodeIgniter->handleRequest(null, Object(Config\Cache), false)
 6 FCPATH\index.php(67): CodeIgniter\CodeIgniter->run()
 7 SYSTEMPATH\Commands\Server\rewrite.php(47): require_once('C:\\Users\\asus\\OneDrive\\Desktop\\Techporia-main-2024\\techporia23-main\\public\\index.php')
