CRITICAL - 2024-07-29 20:03:18 --> Trying to access array offset on value of type null
in APPPATH\Views\admin\detail_tim.php on line 40.
 1 APPPATH\Views\admin\detail_tim.php(40): CodeIgniter\Debug\Exceptions->errorHandler(2, 'Trying to access array offset on value of type null', 'D:\\Docs\\GitHub\\Techporia-main-2024\\techporia23-main\\app\\Views\\admin\\detail_tim.php', 40)
 2 SYSTEMPATH\View\View.php(213): include('D:\\Docs\\GitHub\\Techporia-main-2024\\techporia23-main\\app\\Views\\admin\\detail_tim.php')
 3 SYSTEMPATH\View\View.php(216): CodeIgniter\View\View->CodeIgniter\View\{closure}()
 4 SYSTEMPATH\Common.php(1184): CodeIgniter\View\View->render('admin/detail_tim', [], true)
 5 APPPATH\Controllers\AdminController.php(184): view('admin/detail_tim', [...])
 6 SYSTEMPATH\CodeIgniter.php(934): App\Controllers\AdminController->detailTim('8a9bce')
 7 SYSTEMPATH\CodeIgniter.php(499): CodeIgniter\CodeIgniter->runController(Object(App\Controllers\AdminController))
 8 SYSTEMPATH\CodeIgniter.php(368): CodeIgniter\CodeIgniter->handleRequest(null, Object(Config\Cache), false)
 9 FCPATH\index.php(67): CodeIgniter\CodeIgniter->run()
10 SYSTEMPATH\Commands\Server\rewrite.php(47): require_once('D:\\Docs\\GitHub\\Techporia-main-2024\\techporia23-main\\public\\index.php')
CRITICAL - 2024-07-29 20:03:34 --> Trying to access array offset on value of type null
in APPPATH\Views\admin\detail_tim.php on line 40.
 1 APPPATH\Views\admin\detail_tim.php(40): CodeIgniter\Debug\Exceptions->errorHandler(2, 'Trying to access array offset on value of type null', 'D:\\Docs\\GitHub\\Techporia-main-2024\\techporia23-main\\app\\Views\\admin\\detail_tim.php', 40)
 2 SYSTEMPATH\View\View.php(213): include('D:\\Docs\\GitHub\\Techporia-main-2024\\techporia23-main\\app\\Views\\admin\\detail_tim.php')
 3 SYSTEMPATH\View\View.php(216): CodeIgniter\View\View->CodeIgniter\View\{closure}()
 4 SYSTEMPATH\Common.php(1184): CodeIgniter\View\View->render('admin/detail_tim', [], true)
 5 APPPATH\Controllers\AdminController.php(184): view('admin/detail_tim', [...])
 6 SYSTEMPATH\CodeIgniter.php(934): App\Controllers\AdminController->detailTim('8a9bce')
 7 SYSTEMPATH\CodeIgniter.php(499): CodeIgniter\CodeIgniter->runController(Object(App\Controllers\AdminController))
 8 SYSTEMPATH\CodeIgniter.php(368): CodeIgniter\CodeIgniter->handleRequest(null, Object(Config\Cache), false)
 9 FCPATH\index.php(67): CodeIgniter\CodeIgniter->run()
10 SYSTEMPATH\Commands\Server\rewrite.php(47): require_once('D:\\Docs\\GitHub\\Techporia-main-2024\\techporia23-main\\public\\index.php')
CRITICAL - 2024-07-29 20:03:43 --> Trying to access array offset on value of type null
in APPPATH\Views\admin\detail_tim.php on line 40.
 1 APPPATH\Views\admin\detail_tim.php(40): CodeIgniter\Debug\Exceptions->errorHandler(2, 'Trying to access array offset on value of type null', 'D:\\Docs\\GitHub\\Techporia-main-2024\\techporia23-main\\app\\Views\\admin\\detail_tim.php', 40)
 2 SYSTEMPATH\View\View.php(213): include('D:\\Docs\\GitHub\\Techporia-main-2024\\techporia23-main\\app\\Views\\admin\\detail_tim.php')
 3 SYSTEMPATH\View\View.php(216): CodeIgniter\View\View->CodeIgniter\View\{closure}()
 4 SYSTEMPATH\Common.php(1184): CodeIgniter\View\View->render('admin/detail_tim', [], true)
 5 APPPATH\Controllers\AdminController.php(184): view('admin/detail_tim', [...])
 6 SYSTEMPATH\CodeIgniter.php(934): App\Controllers\AdminController->detailTim('43397f')
 7 SYSTEMPATH\CodeIgniter.php(499): CodeIgniter\CodeIgniter->runController(Object(App\Controllers\AdminController))
 8 SYSTEMPATH\CodeIgniter.php(368): CodeIgniter\CodeIgniter->handleRequest(null, Object(Config\Cache), false)
 9 FCPATH\index.php(67): CodeIgniter\CodeIgniter->run()
10 SYSTEMPATH\Commands\Server\rewrite.php(47): require_once('D:\\Docs\\GitHub\\Techporia-main-2024\\techporia23-main\\public\\index.php')
CRITICAL - 2024-07-29 20:03:47 --> Trying to access array offset on value of type null
in APPPATH\Views\admin\detail_tim.php on line 40.
 1 APPPATH\Views\admin\detail_tim.php(40): CodeIgniter\Debug\Exceptions->errorHandler(2, 'Trying to access array offset on value of type null', 'D:\\Docs\\GitHub\\Techporia-main-2024\\techporia23-main\\app\\Views\\admin\\detail_tim.php', 40)
 2 SYSTEMPATH\View\View.php(213): include('D:\\Docs\\GitHub\\Techporia-main-2024\\techporia23-main\\app\\Views\\admin\\detail_tim.php')
 3 SYSTEMPATH\View\View.php(216): CodeIgniter\View\View->CodeIgniter\View\{closure}()
 4 SYSTEMPATH\Common.php(1184): CodeIgniter\View\View->render('admin/detail_tim', [], true)
 5 APPPATH\Controllers\AdminController.php(184): view('admin/detail_tim', [...])
 6 SYSTEMPATH\CodeIgniter.php(934): App\Controllers\AdminController->detailTim('43397f')
 7 SYSTEMPATH\CodeIgniter.php(499): CodeIgniter\CodeIgniter->runController(Object(App\Controllers\AdminController))
 8 SYSTEMPATH\CodeIgniter.php(368): CodeIgniter\CodeIgniter->handleRequest(null, Object(Config\Cache), false)
 9 FCPATH\index.php(67): CodeIgniter\CodeIgniter->run()
10 SYSTEMPATH\Commands\Server\rewrite.php(47): require_once('D:\\Docs\\GitHub\\Techporia-main-2024\\techporia23-main\\public\\index.php')
CRITICAL - 2024-07-29 20:05:20 --> Undefined array key "group_denied"
in VENDORPATH\codeigniter4\shield\src\Config\Auth.php on line 495.
 1 VENDORPATH\codeigniter4\shield\src\Config\Auth.php(495): CodeIgniter\Debug\Exceptions->errorHandler(2, 'Undefined array key "group_denied"', 'D:\\Docs\\GitHub\\Techporia-main-2024\\techporia23-main\\vendor\\codeigniter4\\shield\\src\\Config\\Auth.php', 495)
 2 VENDORPATH\codeigniter4\shield\src\Filters\GroupFilter.php(37): CodeIgniter\Shield\Config\Auth->groupDeniedRedirect()
 3 VENDORPATH\codeigniter4\shield\src\Filters\AbstractAuthFilter.php(54): CodeIgniter\Shield\Filters\GroupFilter->redirectToDeniedUrl()
 4 SYSTEMPATH\Filters\Filters.php(173): CodeIgniter\Shield\Filters\AbstractAuthFilter->before(Object(CodeIgniter\HTTP\IncomingRequest), [...])
 5 SYSTEMPATH\CodeIgniter.php(473): CodeIgniter\Filters\Filters->run('admin/detail-tim/43397f', 'before')
 6 SYSTEMPATH\CodeIgniter.php(368): CodeIgniter\CodeIgniter->handleRequest(null, Object(Config\Cache), false)
 7 FCPATH\index.php(67): CodeIgniter\CodeIgniter->run()
 8 SYSTEMPATH\Commands\Server\rewrite.php(47): require_once('D:\\Docs\\GitHub\\Techporia-main-2024\\techporia23-main\\public\\index.php')
CRITICAL - 2024-07-29 20:05:47 --> Trying to access array offset on value of type null
in APPPATH\Views\admin\detail_tim.php on line 40.
 1 APPPATH\Views\admin\detail_tim.php(40): CodeIgniter\Debug\Exceptions->errorHandler(2, 'Trying to access array offset on value of type null', 'D:\\Docs\\GitHub\\Techporia-main-2024\\techporia23-main\\app\\Views\\admin\\detail_tim.php', 40)
 2 SYSTEMPATH\View\View.php(213): include('D:\\Docs\\GitHub\\Techporia-main-2024\\techporia23-main\\app\\Views\\admin\\detail_tim.php')
 3 SYSTEMPATH\View\View.php(216): CodeIgniter\View\View->CodeIgniter\View\{closure}()
 4 SYSTEMPATH\Common.php(1184): CodeIgniter\View\View->render('admin/detail_tim', [], true)
 5 APPPATH\Controllers\AdminController.php(184): view('admin/detail_tim', [...])
 6 SYSTEMPATH\CodeIgniter.php(934): App\Controllers\AdminController->detailTim('43397f')
 7 SYSTEMPATH\CodeIgniter.php(499): CodeIgniter\CodeIgniter->runController(Object(App\Controllers\AdminController))
 8 SYSTEMPATH\CodeIgniter.php(368): CodeIgniter\CodeIgniter->handleRequest(null, Object(Config\Cache), false)
 9 FCPATH\index.php(67): CodeIgniter\CodeIgniter->run()
10 SYSTEMPATH\Commands\Server\rewrite.php(47): require_once('D:\\Docs\\GitHub\\Techporia-main-2024\\techporia23-main\\public\\index.php')
CRITICAL - 2024-07-29 20:06:44 --> Trying to access array offset on value of type null
in APPPATH\Views\admin\detail_tim.php on line 40.
 1 APPPATH\Views\admin\detail_tim.php(40): CodeIgniter\Debug\Exceptions->errorHandler(2, 'Trying to access array offset on value of type null', 'D:\\Docs\\GitHub\\Techporia-main-2024\\techporia23-main\\app\\Views\\admin\\detail_tim.php', 40)
 2 SYSTEMPATH\View\View.php(213): include('D:\\Docs\\GitHub\\Techporia-main-2024\\techporia23-main\\app\\Views\\admin\\detail_tim.php')
 3 SYSTEMPATH\View\View.php(216): CodeIgniter\View\View->CodeIgniter\View\{closure}()
 4 SYSTEMPATH\Common.php(1184): CodeIgniter\View\View->render('admin/detail_tim', [], true)
 5 APPPATH\Controllers\AdminController.php(184): view('admin/detail_tim', [...])
 6 SYSTEMPATH\CodeIgniter.php(934): App\Controllers\AdminController->detailTim('43397f')
 7 SYSTEMPATH\CodeIgniter.php(499): CodeIgniter\CodeIgniter->runController(Object(App\Controllers\AdminController))
 8 SYSTEMPATH\CodeIgniter.php(368): CodeIgniter\CodeIgniter->handleRequest(null, Object(Config\Cache), false)
 9 FCPATH\index.php(67): CodeIgniter\CodeIgniter->run()
10 SYSTEMPATH\Commands\Server\rewrite.php(47): require_once('D:\\Docs\\GitHub\\Techporia-main-2024\\techporia23-main\\public\\index.php')
CRITICAL - 2024-07-29 20:06:46 --> Trying to access array offset on value of type null
in APPPATH\Views\admin\detail_tim.php on line 40.
 1 APPPATH\Views\admin\detail_tim.php(40): CodeIgniter\Debug\Exceptions->errorHandler(2, 'Trying to access array offset on value of type null', 'D:\\Docs\\GitHub\\Techporia-main-2024\\techporia23-main\\app\\Views\\admin\\detail_tim.php', 40)
 2 SYSTEMPATH\View\View.php(213): include('D:\\Docs\\GitHub\\Techporia-main-2024\\techporia23-main\\app\\Views\\admin\\detail_tim.php')
 3 SYSTEMPATH\View\View.php(216): CodeIgniter\View\View->CodeIgniter\View\{closure}()
 4 SYSTEMPATH\Common.php(1184): CodeIgniter\View\View->render('admin/detail_tim', [], true)
 5 APPPATH\Controllers\AdminController.php(184): view('admin/detail_tim', [...])
 6 SYSTEMPATH\CodeIgniter.php(934): App\Controllers\AdminController->detailTim('43397f')
 7 SYSTEMPATH\CodeIgniter.php(499): CodeIgniter\CodeIgniter->runController(Object(App\Controllers\AdminController))
 8 SYSTEMPATH\CodeIgniter.php(368): CodeIgniter\CodeIgniter->handleRequest(null, Object(Config\Cache), false)
 9 FCPATH\index.php(67): CodeIgniter\CodeIgniter->run()
10 SYSTEMPATH\Commands\Server\rewrite.php(47): require_once('D:\\Docs\\GitHub\\Techporia-main-2024\\techporia23-main\\public\\index.php')
CRITICAL - 2024-07-29 20:16:01 --> Undefined array key "group_denied"
in VENDORPATH\codeigniter4\shield\src\Config\Auth.php on line 495.
 1 VENDORPATH\codeigniter4\shield\src\Config\Auth.php(495): CodeIgniter\Debug\Exceptions->errorHandler(2, 'Undefined array key "group_denied"', 'D:\\Docs\\GitHub\\Techporia-main-2024\\techporia23-main\\vendor\\codeigniter4\\shield\\src\\Config\\Auth.php', 495)
 2 VENDORPATH\codeigniter4\shield\src\Filters\GroupFilter.php(37): CodeIgniter\Shield\Config\Auth->groupDeniedRedirect()
 3 VENDORPATH\codeigniter4\shield\src\Filters\AbstractAuthFilter.php(54): CodeIgniter\Shield\Filters\GroupFilter->redirectToDeniedUrl()
 4 SYSTEMPATH\Filters\Filters.php(173): CodeIgniter\Shield\Filters\AbstractAuthFilter->before(Object(CodeIgniter\HTTP\IncomingRequest), [...])
 5 SYSTEMPATH\CodeIgniter.php(473): CodeIgniter\Filters\Filters->run('admin/dashboard', 'before')
 6 SYSTEMPATH\CodeIgniter.php(368): CodeIgniter\CodeIgniter->handleRequest(null, Object(Config\Cache), false)
 7 FCPATH\index.php(67): CodeIgniter\CodeIgniter->run()
 8 SYSTEMPATH\Commands\Server\rewrite.php(47): require_once('D:\\Docs\\GitHub\\Techporia-main-2024\\techporia23-main\\public\\index.php')
CRITICAL - 2024-07-29 20:16:14 --> Undefined array key "group_denied"
in VENDORPATH\codeigniter4\shield\src\Config\Auth.php on line 495.
 1 VENDORPATH\codeigniter4\shield\src\Config\Auth.php(495): CodeIgniter\Debug\Exceptions->errorHandler(2, 'Undefined array key "group_denied"', 'D:\\Docs\\GitHub\\Techporia-main-2024\\techporia23-main\\vendor\\codeigniter4\\shield\\src\\Config\\Auth.php', 495)
 2 VENDORPATH\codeigniter4\shield\src\Filters\GroupFilter.php(37): CodeIgniter\Shield\Config\Auth->groupDeniedRedirect()
 3 VENDORPATH\codeigniter4\shield\src\Filters\AbstractAuthFilter.php(54): CodeIgniter\Shield\Filters\GroupFilter->redirectToDeniedUrl()
 4 SYSTEMPATH\Filters\Filters.php(173): CodeIgniter\Shield\Filters\AbstractAuthFilter->before(Object(CodeIgniter\HTTP\IncomingRequest), [...])
 5 SYSTEMPATH\CodeIgniter.php(473): CodeIgniter\Filters\Filters->run('admin/detail-tim/e863ed', 'before')
 6 SYSTEMPATH\CodeIgniter.php(368): CodeIgniter\CodeIgniter->handleRequest(null, Object(Config\Cache), false)
 7 FCPATH\index.php(67): CodeIgniter\CodeIgniter->run()
 8 SYSTEMPATH\Commands\Server\rewrite.php(47): require_once('D:\\Docs\\GitHub\\Techporia-main-2024\\techporia23-main\\public\\index.php')
CRITICAL - 2024-07-29 20:16:16 --> Undefined array key "group_denied"
in VENDORPATH\codeigniter4\shield\src\Config\Auth.php on line 495.
 1 VENDORPATH\codeigniter4\shield\src\Config\Auth.php(495): CodeIgniter\Debug\Exceptions->errorHandler(2, 'Undefined array key "group_denied"', 'D:\\Docs\\GitHub\\Techporia-main-2024\\techporia23-main\\vendor\\codeigniter4\\shield\\src\\Config\\Auth.php', 495)
 2 VENDORPATH\codeigniter4\shield\src\Filters\GroupFilter.php(37): CodeIgniter\Shield\Config\Auth->groupDeniedRedirect()
 3 VENDORPATH\codeigniter4\shield\src\Filters\AbstractAuthFilter.php(54): CodeIgniter\Shield\Filters\GroupFilter->redirectToDeniedUrl()
 4 SYSTEMPATH\Filters\Filters.php(173): CodeIgniter\Shield\Filters\AbstractAuthFilter->before(Object(CodeIgniter\HTTP\IncomingRequest), [...])
 5 SYSTEMPATH\CodeIgniter.php(473): CodeIgniter\Filters\Filters->run('admin/detail-tim/e863ed', 'before')
 6 SYSTEMPATH\CodeIgniter.php(368): CodeIgniter\CodeIgniter->handleRequest(null, Object(Config\Cache), false)
 7 FCPATH\index.php(67): CodeIgniter\CodeIgniter->run()
 8 SYSTEMPATH\Commands\Server\rewrite.php(47): require_once('D:\\Docs\\GitHub\\Techporia-main-2024\\techporia23-main\\public\\index.php')
CRITICAL - 2024-07-29 20:16:16 --> Undefined array key "group_denied"
in VENDORPATH\codeigniter4\shield\src\Config\Auth.php on line 495.
 1 VENDORPATH\codeigniter4\shield\src\Config\Auth.php(495): CodeIgniter\Debug\Exceptions->errorHandler(2, 'Undefined array key "group_denied"', 'D:\\Docs\\GitHub\\Techporia-main-2024\\techporia23-main\\vendor\\codeigniter4\\shield\\src\\Config\\Auth.php', 495)
 2 VENDORPATH\codeigniter4\shield\src\Filters\GroupFilter.php(37): CodeIgniter\Shield\Config\Auth->groupDeniedRedirect()
 3 VENDORPATH\codeigniter4\shield\src\Filters\AbstractAuthFilter.php(54): CodeIgniter\Shield\Filters\GroupFilter->redirectToDeniedUrl()
 4 SYSTEMPATH\Filters\Filters.php(173): CodeIgniter\Shield\Filters\AbstractAuthFilter->before(Object(CodeIgniter\HTTP\IncomingRequest), [...])
 5 SYSTEMPATH\CodeIgniter.php(473): CodeIgniter\Filters\Filters->run('admin/dashboard', 'before')
 6 SYSTEMPATH\CodeIgniter.php(368): CodeIgniter\CodeIgniter->handleRequest(null, Object(Config\Cache), false)
 7 FCPATH\index.php(67): CodeIgniter\CodeIgniter->run()
 8 SYSTEMPATH\Commands\Server\rewrite.php(47): require_once('D:\\Docs\\GitHub\\Techporia-main-2024\\techporia23-main\\public\\index.php')
CRITICAL - 2024-07-29 20:19:41 --> Undefined variable $dataEssay
in APPPATH\Views\kompetisi\submission.php on line 120.
 1 APPPATH\Views\kompetisi\submission.php(120): CodeIgniter\Debug\Exceptions->errorHandler(2, 'Undefined variable $dataEssay', 'D:\\Docs\\GitHub\\Techporia-main-2024\\techporia23-main\\app\\Views\\kompetisi\\submission.php', 120)
 2 SYSTEMPATH\View\View.php(213): include('D:\\Docs\\GitHub\\Techporia-main-2024\\techporia23-main\\app\\Views\\kompetisi\\submission.php')
 3 SYSTEMPATH\View\View.php(216): CodeIgniter\View\View->CodeIgniter\View\{closure}()
 4 SYSTEMPATH\Common.php(1184): CodeIgniter\View\View->render('kompetisi/submission', [], true)
 5 APPPATH\Controllers\UserController.php(294): view('kompetisi/submission', [...])
 6 SYSTEMPATH\CodeIgniter.php(934): App\Controllers\UserController->submission()
 7 SYSTEMPATH\CodeIgniter.php(499): CodeIgniter\CodeIgniter->runController(Object(App\Controllers\UserController))
 8 SYSTEMPATH\CodeIgniter.php(368): CodeIgniter\CodeIgniter->handleRequest(null, Object(Config\Cache), false)
 9 FCPATH\index.php(67): CodeIgniter\CodeIgniter->run()
10 SYSTEMPATH\Commands\Server\rewrite.php(47): require_once('D:\\Docs\\GitHub\\Techporia-main-2024\\techporia23-main\\public\\index.php')
CRITICAL - 2024-07-29 20:20:40 --> Undefined array key "group_denied"
in VENDORPATH\codeigniter4\shield\src\Config\Auth.php on line 495.
 1 VENDORPATH\codeigniter4\shield\src\Config\Auth.php(495): CodeIgniter\Debug\Exceptions->errorHandler(2, 'Undefined array key "group_denied"', 'D:\\Docs\\GitHub\\Techporia-main-2024\\techporia23-main\\vendor\\codeigniter4\\shield\\src\\Config\\Auth.php', 495)
 2 VENDORPATH\codeigniter4\shield\src\Filters\GroupFilter.php(37): CodeIgniter\Shield\Config\Auth->groupDeniedRedirect()
 3 VENDORPATH\codeigniter4\shield\src\Filters\AbstractAuthFilter.php(54): CodeIgniter\Shield\Filters\GroupFilter->redirectToDeniedUrl()
 4 SYSTEMPATH\Filters\Filters.php(173): CodeIgniter\Shield\Filters\AbstractAuthFilter->before(Object(CodeIgniter\HTTP\IncomingRequest), [...])
 5 SYSTEMPATH\CodeIgniter.php(473): CodeIgniter\Filters\Filters->run('admin/detail-tim/780323', 'before')
 6 SYSTEMPATH\CodeIgniter.php(368): CodeIgniter\CodeIgniter->handleRequest(null, Object(Config\Cache), false)
 7 FCPATH\index.php(67): CodeIgniter\CodeIgniter->run()
 8 SYSTEMPATH\Commands\Server\rewrite.php(47): require_once('D:\\Docs\\GitHub\\Techporia-main-2024\\techporia23-main\\public\\index.php')
CRITICAL - 2024-07-29 20:20:42 --> Undefined array key "group_denied"
in VENDORPATH\codeigniter4\shield\src\Config\Auth.php on line 495.
 1 VENDORPATH\codeigniter4\shield\src\Config\Auth.php(495): CodeIgniter\Debug\Exceptions->errorHandler(2, 'Undefined array key "group_denied"', 'D:\\Docs\\GitHub\\Techporia-main-2024\\techporia23-main\\vendor\\codeigniter4\\shield\\src\\Config\\Auth.php', 495)
 2 VENDORPATH\codeigniter4\shield\src\Filters\GroupFilter.php(37): CodeIgniter\Shield\Config\Auth->groupDeniedRedirect()
 3 VENDORPATH\codeigniter4\shield\src\Filters\AbstractAuthFilter.php(54): CodeIgniter\Shield\Filters\GroupFilter->redirectToDeniedUrl()
 4 SYSTEMPATH\Filters\Filters.php(173): CodeIgniter\Shield\Filters\AbstractAuthFilter->before(Object(CodeIgniter\HTTP\IncomingRequest), [...])
 5 SYSTEMPATH\CodeIgniter.php(473): CodeIgniter\Filters\Filters->run('admin/detail-tim/780323', 'before')
 6 SYSTEMPATH\CodeIgniter.php(368): CodeIgniter\CodeIgniter->handleRequest(null, Object(Config\Cache), false)
 7 FCPATH\index.php(67): CodeIgniter\CodeIgniter->run()
 8 SYSTEMPATH\Commands\Server\rewrite.php(47): require_once('D:\\Docs\\GitHub\\Techporia-main-2024\\techporia23-main\\public\\index.php')
CRITICAL - 2024-07-29 20:21:00 --> Trying to access array offset on value of type null
in APPPATH\Views\admin\detail_tim.php on line 40.
 1 APPPATH\Views\admin\detail_tim.php(40): CodeIgniter\Debug\Exceptions->errorHandler(2, 'Trying to access array offset on value of type null', 'D:\\Docs\\GitHub\\Techporia-main-2024\\techporia23-main\\app\\Views\\admin\\detail_tim.php', 40)
 2 SYSTEMPATH\View\View.php(213): include('D:\\Docs\\GitHub\\Techporia-main-2024\\techporia23-main\\app\\Views\\admin\\detail_tim.php')
 3 SYSTEMPATH\View\View.php(216): CodeIgniter\View\View->CodeIgniter\View\{closure}()
 4 SYSTEMPATH\Common.php(1184): CodeIgniter\View\View->render('admin/detail_tim', [], true)
 5 APPPATH\Controllers\AdminController.php(184): view('admin/detail_tim', [...])
 6 SYSTEMPATH\CodeIgniter.php(934): App\Controllers\AdminController->detailTim('958473')
 7 SYSTEMPATH\CodeIgniter.php(499): CodeIgniter\CodeIgniter->runController(Object(App\Controllers\AdminController))
 8 SYSTEMPATH\CodeIgniter.php(368): CodeIgniter\CodeIgniter->handleRequest(null, Object(Config\Cache), false)
 9 FCPATH\index.php(67): CodeIgniter\CodeIgniter->run()
10 SYSTEMPATH\Commands\Server\rewrite.php(47): require_once('D:\\Docs\\GitHub\\Techporia-main-2024\\techporia23-main\\public\\index.php')
CRITICAL - 2024-07-29 20:23:31 --> Undefined array key "group_denied"
in VENDORPATH\codeigniter4\shield\src\Config\Auth.php on line 495.
 1 VENDORPATH\codeigniter4\shield\src\Config\Auth.php(495): CodeIgniter\Debug\Exceptions->errorHandler(2, 'Undefined array key "group_denied"', 'D:\\Docs\\GitHub\\Techporia-main-2024\\techporia23-main\\vendor\\codeigniter4\\shield\\src\\Config\\Auth.php', 495)
 2 VENDORPATH\codeigniter4\shield\src\Filters\GroupFilter.php(37): CodeIgniter\Shield\Config\Auth->groupDeniedRedirect()
 3 VENDORPATH\codeigniter4\shield\src\Filters\AbstractAuthFilter.php(54): CodeIgniter\Shield\Filters\GroupFilter->redirectToDeniedUrl()
 4 SYSTEMPATH\Filters\Filters.php(173): CodeIgniter\Shield\Filters\AbstractAuthFilter->before(Object(CodeIgniter\HTTP\IncomingRequest), [...])
 5 SYSTEMPATH\CodeIgniter.php(473): CodeIgniter\Filters\Filters->run('admin/dashboard', 'before')
 6 SYSTEMPATH\CodeIgniter.php(368): CodeIgniter\CodeIgniter->handleRequest(null, Object(Config\Cache), false)
 7 FCPATH\index.php(67): CodeIgniter\CodeIgniter->run()
 8 SYSTEMPATH\Commands\Server\rewrite.php(47): require_once('D:\\Docs\\GitHub\\Techporia-main-2024\\techporia23-main\\public\\index.php')
CRITICAL - 2024-07-29 20:23:33 --> Undefined array key "group_denied"
in VENDORPATH\codeigniter4\shield\src\Config\Auth.php on line 495.
 1 VENDORPATH\codeigniter4\shield\src\Config\Auth.php(495): CodeIgniter\Debug\Exceptions->errorHandler(2, 'Undefined array key "group_denied"', 'D:\\Docs\\GitHub\\Techporia-main-2024\\techporia23-main\\vendor\\codeigniter4\\shield\\src\\Config\\Auth.php', 495)
 2 VENDORPATH\codeigniter4\shield\src\Filters\GroupFilter.php(37): CodeIgniter\Shield\Config\Auth->groupDeniedRedirect()
 3 VENDORPATH\codeigniter4\shield\src\Filters\AbstractAuthFilter.php(54): CodeIgniter\Shield\Filters\GroupFilter->redirectToDeniedUrl()
 4 SYSTEMPATH\Filters\Filters.php(173): CodeIgniter\Shield\Filters\AbstractAuthFilter->before(Object(CodeIgniter\HTTP\IncomingRequest), [...])
 5 SYSTEMPATH\CodeIgniter.php(473): CodeIgniter\Filters\Filters->run('admin/detail-tim/780323', 'before')
 6 SYSTEMPATH\CodeIgniter.php(368): CodeIgniter\CodeIgniter->handleRequest(null, Object(Config\Cache), false)
 7 FCPATH\index.php(67): CodeIgniter\CodeIgniter->run()
 8 SYSTEMPATH\Commands\Server\rewrite.php(47): require_once('D:\\Docs\\GitHub\\Techporia-main-2024\\techporia23-main\\public\\index.php')
CRITICAL - 2024-07-29 20:24:11 --> Trying to access array offset on value of type null
in APPPATH\Views\admin\detail_tim.php on line 40.
 1 APPPATH\Views\admin\detail_tim.php(40): CodeIgniter\Debug\Exceptions->errorHandler(2, 'Trying to access array offset on value of type null', 'D:\\Docs\\GitHub\\Techporia-main-2024\\techporia23-main\\app\\Views\\admin\\detail_tim.php', 40)
 2 SYSTEMPATH\View\View.php(213): include('D:\\Docs\\GitHub\\Techporia-main-2024\\techporia23-main\\app\\Views\\admin\\detail_tim.php')
 3 SYSTEMPATH\View\View.php(216): CodeIgniter\View\View->CodeIgniter\View\{closure}()
 4 SYSTEMPATH\Common.php(1184): CodeIgniter\View\View->render('admin/detail_tim', [], true)
 5 APPPATH\Controllers\AdminController.php(184): view('admin/detail_tim', [...])
 6 SYSTEMPATH\CodeIgniter.php(934): App\Controllers\AdminController->detailTim('8a9bce')
 7 SYSTEMPATH\CodeIgniter.php(499): CodeIgniter\CodeIgniter->runController(Object(App\Controllers\AdminController))
 8 SYSTEMPATH\CodeIgniter.php(368): CodeIgniter\CodeIgniter->handleRequest(null, Object(Config\Cache), false)
 9 FCPATH\index.php(67): CodeIgniter\CodeIgniter->run()
10 SYSTEMPATH\Commands\Server\rewrite.php(47): require_once('D:\\Docs\\GitHub\\Techporia-main-2024\\techporia23-main\\public\\index.php')
CRITICAL - 2024-07-29 20:24:13 --> Trying to access array offset on value of type null
in APPPATH\Views\admin\detail_tim.php on line 40.
 1 APPPATH\Views\admin\detail_tim.php(40): CodeIgniter\Debug\Exceptions->errorHandler(2, 'Trying to access array offset on value of type null', 'D:\\Docs\\GitHub\\Techporia-main-2024\\techporia23-main\\app\\Views\\admin\\detail_tim.php', 40)
 2 SYSTEMPATH\View\View.php(213): include('D:\\Docs\\GitHub\\Techporia-main-2024\\techporia23-main\\app\\Views\\admin\\detail_tim.php')
 3 SYSTEMPATH\View\View.php(216): CodeIgniter\View\View->CodeIgniter\View\{closure}()
 4 SYSTEMPATH\Common.php(1184): CodeIgniter\View\View->render('admin/detail_tim', [], true)
 5 APPPATH\Controllers\AdminController.php(184): view('admin/detail_tim', [...])
 6 SYSTEMPATH\CodeIgniter.php(934): App\Controllers\AdminController->detailTim('a2c184')
 7 SYSTEMPATH\CodeIgniter.php(499): CodeIgniter\CodeIgniter->runController(Object(App\Controllers\AdminController))
 8 SYSTEMPATH\CodeIgniter.php(368): CodeIgniter\CodeIgniter->handleRequest(null, Object(Config\Cache), false)
 9 FCPATH\index.php(67): CodeIgniter\CodeIgniter->run()
10 SYSTEMPATH\Commands\Server\rewrite.php(47): require_once('D:\\Docs\\GitHub\\Techporia-main-2024\\techporia23-main\\public\\index.php')
CRITICAL - 2024-07-29 20:26:32 --> Trying to access array offset on value of type null
in APPPATH\Views\admin\detail_tim.php on line 40.
 1 APPPATH\Views\admin\detail_tim.php(40): CodeIgniter\Debug\Exceptions->errorHandler(2, 'Trying to access array offset on value of type null', 'D:\\Docs\\GitHub\\Techporia-main-2024\\techporia23-main\\app\\Views\\admin\\detail_tim.php', 40)
 2 SYSTEMPATH\View\View.php(213): include('D:\\Docs\\GitHub\\Techporia-main-2024\\techporia23-main\\app\\Views\\admin\\detail_tim.php')
 3 SYSTEMPATH\View\View.php(216): CodeIgniter\View\View->CodeIgniter\View\{closure}()
 4 SYSTEMPATH\Common.php(1184): CodeIgniter\View\View->render('admin/detail_tim', [], true)
 5 APPPATH\Controllers\AdminController.php(184): view('admin/detail_tim', [...])
 6 SYSTEMPATH\CodeIgniter.php(934): App\Controllers\AdminController->detailTim('958473')
 7 SYSTEMPATH\CodeIgniter.php(499): CodeIgniter\CodeIgniter->runController(Object(App\Controllers\AdminController))
 8 SYSTEMPATH\CodeIgniter.php(368): CodeIgniter\CodeIgniter->handleRequest(null, Object(Config\Cache), false)
 9 FCPATH\index.php(67): CodeIgniter\CodeIgniter->run()
10 SYSTEMPATH\Commands\Server\rewrite.php(47): require_once('D:\\Docs\\GitHub\\Techporia-main-2024\\techporia23-main\\public\\index.php')
CRITICAL - 2024-07-29 20:49:07 --> Undefined array key "group_denied"
in VENDORPATH\codeigniter4\shield\src\Config\Auth.php on line 495.
 1 VENDORPATH\codeigniter4\shield\src\Config\Auth.php(495): CodeIgniter\Debug\Exceptions->errorHandler(2, 'Undefined array key "group_denied"', 'D:\\Docs\\GitHub\\Techporia-main-2024\\techporia23-main\\vendor\\codeigniter4\\shield\\src\\Config\\Auth.php', 495)
 2 VENDORPATH\codeigniter4\shield\src\Filters\GroupFilter.php(37): CodeIgniter\Shield\Config\Auth->groupDeniedRedirect()
 3 VENDORPATH\codeigniter4\shield\src\Filters\AbstractAuthFilter.php(54): CodeIgniter\Shield\Filters\GroupFilter->redirectToDeniedUrl()
 4 SYSTEMPATH\Filters\Filters.php(173): CodeIgniter\Shield\Filters\AbstractAuthFilter->before(Object(CodeIgniter\HTTP\IncomingRequest), [...])
 5 SYSTEMPATH\CodeIgniter.php(473): CodeIgniter\Filters\Filters->run('admin/detail-tim/780323', 'before')
 6 SYSTEMPATH\CodeIgniter.php(368): CodeIgniter\CodeIgniter->handleRequest(null, Object(Config\Cache), false)
 7 FCPATH\index.php(67): CodeIgniter\CodeIgniter->run()
 8 SYSTEMPATH\Commands\Server\rewrite.php(47): require_once('D:\\Docs\\GitHub\\Techporia-main-2024\\techporia23-main\\public\\index.php')
