ERROR - 2024-06-21 20:39:34 --> Error connecting to the database: mysqli_sql_exception: No connection could be made because the target machine actively refused it in D:\Desktop\techporia23-main\vendor\codeigniter4\framework\system\Database\MySQLi\Connection.php:173
Stack trace:
#0 D:\Desktop\techporia23-main\vendor\codeigniter4\framework\system\Database\MySQLi\Connection.php(173): mysqli->real_connect('localhost', 'root', Object(SensitiveParameterValue), 'techpodb_23', 3306, '', 0)
#1 D:\Desktop\techporia23-main\vendor\codeigniter4\framework\system\Database\BaseConnection.php(391): CodeIgniter\Database\MySQLi\Connection->connect(false)
#2 D:\Desktop\techporia23-main\vendor\codeigniter4\framework\system\Database\BaseConnection.php(574): CodeIgniter\Database\BaseConnection->initialize()
#3 D:\Desktop\techporia23-main\vendor\codeigniter4\framework\system\Database\BaseBuilder.php(1616): CodeIgniter\Database\BaseConnection->query('SELECT *\nFROM `...', Array, false)
#4 D:\Desktop\techporia23-main\vendor\codeigniter4\settings\src\Handlers\DatabaseHandler.php(186): CodeIgniter\Database\BaseBuilder->get()
#5 D:\Desktop\techporia23-main\vendor\codeigniter4\settings\src\Handlers\DatabaseHandler.php(51): CodeIgniter\Settings\Handlers\DatabaseHandler->hydrate(NULL)
#6 D:\Desktop\techporia23-main\vendor\codeigniter4\settings\src\Settings.php(59): CodeIgniter\Settings\Handlers\DatabaseHandler->has('Config\\Auth', 'sessionConfig', NULL)
#7 D:\Desktop\techporia23-main\vendor\codeigniter4\settings\src\Helpers\setting_helper.php(25): CodeIgniter\Settings\Settings->get('Auth.sessionCon...')
#8 D:\Desktop\techporia23-main\vendor\codeigniter4\shield\src\Authentication\Authenticators\Session.php(685): setting('Auth.sessionCon...')
#9 D:\Desktop\techporia23-main\vendor\codeigniter4\shield\src\Authentication\Authenticators\Session.php(703): CodeIgniter\Shield\Authentication\Authenticators\Session->getSessionUserInfo()
#10 D:\Desktop\techporia23-main\vendor\codeigniter4\shield\src\Authentication\Authenticators\Session.php(390): CodeIgniter\Shield\Authentication\Authenticators\Session->getSessionKey('id')
#11 D:\Desktop\techporia23-main\vendor\codeigniter4\shield\src\Authentication\Authenticators\Session.php(374): CodeIgniter\Shield\Authentication\Authenticators\Session->checkUserState()
#12 D:\Desktop\techporia23-main\vendor\codeigniter4\shield\src\Auth.php(191): CodeIgniter\Shield\Authentication\Authenticators\Session->loggedIn()
#13 D:\Desktop\techporia23-main\app\Views\layout\header.php(47): CodeIgniter\Shield\Auth->__call('loggedIn', Array)
#14 D:\Desktop\techporia23-main\vendor\codeigniter4\framework\system\View\View.php(213): include('D:\\Desktop\\tech...')
#15 D:\Desktop\techporia23-main\vendor\codeigniter4\framework\system\View\View.php(216): CodeIgniter\View\View->CodeIgniter\View\{closure}()
#16 D:\Desktop\techporia23-main\vendor\codeigniter4\framework\system\View\View.php(431): CodeIgniter\View\View->render('layout/header', NULL, true)
#17 D:\Desktop\techporia23-main\app\Views\layout\master_layout.php(17): CodeIgniter\View\View->include('layout/header')
#18 D:\Desktop\techporia23-main\vendor\codeigniter4\framework\system\View\View.php(213): include('D:\\Desktop\\tech...')
#19 D:\Desktop\techporia23-main\vendor\codeigniter4\framework\system\View\View.php(216): CodeIgniter\View\View->CodeIgniter\View\{closure}()
#20 D:\Desktop\techporia23-main\vendor\codeigniter4\framework\system\View\View.php(229): CodeIgniter\View\View->render('layout/master_l...', Array, true)
#21 D:\Desktop\techporia23-main\vendor\codeigniter4\framework\system\Common.php(1184): CodeIgniter\View\View->render('main', Array, true)
#22 D:\Desktop\techporia23-main\app\Controllers\MainController.php(16): view('main')
#23 D:\Desktop\techporia23-main\vendor\codeigniter4\framework\system\CodeIgniter.php(934): App\Controllers\MainController->index()
#24 D:\Desktop\techporia23-main\vendor\codeigniter4\framework\system\CodeIgniter.php(499): CodeIgniter\CodeIgniter->runController(Object(App\Controllers\MainController))
#25 D:\Desktop\techporia23-main\vendor\codeigniter4\framework\system\CodeIgniter.php(368): CodeIgniter\CodeIgniter->handleRequest(NULL, Object(Config\Cache), false)
#26 D:\Desktop\techporia23-main\public\index.php(67): CodeIgniter\CodeIgniter->run()
#27 D:\Desktop\techporia23-main\vendor\codeigniter4\framework\system\Commands\Server\rewrite.php(47): require_once('D:\\Desktop\\tech...')
#28 {main}

Next CodeIgniter\Database\Exceptions\DatabaseException: No connection could be made because the target machine actively refused it in D:\Desktop\techporia23-main\vendor\codeigniter4\framework\system\Database\MySQLi\Connection.php:218
Stack trace:
#0 D:\Desktop\techporia23-main\vendor\codeigniter4\framework\system\Database\BaseConnection.php(391): CodeIgniter\Database\MySQLi\Connection->connect(false)
#1 D:\Desktop\techporia23-main\vendor\codeigniter4\framework\system\Database\BaseConnection.php(574): CodeIgniter\Database\BaseConnection->initialize()
#2 D:\Desktop\techporia23-main\vendor\codeigniter4\framework\system\Database\BaseBuilder.php(1616): CodeIgniter\Database\BaseConnection->query('SELECT *\nFROM `...', Array, false)
#3 D:\Desktop\techporia23-main\vendor\codeigniter4\settings\src\Handlers\DatabaseHandler.php(186): CodeIgniter\Database\BaseBuilder->get()
#4 D:\Desktop\techporia23-main\vendor\codeigniter4\settings\src\Handlers\DatabaseHandler.php(51): CodeIgniter\Settings\Handlers\DatabaseHandler->hydrate(NULL)
#5 D:\Desktop\techporia23-main\vendor\codeigniter4\settings\src\Settings.php(59): CodeIgniter\Settings\Handlers\DatabaseHandler->has('Config\\Auth', 'sessionConfig', NULL)
#6 D:\Desktop\techporia23-main\vendor\codeigniter4\settings\src\Helpers\setting_helper.php(25): CodeIgniter\Settings\Settings->get('Auth.sessionCon...')
#7 D:\Desktop\techporia23-main\vendor\codeigniter4\shield\src\Authentication\Authenticators\Session.php(685): setting('Auth.sessionCon...')
#8 D:\Desktop\techporia23-main\vendor\codeigniter4\shield\src\Authentication\Authenticators\Session.php(703): CodeIgniter\Shield\Authentication\Authenticators\Session->getSessionUserInfo()
#9 D:\Desktop\techporia23-main\vendor\codeigniter4\shield\src\Authentication\Authenticators\Session.php(390): CodeIgniter\Shield\Authentication\Authenticators\Session->getSessionKey('id')
#10 D:\Desktop\techporia23-main\vendor\codeigniter4\shield\src\Authentication\Authenticators\Session.php(374): CodeIgniter\Shield\Authentication\Authenticators\Session->checkUserState()
#11 D:\Desktop\techporia23-main\vendor\codeigniter4\shield\src\Auth.php(191): CodeIgniter\Shield\Authentication\Authenticators\Session->loggedIn()
#12 D:\Desktop\techporia23-main\app\Views\layout\header.php(47): CodeIgniter\Shield\Auth->__call('loggedIn', Array)
#13 D:\Desktop\techporia23-main\vendor\codeigniter4\framework\system\View\View.php(213): include('D:\\Desktop\\tech...')
#14 D:\Desktop\techporia23-main\vendor\codeigniter4\framework\system\View\View.php(216): CodeIgniter\View\View->CodeIgniter\View\{closure}()
#15 D:\Desktop\techporia23-main\vendor\codeigniter4\framework\system\View\View.php(431): CodeIgniter\View\View->render('layout/header', NULL, true)
#16 D:\Desktop\techporia23-main\app\Views\layout\master_layout.php(17): CodeIgniter\View\View->include('layout/header')
#17 D:\Desktop\techporia23-main\vendor\codeigniter4\framework\system\View\View.php(213): include('D:\\Desktop\\tech...')
#18 D:\Desktop\techporia23-main\vendor\codeigniter4\framework\system\View\View.php(216): CodeIgniter\View\View->CodeIgniter\View\{closure}()
#19 D:\Desktop\techporia23-main\vendor\codeigniter4\framework\system\View\View.php(229): CodeIgniter\View\View->render('layout/master_l...', Array, true)
#20 D:\Desktop\techporia23-main\vendor\codeigniter4\framework\system\Common.php(1184): CodeIgniter\View\View->render('main', Array, true)
#21 D:\Desktop\techporia23-main\app\Controllers\MainController.php(16): view('main')
#22 D:\Desktop\techporia23-main\vendor\codeigniter4\framework\system\CodeIgniter.php(934): App\Controllers\MainController->index()
#23 D:\Desktop\techporia23-main\vendor\codeigniter4\framework\system\CodeIgniter.php(499): CodeIgniter\CodeIgniter->runController(Object(App\Controllers\MainController))
#24 D:\Desktop\techporia23-main\vendor\codeigniter4\framework\system\CodeIgniter.php(368): CodeIgniter\CodeIgniter->handleRequest(NULL, Object(Config\Cache), false)
#25 D:\Desktop\techporia23-main\public\index.php(67): CodeIgniter\CodeIgniter->run()
#26 D:\Desktop\techporia23-main\vendor\codeigniter4\framework\system\Commands\Server\rewrite.php(47): require_once('D:\\Desktop\\tech...')
#27 {main}
CRITICAL - 2024-06-21 20:39:34 --> Unable to connect to the database.
Main connection [MySQLi]: No connection could be made because the target machine actively refused it
in SYSTEMPATH\Database\BaseConnection.php on line 427.
 1 SYSTEMPATH\Database\BaseConnection.php(574): CodeIgniter\Database\BaseConnection->initialize()
 2 SYSTEMPATH\Database\BaseBuilder.php(1616): CodeIgniter\Database\BaseConnection->query('SELECT *
FROM `settings`
WHERE `context` IS NULL', [], false)
 3 VENDORPATH\codeigniter4\settings\src\Handlers\DatabaseHandler.php(186): CodeIgniter\Database\BaseBuilder->get()
 4 VENDORPATH\codeigniter4\settings\src\Handlers\DatabaseHandler.php(51): CodeIgniter\Settings\Handlers\DatabaseHandler->hydrate(null)
 5 VENDORPATH\codeigniter4\settings\src\Settings.php(59): CodeIgniter\Settings\Handlers\DatabaseHandler->has('Config\\Auth', 'sessionConfig', null)
 6 VENDORPATH\codeigniter4\settings\src\Helpers\setting_helper.php(25): CodeIgniter\Settings\Settings->get('Auth.sessionConfig')
 7 VENDORPATH\codeigniter4\shield\src\Authentication\Authenticators\Session.php(685): setting('Auth.sessionConfig')
 8 VENDORPATH\codeigniter4\shield\src\Authentication\Authenticators\Session.php(703): CodeIgniter\Shield\Authentication\Authenticators\Session->getSessionUserInfo()
 9 VENDORPATH\codeigniter4\shield\src\Authentication\Authenticators\Session.php(390): CodeIgniter\Shield\Authentication\Authenticators\Session->getSessionKey('id')
10 VENDORPATH\codeigniter4\shield\src\Authentication\Authenticators\Session.php(374): CodeIgniter\Shield\Authentication\Authenticators\Session->checkUserState()
11 VENDORPATH\codeigniter4\shield\src\Auth.php(191): CodeIgniter\Shield\Authentication\Authenticators\Session->loggedIn()
12 APPPATH\Views\layout\header.php(47): CodeIgniter\Shield\Auth->__call('loggedIn', [])
13 SYSTEMPATH\View\View.php(213): include('D:\\Desktop\\techporia23-main\\app\\Views\\layout\\header.php')
14 SYSTEMPATH\View\View.php(216): CodeIgniter\View\View->CodeIgniter\View\{closure}()
15 SYSTEMPATH\View\View.php(431): CodeIgniter\View\View->render('layout/header', null, true)
16 APPPATH\Views\layout\master_layout.php(17): CodeIgniter\View\View->include('layout/header')
17 SYSTEMPATH\View\View.php(213): include('D:\\Desktop\\techporia23-main\\app\\Views\\layout\\master_layout.php')
18 SYSTEMPATH\View\View.php(216): CodeIgniter\View\View->CodeIgniter\View\{closure}()
19 SYSTEMPATH\View\View.php(229): CodeIgniter\View\View->render('layout/master_layout', [], true)
20 SYSTEMPATH\Common.php(1184): CodeIgniter\View\View->render('main', [], true)
21 APPPATH\Controllers\MainController.php(16): view('main')
22 SYSTEMPATH\CodeIgniter.php(934): App\Controllers\MainController->index()
23 SYSTEMPATH\CodeIgniter.php(499): CodeIgniter\CodeIgniter->runController(Object(App\Controllers\MainController))
24 SYSTEMPATH\CodeIgniter.php(368): CodeIgniter\CodeIgniter->handleRequest(null, Object(Config\Cache), false)
25 FCPATH\index.php(67): CodeIgniter\CodeIgniter->run()
26 SYSTEMPATH\Commands\Server\rewrite.php(47): require_once('D:\\Desktop\\techporia23-main\\public\\index.php')
CRITICAL - 2024-06-21 21:52:01 --> Invalid file: "kompetisi/competitive-programing.php"
in SYSTEMPATH\Exceptions\FrameworkException.php on line 33.
 1 SYSTEMPATH\View\View.php(201): CodeIgniter\Exceptions\FrameworkException::forInvalidFile('kompetisi/competitive-programing.php')
 2 SYSTEMPATH\Common.php(1184): CodeIgniter\View\View->render('kompetisi/competitive-programing', [], true)
 3 APPPATH\Controllers\MainController.php(78): view('kompetisi/competitive-programing', [...])
 4 SYSTEMPATH\CodeIgniter.php(934): App\Controllers\MainController->kompetisi('competitive-programing')
 5 SYSTEMPATH\CodeIgniter.php(499): CodeIgniter\CodeIgniter->runController(Object(App\Controllers\MainController))
 6 SYSTEMPATH\CodeIgniter.php(368): CodeIgniter\CodeIgniter->handleRequest(null, Object(Config\Cache), false)
 7 FCPATH\index.php(67): CodeIgniter\CodeIgniter->run()
 8 SYSTEMPATH\Commands\Server\rewrite.php(47): require_once('D:\\Desktop\\techporia23-main\\public\\index.php')
