ERROR - 2024-07-18 05:21:50 --> Error connecting to the database: mysqli_sql_exception: Unknown database 'techpodb_23' in C:\Users\user\Documents\GitHub\Techporia-main-2024\techporia23-main\vendor\codeigniter4\framework\system\Database\MySQLi\Connection.php:173
Stack trace:
#0 C:\Users\user\Documents\GitHub\Techporia-main-2024\techporia23-main\vendor\codeigniter4\framework\system\Database\MySQLi\Connection.php(173): mysqli->real_connect('localhost', 'root', Object(SensitiveParameterValue), 'techpodb_23', 3306, '', 0)
#1 C:\Users\user\Documents\GitHub\Techporia-main-2024\techporia23-main\vendor\codeigniter4\framework\system\Database\BaseConnection.php(391): CodeIgniter\Database\MySQLi\Connection->connect(false)
#2 C:\Users\user\Documents\GitHub\Techporia-main-2024\techporia23-main\vendor\codeigniter4\framework\system\Database\BaseConnection.php(574): CodeIgniter\Database\BaseConnection->initialize()
#3 C:\Users\user\Documents\GitHub\Techporia-main-2024\techporia23-main\vendor\codeigniter4\framework\system\Database\BaseConnection.php(1409): CodeIgniter\Database\BaseConnection->query('SHOW TABLES FRO...')
#4 C:\Users\user\Documents\GitHub\Techporia-main-2024\techporia23-main\vendor\codeigniter4\framework\system\Database\BaseConnection.php(1428): CodeIgniter\Database\BaseConnection->listTables()
#5 C:\Users\user\Documents\GitHub\Techporia-main-2024\techporia23-main\vendor\codeigniter4\framework\system\Database\MigrationRunner.php(768): CodeIgniter\Database\BaseConnection->tableExists('migrations')
#6 C:\Users\user\Documents\GitHub\Techporia-main-2024\techporia23-main\vendor\codeigniter4\framework\system\Database\MigrationRunner.php(168): CodeIgniter\Database\MigrationRunner->ensureTable()
#7 C:\Users\user\Documents\GitHub\Techporia-main-2024\techporia23-main\vendor\codeigniter4\framework\system\Commands\Database\Migrate.php(84): CodeIgniter\Database\MigrationRunner->latest(NULL)
#8 C:\Users\user\Documents\GitHub\Techporia-main-2024\techporia23-main\vendor\codeigniter4\framework\system\CLI\Commands.php(65): CodeIgniter\Commands\Database\Migrate->run(Array)
#9 C:\Users\user\Documents\GitHub\Techporia-main-2024\techporia23-main\vendor\codeigniter4\framework\system\CLI\Console.php(37): CodeIgniter\CLI\Commands->run('migrate', Array)
#10 C:\Users\user\Documents\GitHub\Techporia-main-2024\techporia23-main\spark(97): CodeIgniter\CLI\Console->run()
#11 {main}

Next CodeIgniter\Database\Exceptions\DatabaseException: Unknown database 'techpodb_23' in C:\Users\user\Documents\GitHub\Techporia-main-2024\techporia23-main\vendor\codeigniter4\framework\system\Database\MySQLi\Connection.php:218
Stack trace:
#0 C:\Users\user\Documents\GitHub\Techporia-main-2024\techporia23-main\vendor\codeigniter4\framework\system\Database\BaseConnection.php(391): CodeIgniter\Database\MySQLi\Connection->connect(false)
#1 C:\Users\user\Documents\GitHub\Techporia-main-2024\techporia23-main\vendor\codeigniter4\framework\system\Database\BaseConnection.php(574): CodeIgniter\Database\BaseConnection->initialize()
#2 C:\Users\user\Documents\GitHub\Techporia-main-2024\techporia23-main\vendor\codeigniter4\framework\system\Database\BaseConnection.php(1409): CodeIgniter\Database\BaseConnection->query('SHOW TABLES FRO...')
#3 C:\Users\user\Documents\GitHub\Techporia-main-2024\techporia23-main\vendor\codeigniter4\framework\system\Database\BaseConnection.php(1428): CodeIgniter\Database\BaseConnection->listTables()
#4 C:\Users\user\Documents\GitHub\Techporia-main-2024\techporia23-main\vendor\codeigniter4\framework\system\Database\MigrationRunner.php(768): CodeIgniter\Database\BaseConnection->tableExists('migrations')
#5 C:\Users\user\Documents\GitHub\Techporia-main-2024\techporia23-main\vendor\codeigniter4\framework\system\Database\MigrationRunner.php(168): CodeIgniter\Database\MigrationRunner->ensureTable()
#6 C:\Users\user\Documents\GitHub\Techporia-main-2024\techporia23-main\vendor\codeigniter4\framework\system\Commands\Database\Migrate.php(84): CodeIgniter\Database\MigrationRunner->latest(NULL)
#7 C:\Users\user\Documents\GitHub\Techporia-main-2024\techporia23-main\vendor\codeigniter4\framework\system\CLI\Commands.php(65): CodeIgniter\Commands\Database\Migrate->run(Array)
#8 C:\Users\user\Documents\GitHub\Techporia-main-2024\techporia23-main\vendor\codeigniter4\framework\system\CLI\Console.php(37): CodeIgniter\CLI\Commands->run('migrate', Array)
#9 C:\Users\user\Documents\GitHub\Techporia-main-2024\techporia23-main\spark(97): CodeIgniter\CLI\Console->run()
#10 {main}
