CRITICAL - 2024-07-23 12:38:18 --> Class "Locale" not found
in SYSTEMPATH\CodeIgniter.php on line 194.
 1 ROOTPATH\spark(83): CodeIgniter\CodeIgniter->initialize()
CRITICAL - 2024-07-23 12:39:37 --> Class "Locale" not found
in SYSTEMPATH\CodeIgniter.php on line 194.
 1 ROOTPATH\spark(83): CodeIgniter\CodeIgniter->initialize()
CRITICAL - 2024-07-23 12:39:52 --> Class "Locale" not found
in SYSTEMPATH\CodeIgniter.php on line 194.
 1 ROOTPATH\spark(83): CodeIgniter\CodeIgniter->initialize()
ERROR - 2024-07-23 17:50:01 --> Error connecting to the database: mysqli_sql_exception: Unknown database 'techpodb_23' in C:\Users\FARREL\OneDrive\ドキュメント\GitHub\Techporia-main-2024\techporia23-main\vendor\codeigniter4\framework\system\Database\MySQLi\Connection.php:173
Stack trace:
#0 C:\Users\FARREL\OneDrive\ドキュメント\GitHub\Techporia-main-2024\techporia23-main\vendor\codeigniter4\framework\system\Database\MySQLi\Connection.php(173): mysqli->real_connect('localhost', 'root', Object(SensitiveParameterValue), 'techpodb_23', 3306, '', 0)
#1 C:\Users\FARREL\OneDrive\ドキュメント\GitHub\Techporia-main-2024\techporia23-main\vendor\codeigniter4\framework\system\Database\BaseConnection.php(391): CodeIgniter\Database\MySQLi\Connection->connect(false)
#2 C:\Users\FARREL\OneDrive\ドキュメント\GitHub\Techporia-main-2024\techporia23-main\vendor\codeigniter4\framework\system\Database\BaseConnection.php(574): CodeIgniter\Database\BaseConnection->initialize()
#3 C:\Users\FARREL\OneDrive\ドキュメント\GitHub\Techporia-main-2024\techporia23-main\vendor\codeigniter4\framework\system\Database\BaseBuilder.php(1616): CodeIgniter\Database\BaseConnection->query('SELECT *\nFROM `...', Array, false)
#4 C:\Users\FARREL\OneDrive\ドキュメント\GitHub\Techporia-main-2024\techporia23-main\vendor\codeigniter4\settings\src\Handlers\DatabaseHandler.php(186): CodeIgniter\Database\BaseBuilder->get()
#5 C:\Users\FARREL\OneDrive\ドキュメント\GitHub\Techporia-main-2024\techporia23-main\vendor\codeigniter4\settings\src\Handlers\DatabaseHandler.php(51): CodeIgniter\Settings\Handlers\DatabaseHandler->hydrate(NULL)
#6 C:\Users\FARREL\OneDrive\ドキュメント\GitHub\Techporia-main-2024\techporia23-main\vendor\codeigniter4\settings\src\Settings.php(59): CodeIgniter\Settings\Handlers\DatabaseHandler->has('Config\\Auth', 'sessionConfig', NULL)
#7 C:\Users\FARREL\OneDrive\ドキュメント\GitHub\Techporia-main-2024\techporia23-main\vendor\codeigniter4\settings\src\Helpers\setting_helper.php(25): CodeIgniter\Settings\Settings->get('Auth.sessionCon...')
#8 C:\Users\FARREL\OneDrive\ドキュメント\GitHub\Techporia-main-2024\techporia23-main\vendor\codeigniter4\shield\src\Authentication\Authenticators\Session.php(685): setting('Auth.sessionCon...')
#9 C:\Users\FARREL\OneDrive\ドキュメント\GitHub\Techporia-main-2024\techporia23-main\vendor\codeigniter4\shield\src\Authentication\Authenticators\Session.php(703): CodeIgniter\Shield\Authentication\Authenticators\Session->getSessionUserInfo()
#10 C:\Users\FARREL\OneDrive\ドキュメント\GitHub\Techporia-main-2024\techporia23-main\vendor\codeigniter4\shield\src\Authentication\Authenticators\Session.php(390): CodeIgniter\Shield\Authentication\Authenticators\Session->getSessionKey('id')
#11 C:\Users\FARREL\OneDrive\ドキュメント\GitHub\Techporia-main-2024\techporia23-main\vendor\codeigniter4\shield\src\Authentication\Authenticators\Session.php(374): CodeIgniter\Shield\Authentication\Authenticators\Session->checkUserState()
#12 C:\Users\FARREL\OneDrive\ドキュメント\GitHub\Techporia-main-2024\techporia23-main\vendor\codeigniter4\shield\src\Auth.php(191): CodeIgniter\Shield\Authentication\Authenticators\Session->loggedIn()
#13 C:\Users\FARREL\OneDrive\ドキュメント\GitHub\Techporia-main-2024\techporia23-main\app\Views\layout\header.php(71): CodeIgniter\Shield\Auth->__call('loggedIn', Array)
#14 C:\Users\FARREL\OneDrive\ドキュメント\GitHub\Techporia-main-2024\techporia23-main\vendor\codeigniter4\framework\system\View\View.php(213): include('C:\\Users\\FARREL...')
#15 C:\Users\FARREL\OneDrive\ドキュメント\GitHub\Techporia-main-2024\techporia23-main\vendor\codeigniter4\framework\system\View\View.php(216): CodeIgniter\View\View->CodeIgniter\View\{closure}()
#16 C:\Users\FARREL\OneDrive\ドキュメント\GitHub\Techporia-main-2024\techporia23-main\vendor\codeigniter4\framework\system\View\View.php(431): CodeIgniter\View\View->render('layout/header', NULL, true)
#17 C:\Users\FARREL\OneDrive\ドキュメント\GitHub\Techporia-main-2024\techporia23-main\app\Views\layout\master_layout.php(17): CodeIgniter\View\View->include('layout/header')
#18 C:\Users\FARREL\OneDrive\ドキュメント\GitHub\Techporia-main-2024\techporia23-main\vendor\codeigniter4\framework\system\View\View.php(213): include('C:\\Users\\FARREL...')
#19 C:\Users\FARREL\OneDrive\ドキュメント\GitHub\Techporia-main-2024\techporia23-main\vendor\codeigniter4\framework\system\View\View.php(216): CodeIgniter\View\View->CodeIgniter\View\{closure}()
#20 C:\Users\FARREL\OneDrive\ドキュメント\GitHub\Techporia-main-2024\techporia23-main\vendor\codeigniter4\framework\system\View\View.php(229): CodeIgniter\View\View->render('layout/master_l...', Array, true)
#21 C:\Users\FARREL\OneDrive\ドキュメント\GitHub\Techporia-main-2024\techporia23-main\vendor\codeigniter4\framework\system\Common.php(1184): CodeIgniter\View\View->render('main', Array, true)
#22 C:\Users\FARREL\OneDrive\ドキュメント\GitHub\Techporia-main-2024\techporia23-main\app\Controllers\MainController.php(16): view('main')
#23 C:\Users\FARREL\OneDrive\ドキュメント\GitHub\Techporia-main-2024\techporia23-main\vendor\codeigniter4\framework\system\CodeIgniter.php(934): App\Controllers\MainController->index()
#24 C:\Users\FARREL\OneDrive\ドキュメント\GitHub\Techporia-main-2024\techporia23-main\vendor\codeigniter4\framework\system\CodeIgniter.php(499): CodeIgniter\CodeIgniter->runController(Object(App\Controllers\MainController))
#25 C:\Users\FARREL\OneDrive\ドキュメント\GitHub\Techporia-main-2024\techporia23-main\vendor\codeigniter4\framework\system\CodeIgniter.php(368): CodeIgniter\CodeIgniter->handleRequest(NULL, Object(Config\Cache), false)
#26 C:\Users\FARREL\OneDrive\ドキュメント\GitHub\Techporia-main-2024\techporia23-main\public\index.php(67): CodeIgniter\CodeIgniter->run()
#27 C:\Users\FARREL\OneDrive\ドキュメント\GitHub\Techporia-main-2024\techporia23-main\vendor\codeigniter4\framework\system\Commands\Server\rewrite.php(47): require_once('C:\\Users\\FARREL...')
#28 {main}

Next CodeIgniter\Database\Exceptions\DatabaseException: Unknown database 'techpodb_23' in C:\Users\FARREL\OneDrive\ドキュメント\GitHub\Techporia-main-2024\techporia23-main\vendor\codeigniter4\framework\system\Database\MySQLi\Connection.php:218
Stack trace:
#0 C:\Users\FARREL\OneDrive\ドキュメント\GitHub\Techporia-main-2024\techporia23-main\vendor\codeigniter4\framework\system\Database\BaseConnection.php(391): CodeIgniter\Database\MySQLi\Connection->connect(false)
#1 C:\Users\FARREL\OneDrive\ドキュメント\GitHub\Techporia-main-2024\techporia23-main\vendor\codeigniter4\framework\system\Database\BaseConnection.php(574): CodeIgniter\Database\BaseConnection->initialize()
#2 C:\Users\FARREL\OneDrive\ドキュメント\GitHub\Techporia-main-2024\techporia23-main\vendor\codeigniter4\framework\system\Database\BaseBuilder.php(1616): CodeIgniter\Database\BaseConnection->query('SELECT *\nFROM `...', Array, false)
#3 C:\Users\FARREL\OneDrive\ドキュメント\GitHub\Techporia-main-2024\techporia23-main\vendor\codeigniter4\settings\src\Handlers\DatabaseHandler.php(186): CodeIgniter\Database\BaseBuilder->get()
#4 C:\Users\FARREL\OneDrive\ドキュメント\GitHub\Techporia-main-2024\techporia23-main\vendor\codeigniter4\settings\src\Handlers\DatabaseHandler.php(51): CodeIgniter\Settings\Handlers\DatabaseHandler->hydrate(NULL)
#5 C:\Users\FARREL\OneDrive\ドキュメント\GitHub\Techporia-main-2024\techporia23-main\vendor\codeigniter4\settings\src\Settings.php(59): CodeIgniter\Settings\Handlers\DatabaseHandler->has('Config\\Auth', 'sessionConfig', NULL)
#6 C:\Users\FARREL\OneDrive\ドキュメント\GitHub\Techporia-main-2024\techporia23-main\vendor\codeigniter4\settings\src\Helpers\setting_helper.php(25): CodeIgniter\Settings\Settings->get('Auth.sessionCon...')
#7 C:\Users\FARREL\OneDrive\ドキュメント\GitHub\Techporia-main-2024\techporia23-main\vendor\codeigniter4\shield\src\Authentication\Authenticators\Session.php(685): setting('Auth.sessionCon...')
#8 C:\Users\FARREL\OneDrive\ドキュメント\GitHub\Techporia-main-2024\techporia23-main\vendor\codeigniter4\shield\src\Authentication\Authenticators\Session.php(703): CodeIgniter\Shield\Authentication\Authenticators\Session->getSessionUserInfo()
#9 C:\Users\FARREL\OneDrive\ドキュメント\GitHub\Techporia-main-2024\techporia23-main\vendor\codeigniter4\shield\src\Authentication\Authenticators\Session.php(390): CodeIgniter\Shield\Authentication\Authenticators\Session->getSessionKey('id')
#10 C:\Users\FARREL\OneDrive\ドキュメント\GitHub\Techporia-main-2024\techporia23-main\vendor\codeigniter4\shield\src\Authentication\Authenticators\Session.php(374): CodeIgniter\Shield\Authentication\Authenticators\Session->checkUserState()
#11 C:\Users\FARREL\OneDrive\ドキュメント\GitHub\Techporia-main-2024\techporia23-main\vendor\codeigniter4\shield\src\Auth.php(191): CodeIgniter\Shield\Authentication\Authenticators\Session->loggedIn()
#12 C:\Users\FARREL\OneDrive\ドキュメント\GitHub\Techporia-main-2024\techporia23-main\app\Views\layout\header.php(71): CodeIgniter\Shield\Auth->__call('loggedIn', Array)
#13 C:\Users\FARREL\OneDrive\ドキュメント\GitHub\Techporia-main-2024\techporia23-main\vendor\codeigniter4\framework\system\View\View.php(213): include('C:\\Users\\FARREL...')
#14 C:\Users\FARREL\OneDrive\ドキュメント\GitHub\Techporia-main-2024\techporia23-main\vendor\codeigniter4\framework\system\View\View.php(216): CodeIgniter\View\View->CodeIgniter\View\{closure}()
#15 C:\Users\FARREL\OneDrive\ドキュメント\GitHub\Techporia-main-2024\techporia23-main\vendor\codeigniter4\framework\system\View\View.php(431): CodeIgniter\View\View->render('layout/header', NULL, true)
#16 C:\Users\FARREL\OneDrive\ドキュメント\GitHub\Techporia-main-2024\techporia23-main\app\Views\layout\master_layout.php(17): CodeIgniter\View\View->include('layout/header')
#17 C:\Users\FARREL\OneDrive\ドキュメント\GitHub\Techporia-main-2024\techporia23-main\vendor\codeigniter4\framework\system\View\View.php(213): include('C:\\Users\\FARREL...')
#18 C:\Users\FARREL\OneDrive\ドキュメント\GitHub\Techporia-main-2024\techporia23-main\vendor\codeigniter4\framework\system\View\View.php(216): CodeIgniter\View\View->CodeIgniter\View\{closure}()
#19 C:\Users\FARREL\OneDrive\ドキュメント\GitHub\Techporia-main-2024\techporia23-main\vendor\codeigniter4\framework\system\View\View.php(229): CodeIgniter\View\View->render('layout/master_l...', Array, true)
#20 C:\Users\FARREL\OneDrive\ドキュメント\GitHub\Techporia-main-2024\techporia23-main\vendor\codeigniter4\framework\system\Common.php(1184): CodeIgniter\View\View->render('main', Array, true)
#21 C:\Users\FARREL\OneDrive\ドキュメント\GitHub\Techporia-main-2024\techporia23-main\app\Controllers\MainController.php(16): view('main')
#22 C:\Users\FARREL\OneDrive\ドキュメント\GitHub\Techporia-main-2024\techporia23-main\vendor\codeigniter4\framework\system\CodeIgniter.php(934): App\Controllers\MainController->index()
#23 C:\Users\FARREL\OneDrive\ドキュメント\GitHub\Techporia-main-2024\techporia23-main\vendor\codeigniter4\framework\system\CodeIgniter.php(499): CodeIgniter\CodeIgniter->runController(Object(App\Controllers\MainController))
#24 C:\Users\FARREL\OneDrive\ドキュメント\GitHub\Techporia-main-2024\techporia23-main\vendor\codeigniter4\framework\system\CodeIgniter.php(368): CodeIgniter\CodeIgniter->handleRequest(NULL, Object(Config\Cache), false)
#25 C:\Users\FARREL\OneDrive\ドキュメント\GitHub\Techporia-main-2024\techporia23-main\public\index.php(67): CodeIgniter\CodeIgniter->run()
#26 C:\Users\FARREL\OneDrive\ドキュメント\GitHub\Techporia-main-2024\techporia23-main\vendor\codeigniter4\framework\system\Commands\Server\rewrite.php(47): require_once('C:\\Users\\FARREL...')
#27 {main}
CRITICAL - 2024-07-23 17:50:01 --> Unable to connect to the database.
Main connection [MySQLi]: Unknown database 'techpodb_23'
in SYSTEMPATH\Database\BaseConnection.php on line 427.
 1 SYSTEMPATH\Database\BaseConnection.php(574): CodeIgniter\Database\BaseConnection->initialize()
 2 SYSTEMPATH\Database\BaseBuilder.php(1616): CodeIgniter\Database\BaseConnection->query('SELECT *
FROM `settings`
WHERE `context` IS NULL', [], false)
 3 VENDORPATH\codeigniter4\settings\src\Handlers\DatabaseHandler.php(186): CodeIgniter\Database\BaseBuilder->get()
 4 VENDORPATH\codeigniter4\settings\src\Handlers\DatabaseHandler.php(51): CodeIgniter\Settings\Handlers\DatabaseHandler->hydrate(null)
 5 VENDORPATH\codeigniter4\settings\src\Settings.php(59): CodeIgniter\Settings\Handlers\DatabaseHandler->has('Config\\Auth', 'sessionConfig', null)
 6 VENDORPATH\codeigniter4\settings\src\Helpers\setting_helper.php(25): CodeIgniter\Settings\Settings->get('Auth.sessionConfig')
 7 VENDORPATH\codeigniter4\shield\src\Authentication\Authenticators\Session.php(685): setting('Auth.sessionConfig')
 8 VENDORPATH\codeigniter4\shield\src\Authentication\Authenticators\Session.php(703): CodeIgniter\Shield\Authentication\Authenticators\Session->getSessionUserInfo()
 9 VENDORPATH\codeigniter4\shield\src\Authentication\Authenticators\Session.php(390): CodeIgniter\Shield\Authentication\Authenticators\Session->getSessionKey('id')
10 VENDORPATH\codeigniter4\shield\src\Authentication\Authenticators\Session.php(374): CodeIgniter\Shield\Authentication\Authenticators\Session->checkUserState()
11 VENDORPATH\codeigniter4\shield\src\Auth.php(191): CodeIgniter\Shield\Authentication\Authenticators\Session->loggedIn()
12 APPPATH\Views\layout\header.php(71): CodeIgniter\Shield\Auth->__call('loggedIn', [])
13 SYSTEMPATH\View\View.php(213): include('C:\\Users\\FARREL\\OneDrive\\ドキュメント\\GitHub\\Techporia-main-2024\\techporia23-main\\app\\Views\\layout\\header.php')
14 SYSTEMPATH\View\View.php(216): CodeIgniter\View\View->CodeIgniter\View\{closure}()
15 SYSTEMPATH\View\View.php(431): CodeIgniter\View\View->render('layout/header', null, true)
16 APPPATH\Views\layout\master_layout.php(17): CodeIgniter\View\View->include('layout/header')
17 SYSTEMPATH\View\View.php(213): include('C:\\Users\\FARREL\\OneDrive\\ドキュメント\\GitHub\\Techporia-main-2024\\techporia23-main\\app\\Views\\layout\\master_layout.php')
18 SYSTEMPATH\View\View.php(216): CodeIgniter\View\View->CodeIgniter\View\{closure}()
19 SYSTEMPATH\View\View.php(229): CodeIgniter\View\View->render('layout/master_layout', [], true)
20 SYSTEMPATH\Common.php(1184): CodeIgniter\View\View->render('main', [], true)
21 APPPATH\Controllers\MainController.php(16): view('main')
22 SYSTEMPATH\CodeIgniter.php(934): App\Controllers\MainController->index()
23 SYSTEMPATH\CodeIgniter.php(499): CodeIgniter\CodeIgniter->runController(Object(App\Controllers\MainController))
24 SYSTEMPATH\CodeIgniter.php(368): CodeIgniter\CodeIgniter->handleRequest(null, Object(Config\Cache), false)
25 FCPATH\index.php(67): CodeIgniter\CodeIgniter->run()
26 SYSTEMPATH\Commands\Server\rewrite.php(47): require_once('C:\\Users\\FARREL\\OneDrive\\ドキュメント\\GitHub\\Techporia-main-2024\\techporia23-main\\public\\index.php')
ERROR - 2024-07-23 17:51:23 --> Error connecting to the database: mysqli_sql_exception: Unknown database 'techpodb_23' in C:\Users\FARREL\OneDrive\ドキュメント\GitHub\Techporia-main-2024\techporia23-main\vendor\codeigniter4\framework\system\Database\MySQLi\Connection.php:173
Stack trace:
#0 C:\Users\FARREL\OneDrive\ドキュメント\GitHub\Techporia-main-2024\techporia23-main\vendor\codeigniter4\framework\system\Database\MySQLi\Connection.php(173): mysqli->real_connect('localhost', 'root', Object(SensitiveParameterValue), 'techpodb_23', 3306, '', 0)
#1 C:\Users\FARREL\OneDrive\ドキュメント\GitHub\Techporia-main-2024\techporia23-main\vendor\codeigniter4\framework\system\Database\BaseConnection.php(391): CodeIgniter\Database\MySQLi\Connection->connect(false)
#2 C:\Users\FARREL\OneDrive\ドキュメント\GitHub\Techporia-main-2024\techporia23-main\vendor\codeigniter4\framework\system\Database\BaseConnection.php(574): CodeIgniter\Database\BaseConnection->initialize()
#3 C:\Users\FARREL\OneDrive\ドキュメント\GitHub\Techporia-main-2024\techporia23-main\vendor\codeigniter4\framework\system\Database\BaseBuilder.php(1616): CodeIgniter\Database\BaseConnection->query('SELECT *\nFROM `...', Array, false)
#4 C:\Users\FARREL\OneDrive\ドキュメント\GitHub\Techporia-main-2024\techporia23-main\vendor\codeigniter4\settings\src\Handlers\DatabaseHandler.php(186): CodeIgniter\Database\BaseBuilder->get()
#5 C:\Users\FARREL\OneDrive\ドキュメント\GitHub\Techporia-main-2024\techporia23-main\vendor\codeigniter4\settings\src\Handlers\DatabaseHandler.php(51): CodeIgniter\Settings\Handlers\DatabaseHandler->hydrate(NULL)
#6 C:\Users\FARREL\OneDrive\ドキュメント\GitHub\Techporia-main-2024\techporia23-main\vendor\codeigniter4\settings\src\Settings.php(59): CodeIgniter\Settings\Handlers\DatabaseHandler->has('Config\\Auth', 'sessionConfig', NULL)
#7 C:\Users\FARREL\OneDrive\ドキュメント\GitHub\Techporia-main-2024\techporia23-main\vendor\codeigniter4\settings\src\Helpers\setting_helper.php(25): CodeIgniter\Settings\Settings->get('Auth.sessionCon...')
#8 C:\Users\FARREL\OneDrive\ドキュメント\GitHub\Techporia-main-2024\techporia23-main\vendor\codeigniter4\shield\src\Authentication\Authenticators\Session.php(685): setting('Auth.sessionCon...')
#9 C:\Users\FARREL\OneDrive\ドキュメント\GitHub\Techporia-main-2024\techporia23-main\vendor\codeigniter4\shield\src\Authentication\Authenticators\Session.php(703): CodeIgniter\Shield\Authentication\Authenticators\Session->getSessionUserInfo()
#10 C:\Users\FARREL\OneDrive\ドキュメント\GitHub\Techporia-main-2024\techporia23-main\vendor\codeigniter4\shield\src\Authentication\Authenticators\Session.php(390): CodeIgniter\Shield\Authentication\Authenticators\Session->getSessionKey('id')
#11 C:\Users\FARREL\OneDrive\ドキュメント\GitHub\Techporia-main-2024\techporia23-main\vendor\codeigniter4\shield\src\Authentication\Authenticators\Session.php(374): CodeIgniter\Shield\Authentication\Authenticators\Session->checkUserState()
#12 C:\Users\FARREL\OneDrive\ドキュメント\GitHub\Techporia-main-2024\techporia23-main\vendor\codeigniter4\shield\src\Auth.php(191): CodeIgniter\Shield\Authentication\Authenticators\Session->loggedIn()
#13 C:\Users\FARREL\OneDrive\ドキュメント\GitHub\Techporia-main-2024\techporia23-main\app\Views\layout\header.php(71): CodeIgniter\Shield\Auth->__call('loggedIn', Array)
#14 C:\Users\FARREL\OneDrive\ドキュメント\GitHub\Techporia-main-2024\techporia23-main\vendor\codeigniter4\framework\system\View\View.php(213): include('C:\\Users\\FARREL...')
#15 C:\Users\FARREL\OneDrive\ドキュメント\GitHub\Techporia-main-2024\techporia23-main\vendor\codeigniter4\framework\system\View\View.php(216): CodeIgniter\View\View->CodeIgniter\View\{closure}()
#16 C:\Users\FARREL\OneDrive\ドキュメント\GitHub\Techporia-main-2024\techporia23-main\vendor\codeigniter4\framework\system\View\View.php(431): CodeIgniter\View\View->render('layout/header', NULL, true)
#17 C:\Users\FARREL\OneDrive\ドキュメント\GitHub\Techporia-main-2024\techporia23-main\app\Views\layout\master_layout.php(17): CodeIgniter\View\View->include('layout/header')
#18 C:\Users\FARREL\OneDrive\ドキュメント\GitHub\Techporia-main-2024\techporia23-main\vendor\codeigniter4\framework\system\View\View.php(213): include('C:\\Users\\FARREL...')
#19 C:\Users\FARREL\OneDrive\ドキュメント\GitHub\Techporia-main-2024\techporia23-main\vendor\codeigniter4\framework\system\View\View.php(216): CodeIgniter\View\View->CodeIgniter\View\{closure}()
#20 C:\Users\FARREL\OneDrive\ドキュメント\GitHub\Techporia-main-2024\techporia23-main\vendor\codeigniter4\framework\system\View\View.php(229): CodeIgniter\View\View->render('layout/master_l...', Array, true)
#21 C:\Users\FARREL\OneDrive\ドキュメント\GitHub\Techporia-main-2024\techporia23-main\vendor\codeigniter4\framework\system\Common.php(1184): CodeIgniter\View\View->render('main', Array, true)
#22 C:\Users\FARREL\OneDrive\ドキュメント\GitHub\Techporia-main-2024\techporia23-main\app\Controllers\MainController.php(16): view('main')
#23 C:\Users\FARREL\OneDrive\ドキュメント\GitHub\Techporia-main-2024\techporia23-main\vendor\codeigniter4\framework\system\CodeIgniter.php(934): App\Controllers\MainController->index()
#24 C:\Users\FARREL\OneDrive\ドキュメント\GitHub\Techporia-main-2024\techporia23-main\vendor\codeigniter4\framework\system\CodeIgniter.php(499): CodeIgniter\CodeIgniter->runController(Object(App\Controllers\MainController))
#25 C:\Users\FARREL\OneDrive\ドキュメント\GitHub\Techporia-main-2024\techporia23-main\vendor\codeigniter4\framework\system\CodeIgniter.php(368): CodeIgniter\CodeIgniter->handleRequest(NULL, Object(Config\Cache), false)
#26 C:\Users\FARREL\OneDrive\ドキュメント\GitHub\Techporia-main-2024\techporia23-main\public\index.php(67): CodeIgniter\CodeIgniter->run()
#27 C:\Users\FARREL\OneDrive\ドキュメント\GitHub\Techporia-main-2024\techporia23-main\vendor\codeigniter4\framework\system\Commands\Server\rewrite.php(47): require_once('C:\\Users\\FARREL...')
#28 {main}

Next CodeIgniter\Database\Exceptions\DatabaseException: Unknown database 'techpodb_23' in C:\Users\FARREL\OneDrive\ドキュメント\GitHub\Techporia-main-2024\techporia23-main\vendor\codeigniter4\framework\system\Database\MySQLi\Connection.php:218
Stack trace:
#0 C:\Users\FARREL\OneDrive\ドキュメント\GitHub\Techporia-main-2024\techporia23-main\vendor\codeigniter4\framework\system\Database\BaseConnection.php(391): CodeIgniter\Database\MySQLi\Connection->connect(false)
#1 C:\Users\FARREL\OneDrive\ドキュメント\GitHub\Techporia-main-2024\techporia23-main\vendor\codeigniter4\framework\system\Database\BaseConnection.php(574): CodeIgniter\Database\BaseConnection->initialize()
#2 C:\Users\FARREL\OneDrive\ドキュメント\GitHub\Techporia-main-2024\techporia23-main\vendor\codeigniter4\framework\system\Database\BaseBuilder.php(1616): CodeIgniter\Database\BaseConnection->query('SELECT *\nFROM `...', Array, false)
#3 C:\Users\FARREL\OneDrive\ドキュメント\GitHub\Techporia-main-2024\techporia23-main\vendor\codeigniter4\settings\src\Handlers\DatabaseHandler.php(186): CodeIgniter\Database\BaseBuilder->get()
#4 C:\Users\FARREL\OneDrive\ドキュメント\GitHub\Techporia-main-2024\techporia23-main\vendor\codeigniter4\settings\src\Handlers\DatabaseHandler.php(51): CodeIgniter\Settings\Handlers\DatabaseHandler->hydrate(NULL)
#5 C:\Users\FARREL\OneDrive\ドキュメント\GitHub\Techporia-main-2024\techporia23-main\vendor\codeigniter4\settings\src\Settings.php(59): CodeIgniter\Settings\Handlers\DatabaseHandler->has('Config\\Auth', 'sessionConfig', NULL)
#6 C:\Users\FARREL\OneDrive\ドキュメント\GitHub\Techporia-main-2024\techporia23-main\vendor\codeigniter4\settings\src\Helpers\setting_helper.php(25): CodeIgniter\Settings\Settings->get('Auth.sessionCon...')
#7 C:\Users\FARREL\OneDrive\ドキュメント\GitHub\Techporia-main-2024\techporia23-main\vendor\codeigniter4\shield\src\Authentication\Authenticators\Session.php(685): setting('Auth.sessionCon...')
#8 C:\Users\FARREL\OneDrive\ドキュメント\GitHub\Techporia-main-2024\techporia23-main\vendor\codeigniter4\shield\src\Authentication\Authenticators\Session.php(703): CodeIgniter\Shield\Authentication\Authenticators\Session->getSessionUserInfo()
#9 C:\Users\FARREL\OneDrive\ドキュメント\GitHub\Techporia-main-2024\techporia23-main\vendor\codeigniter4\shield\src\Authentication\Authenticators\Session.php(390): CodeIgniter\Shield\Authentication\Authenticators\Session->getSessionKey('id')
#10 C:\Users\FARREL\OneDrive\ドキュメント\GitHub\Techporia-main-2024\techporia23-main\vendor\codeigniter4\shield\src\Authentication\Authenticators\Session.php(374): CodeIgniter\Shield\Authentication\Authenticators\Session->checkUserState()
#11 C:\Users\FARREL\OneDrive\ドキュメント\GitHub\Techporia-main-2024\techporia23-main\vendor\codeigniter4\shield\src\Auth.php(191): CodeIgniter\Shield\Authentication\Authenticators\Session->loggedIn()
#12 C:\Users\FARREL\OneDrive\ドキュメント\GitHub\Techporia-main-2024\techporia23-main\app\Views\layout\header.php(71): CodeIgniter\Shield\Auth->__call('loggedIn', Array)
#13 C:\Users\FARREL\OneDrive\ドキュメント\GitHub\Techporia-main-2024\techporia23-main\vendor\codeigniter4\framework\system\View\View.php(213): include('C:\\Users\\FARREL...')
#14 C:\Users\FARREL\OneDrive\ドキュメント\GitHub\Techporia-main-2024\techporia23-main\vendor\codeigniter4\framework\system\View\View.php(216): CodeIgniter\View\View->CodeIgniter\View\{closure}()
#15 C:\Users\FARREL\OneDrive\ドキュメント\GitHub\Techporia-main-2024\techporia23-main\vendor\codeigniter4\framework\system\View\View.php(431): CodeIgniter\View\View->render('layout/header', NULL, true)
#16 C:\Users\FARREL\OneDrive\ドキュメント\GitHub\Techporia-main-2024\techporia23-main\app\Views\layout\master_layout.php(17): CodeIgniter\View\View->include('layout/header')
#17 C:\Users\FARREL\OneDrive\ドキュメント\GitHub\Techporia-main-2024\techporia23-main\vendor\codeigniter4\framework\system\View\View.php(213): include('C:\\Users\\FARREL...')
#18 C:\Users\FARREL\OneDrive\ドキュメント\GitHub\Techporia-main-2024\techporia23-main\vendor\codeigniter4\framework\system\View\View.php(216): CodeIgniter\View\View->CodeIgniter\View\{closure}()
#19 C:\Users\FARREL\OneDrive\ドキュメント\GitHub\Techporia-main-2024\techporia23-main\vendor\codeigniter4\framework\system\View\View.php(229): CodeIgniter\View\View->render('layout/master_l...', Array, true)
#20 C:\Users\FARREL\OneDrive\ドキュメント\GitHub\Techporia-main-2024\techporia23-main\vendor\codeigniter4\framework\system\Common.php(1184): CodeIgniter\View\View->render('main', Array, true)
#21 C:\Users\FARREL\OneDrive\ドキュメント\GitHub\Techporia-main-2024\techporia23-main\app\Controllers\MainController.php(16): view('main')
#22 C:\Users\FARREL\OneDrive\ドキュメント\GitHub\Techporia-main-2024\techporia23-main\vendor\codeigniter4\framework\system\CodeIgniter.php(934): App\Controllers\MainController->index()
#23 C:\Users\FARREL\OneDrive\ドキュメント\GitHub\Techporia-main-2024\techporia23-main\vendor\codeigniter4\framework\system\CodeIgniter.php(499): CodeIgniter\CodeIgniter->runController(Object(App\Controllers\MainController))
#24 C:\Users\FARREL\OneDrive\ドキュメント\GitHub\Techporia-main-2024\techporia23-main\vendor\codeigniter4\framework\system\CodeIgniter.php(368): CodeIgniter\CodeIgniter->handleRequest(NULL, Object(Config\Cache), false)
#25 C:\Users\FARREL\OneDrive\ドキュメント\GitHub\Techporia-main-2024\techporia23-main\public\index.php(67): CodeIgniter\CodeIgniter->run()
#26 C:\Users\FARREL\OneDrive\ドキュメント\GitHub\Techporia-main-2024\techporia23-main\vendor\codeigniter4\framework\system\Commands\Server\rewrite.php(47): require_once('C:\\Users\\FARREL...')
#27 {main}
CRITICAL - 2024-07-23 17:51:23 --> Unable to connect to the database.
Main connection [MySQLi]: Unknown database 'techpodb_23'
in SYSTEMPATH\Database\BaseConnection.php on line 427.
 1 SYSTEMPATH\Database\BaseConnection.php(574): CodeIgniter\Database\BaseConnection->initialize()
 2 SYSTEMPATH\Database\BaseBuilder.php(1616): CodeIgniter\Database\BaseConnection->query('SELECT *
FROM `settings`
WHERE `context` IS NULL', [], false)
 3 VENDORPATH\codeigniter4\settings\src\Handlers\DatabaseHandler.php(186): CodeIgniter\Database\BaseBuilder->get()
 4 VENDORPATH\codeigniter4\settings\src\Handlers\DatabaseHandler.php(51): CodeIgniter\Settings\Handlers\DatabaseHandler->hydrate(null)
 5 VENDORPATH\codeigniter4\settings\src\Settings.php(59): CodeIgniter\Settings\Handlers\DatabaseHandler->has('Config\\Auth', 'sessionConfig', null)
 6 VENDORPATH\codeigniter4\settings\src\Helpers\setting_helper.php(25): CodeIgniter\Settings\Settings->get('Auth.sessionConfig')
 7 VENDORPATH\codeigniter4\shield\src\Authentication\Authenticators\Session.php(685): setting('Auth.sessionConfig')
 8 VENDORPATH\codeigniter4\shield\src\Authentication\Authenticators\Session.php(703): CodeIgniter\Shield\Authentication\Authenticators\Session->getSessionUserInfo()
 9 VENDORPATH\codeigniter4\shield\src\Authentication\Authenticators\Session.php(390): CodeIgniter\Shield\Authentication\Authenticators\Session->getSessionKey('id')
10 VENDORPATH\codeigniter4\shield\src\Authentication\Authenticators\Session.php(374): CodeIgniter\Shield\Authentication\Authenticators\Session->checkUserState()
11 VENDORPATH\codeigniter4\shield\src\Auth.php(191): CodeIgniter\Shield\Authentication\Authenticators\Session->loggedIn()
12 APPPATH\Views\layout\header.php(71): CodeIgniter\Shield\Auth->__call('loggedIn', [])
13 SYSTEMPATH\View\View.php(213): include('C:\\Users\\FARREL\\OneDrive\\ドキュメント\\GitHub\\Techporia-main-2024\\techporia23-main\\app\\Views\\layout\\header.php')
14 SYSTEMPATH\View\View.php(216): CodeIgniter\View\View->CodeIgniter\View\{closure}()
15 SYSTEMPATH\View\View.php(431): CodeIgniter\View\View->render('layout/header', null, true)
16 APPPATH\Views\layout\master_layout.php(17): CodeIgniter\View\View->include('layout/header')
17 SYSTEMPATH\View\View.php(213): include('C:\\Users\\FARREL\\OneDrive\\ドキュメント\\GitHub\\Techporia-main-2024\\techporia23-main\\app\\Views\\layout\\master_layout.php')
18 SYSTEMPATH\View\View.php(216): CodeIgniter\View\View->CodeIgniter\View\{closure}()
19 SYSTEMPATH\View\View.php(229): CodeIgniter\View\View->render('layout/master_layout', [], true)
20 SYSTEMPATH\Common.php(1184): CodeIgniter\View\View->render('main', [], true)
21 APPPATH\Controllers\MainController.php(16): view('main')
22 SYSTEMPATH\CodeIgniter.php(934): App\Controllers\MainController->index()
23 SYSTEMPATH\CodeIgniter.php(499): CodeIgniter\CodeIgniter->runController(Object(App\Controllers\MainController))
24 SYSTEMPATH\CodeIgniter.php(368): CodeIgniter\CodeIgniter->handleRequest(null, Object(Config\Cache), false)
25 FCPATH\index.php(67): CodeIgniter\CodeIgniter->run()
26 SYSTEMPATH\Commands\Server\rewrite.php(47): require_once('C:\\Users\\FARREL\\OneDrive\\ドキュメント\\GitHub\\Techporia-main-2024\\techporia23-main\\public\\index.php')
ERROR - 2024-07-23 17:55:43 --> Error connecting to the database: mysqli_sql_exception: Unknown database 'techpodb_23' in C:\Users\FARREL\OneDrive\ドキュメント\GitHub\Techporia-main-2024\techporia23-main\vendor\codeigniter4\framework\system\Database\MySQLi\Connection.php:173
Stack trace:
#0 C:\Users\FARREL\OneDrive\ドキュメント\GitHub\Techporia-main-2024\techporia23-main\vendor\codeigniter4\framework\system\Database\MySQLi\Connection.php(173): mysqli->real_connect('localhost', 'root', Object(SensitiveParameterValue), 'techpodb_23', 3306, '', 0)
#1 C:\Users\FARREL\OneDrive\ドキュメント\GitHub\Techporia-main-2024\techporia23-main\vendor\codeigniter4\framework\system\Database\BaseConnection.php(391): CodeIgniter\Database\MySQLi\Connection->connect(false)
#2 C:\Users\FARREL\OneDrive\ドキュメント\GitHub\Techporia-main-2024\techporia23-main\vendor\codeigniter4\framework\system\Database\BaseConnection.php(574): CodeIgniter\Database\BaseConnection->initialize()
#3 C:\Users\FARREL\OneDrive\ドキュメント\GitHub\Techporia-main-2024\techporia23-main\vendor\codeigniter4\framework\system\Database\BaseBuilder.php(1616): CodeIgniter\Database\BaseConnection->query('SELECT *\nFROM `...', Array, false)
#4 C:\Users\FARREL\OneDrive\ドキュメント\GitHub\Techporia-main-2024\techporia23-main\vendor\codeigniter4\settings\src\Handlers\DatabaseHandler.php(186): CodeIgniter\Database\BaseBuilder->get()
#5 C:\Users\FARREL\OneDrive\ドキュメント\GitHub\Techporia-main-2024\techporia23-main\vendor\codeigniter4\settings\src\Handlers\DatabaseHandler.php(51): CodeIgniter\Settings\Handlers\DatabaseHandler->hydrate(NULL)
#6 C:\Users\FARREL\OneDrive\ドキュメント\GitHub\Techporia-main-2024\techporia23-main\vendor\codeigniter4\settings\src\Settings.php(59): CodeIgniter\Settings\Handlers\DatabaseHandler->has('Config\\Auth', 'sessionConfig', NULL)
#7 C:\Users\FARREL\OneDrive\ドキュメント\GitHub\Techporia-main-2024\techporia23-main\vendor\codeigniter4\settings\src\Helpers\setting_helper.php(25): CodeIgniter\Settings\Settings->get('Auth.sessionCon...')
#8 C:\Users\FARREL\OneDrive\ドキュメント\GitHub\Techporia-main-2024\techporia23-main\vendor\codeigniter4\shield\src\Authentication\Authenticators\Session.php(685): setting('Auth.sessionCon...')
#9 C:\Users\FARREL\OneDrive\ドキュメント\GitHub\Techporia-main-2024\techporia23-main\vendor\codeigniter4\shield\src\Authentication\Authenticators\Session.php(703): CodeIgniter\Shield\Authentication\Authenticators\Session->getSessionUserInfo()
#10 C:\Users\FARREL\OneDrive\ドキュメント\GitHub\Techporia-main-2024\techporia23-main\vendor\codeigniter4\shield\src\Authentication\Authenticators\Session.php(390): CodeIgniter\Shield\Authentication\Authenticators\Session->getSessionKey('id')
#11 C:\Users\FARREL\OneDrive\ドキュメント\GitHub\Techporia-main-2024\techporia23-main\vendor\codeigniter4\shield\src\Authentication\Authenticators\Session.php(374): CodeIgniter\Shield\Authentication\Authenticators\Session->checkUserState()
#12 C:\Users\FARREL\OneDrive\ドキュメント\GitHub\Techporia-main-2024\techporia23-main\vendor\codeigniter4\shield\src\Auth.php(191): CodeIgniter\Shield\Authentication\Authenticators\Session->loggedIn()
#13 C:\Users\FARREL\OneDrive\ドキュメント\GitHub\Techporia-main-2024\techporia23-main\app\Views\layout\header.php(71): CodeIgniter\Shield\Auth->__call('loggedIn', Array)
#14 C:\Users\FARREL\OneDrive\ドキュメント\GitHub\Techporia-main-2024\techporia23-main\vendor\codeigniter4\framework\system\View\View.php(213): include('C:\\Users\\FARREL...')
#15 C:\Users\FARREL\OneDrive\ドキュメント\GitHub\Techporia-main-2024\techporia23-main\vendor\codeigniter4\framework\system\View\View.php(216): CodeIgniter\View\View->CodeIgniter\View\{closure}()
#16 C:\Users\FARREL\OneDrive\ドキュメント\GitHub\Techporia-main-2024\techporia23-main\vendor\codeigniter4\framework\system\View\View.php(431): CodeIgniter\View\View->render('layout/header', NULL, true)
#17 C:\Users\FARREL\OneDrive\ドキュメント\GitHub\Techporia-main-2024\techporia23-main\app\Views\layout\master_layout.php(17): CodeIgniter\View\View->include('layout/header')
#18 C:\Users\FARREL\OneDrive\ドキュメント\GitHub\Techporia-main-2024\techporia23-main\vendor\codeigniter4\framework\system\View\View.php(213): include('C:\\Users\\FARREL...')
#19 C:\Users\FARREL\OneDrive\ドキュメント\GitHub\Techporia-main-2024\techporia23-main\vendor\codeigniter4\framework\system\View\View.php(216): CodeIgniter\View\View->CodeIgniter\View\{closure}()
#20 C:\Users\FARREL\OneDrive\ドキュメント\GitHub\Techporia-main-2024\techporia23-main\vendor\codeigniter4\framework\system\View\View.php(229): CodeIgniter\View\View->render('layout/master_l...', Array, true)
#21 C:\Users\FARREL\OneDrive\ドキュメント\GitHub\Techporia-main-2024\techporia23-main\vendor\codeigniter4\framework\system\Common.php(1184): CodeIgniter\View\View->render('main', Array, true)
#22 C:\Users\FARREL\OneDrive\ドキュメント\GitHub\Techporia-main-2024\techporia23-main\app\Controllers\MainController.php(16): view('main')
#23 C:\Users\FARREL\OneDrive\ドキュメント\GitHub\Techporia-main-2024\techporia23-main\vendor\codeigniter4\framework\system\CodeIgniter.php(934): App\Controllers\MainController->index()
#24 C:\Users\FARREL\OneDrive\ドキュメント\GitHub\Techporia-main-2024\techporia23-main\vendor\codeigniter4\framework\system\CodeIgniter.php(499): CodeIgniter\CodeIgniter->runController(Object(App\Controllers\MainController))
#25 C:\Users\FARREL\OneDrive\ドキュメント\GitHub\Techporia-main-2024\techporia23-main\vendor\codeigniter4\framework\system\CodeIgniter.php(368): CodeIgniter\CodeIgniter->handleRequest(NULL, Object(Config\Cache), false)
#26 C:\Users\FARREL\OneDrive\ドキュメント\GitHub\Techporia-main-2024\techporia23-main\public\index.php(67): CodeIgniter\CodeIgniter->run()
#27 C:\Users\FARREL\OneDrive\ドキュメント\GitHub\Techporia-main-2024\techporia23-main\vendor\codeigniter4\framework\system\Commands\Server\rewrite.php(47): require_once('C:\\Users\\FARREL...')
#28 {main}

Next CodeIgniter\Database\Exceptions\DatabaseException: Unknown database 'techpodb_23' in C:\Users\FARREL\OneDrive\ドキュメント\GitHub\Techporia-main-2024\techporia23-main\vendor\codeigniter4\framework\system\Database\MySQLi\Connection.php:218
Stack trace:
#0 C:\Users\FARREL\OneDrive\ドキュメント\GitHub\Techporia-main-2024\techporia23-main\vendor\codeigniter4\framework\system\Database\BaseConnection.php(391): CodeIgniter\Database\MySQLi\Connection->connect(false)
#1 C:\Users\FARREL\OneDrive\ドキュメント\GitHub\Techporia-main-2024\techporia23-main\vendor\codeigniter4\framework\system\Database\BaseConnection.php(574): CodeIgniter\Database\BaseConnection->initialize()
#2 C:\Users\FARREL\OneDrive\ドキュメント\GitHub\Techporia-main-2024\techporia23-main\vendor\codeigniter4\framework\system\Database\BaseBuilder.php(1616): CodeIgniter\Database\BaseConnection->query('SELECT *\nFROM `...', Array, false)
#3 C:\Users\FARREL\OneDrive\ドキュメント\GitHub\Techporia-main-2024\techporia23-main\vendor\codeigniter4\settings\src\Handlers\DatabaseHandler.php(186): CodeIgniter\Database\BaseBuilder->get()
#4 C:\Users\FARREL\OneDrive\ドキュメント\GitHub\Techporia-main-2024\techporia23-main\vendor\codeigniter4\settings\src\Handlers\DatabaseHandler.php(51): CodeIgniter\Settings\Handlers\DatabaseHandler->hydrate(NULL)
#5 C:\Users\FARREL\OneDrive\ドキュメント\GitHub\Techporia-main-2024\techporia23-main\vendor\codeigniter4\settings\src\Settings.php(59): CodeIgniter\Settings\Handlers\DatabaseHandler->has('Config\\Auth', 'sessionConfig', NULL)
#6 C:\Users\FARREL\OneDrive\ドキュメント\GitHub\Techporia-main-2024\techporia23-main\vendor\codeigniter4\settings\src\Helpers\setting_helper.php(25): CodeIgniter\Settings\Settings->get('Auth.sessionCon...')
#7 C:\Users\FARREL\OneDrive\ドキュメント\GitHub\Techporia-main-2024\techporia23-main\vendor\codeigniter4\shield\src\Authentication\Authenticators\Session.php(685): setting('Auth.sessionCon...')
#8 C:\Users\FARREL\OneDrive\ドキュメント\GitHub\Techporia-main-2024\techporia23-main\vendor\codeigniter4\shield\src\Authentication\Authenticators\Session.php(703): CodeIgniter\Shield\Authentication\Authenticators\Session->getSessionUserInfo()
#9 C:\Users\FARREL\OneDrive\ドキュメント\GitHub\Techporia-main-2024\techporia23-main\vendor\codeigniter4\shield\src\Authentication\Authenticators\Session.php(390): CodeIgniter\Shield\Authentication\Authenticators\Session->getSessionKey('id')
#10 C:\Users\FARREL\OneDrive\ドキュメント\GitHub\Techporia-main-2024\techporia23-main\vendor\codeigniter4\shield\src\Authentication\Authenticators\Session.php(374): CodeIgniter\Shield\Authentication\Authenticators\Session->checkUserState()
#11 C:\Users\FARREL\OneDrive\ドキュメント\GitHub\Techporia-main-2024\techporia23-main\vendor\codeigniter4\shield\src\Auth.php(191): CodeIgniter\Shield\Authentication\Authenticators\Session->loggedIn()
#12 C:\Users\FARREL\OneDrive\ドキュメント\GitHub\Techporia-main-2024\techporia23-main\app\Views\layout\header.php(71): CodeIgniter\Shield\Auth->__call('loggedIn', Array)
#13 C:\Users\FARREL\OneDrive\ドキュメント\GitHub\Techporia-main-2024\techporia23-main\vendor\codeigniter4\framework\system\View\View.php(213): include('C:\\Users\\FARREL...')
#14 C:\Users\FARREL\OneDrive\ドキュメント\GitHub\Techporia-main-2024\techporia23-main\vendor\codeigniter4\framework\system\View\View.php(216): CodeIgniter\View\View->CodeIgniter\View\{closure}()
#15 C:\Users\FARREL\OneDrive\ドキュメント\GitHub\Techporia-main-2024\techporia23-main\vendor\codeigniter4\framework\system\View\View.php(431): CodeIgniter\View\View->render('layout/header', NULL, true)
#16 C:\Users\FARREL\OneDrive\ドキュメント\GitHub\Techporia-main-2024\techporia23-main\app\Views\layout\master_layout.php(17): CodeIgniter\View\View->include('layout/header')
#17 C:\Users\FARREL\OneDrive\ドキュメント\GitHub\Techporia-main-2024\techporia23-main\vendor\codeigniter4\framework\system\View\View.php(213): include('C:\\Users\\FARREL...')
#18 C:\Users\FARREL\OneDrive\ドキュメント\GitHub\Techporia-main-2024\techporia23-main\vendor\codeigniter4\framework\system\View\View.php(216): CodeIgniter\View\View->CodeIgniter\View\{closure}()
#19 C:\Users\FARREL\OneDrive\ドキュメント\GitHub\Techporia-main-2024\techporia23-main\vendor\codeigniter4\framework\system\View\View.php(229): CodeIgniter\View\View->render('layout/master_l...', Array, true)
#20 C:\Users\FARREL\OneDrive\ドキュメント\GitHub\Techporia-main-2024\techporia23-main\vendor\codeigniter4\framework\system\Common.php(1184): CodeIgniter\View\View->render('main', Array, true)
#21 C:\Users\FARREL\OneDrive\ドキュメント\GitHub\Techporia-main-2024\techporia23-main\app\Controllers\MainController.php(16): view('main')
#22 C:\Users\FARREL\OneDrive\ドキュメント\GitHub\Techporia-main-2024\techporia23-main\vendor\codeigniter4\framework\system\CodeIgniter.php(934): App\Controllers\MainController->index()
#23 C:\Users\FARREL\OneDrive\ドキュメント\GitHub\Techporia-main-2024\techporia23-main\vendor\codeigniter4\framework\system\CodeIgniter.php(499): CodeIgniter\CodeIgniter->runController(Object(App\Controllers\MainController))
#24 C:\Users\FARREL\OneDrive\ドキュメント\GitHub\Techporia-main-2024\techporia23-main\vendor\codeigniter4\framework\system\CodeIgniter.php(368): CodeIgniter\CodeIgniter->handleRequest(NULL, Object(Config\Cache), false)
#25 C:\Users\FARREL\OneDrive\ドキュメント\GitHub\Techporia-main-2024\techporia23-main\public\index.php(67): CodeIgniter\CodeIgniter->run()
#26 C:\Users\FARREL\OneDrive\ドキュメント\GitHub\Techporia-main-2024\techporia23-main\vendor\codeigniter4\framework\system\Commands\Server\rewrite.php(47): require_once('C:\\Users\\FARREL...')
#27 {main}
CRITICAL - 2024-07-23 17:55:43 --> Unable to connect to the database.
Main connection [MySQLi]: Unknown database 'techpodb_23'
in SYSTEMPATH\Database\BaseConnection.php on line 427.
 1 SYSTEMPATH\Database\BaseConnection.php(574): CodeIgniter\Database\BaseConnection->initialize()
 2 SYSTEMPATH\Database\BaseBuilder.php(1616): CodeIgniter\Database\BaseConnection->query('SELECT *
FROM `settings`
WHERE `context` IS NULL', [], false)
 3 VENDORPATH\codeigniter4\settings\src\Handlers\DatabaseHandler.php(186): CodeIgniter\Database\BaseBuilder->get()
 4 VENDORPATH\codeigniter4\settings\src\Handlers\DatabaseHandler.php(51): CodeIgniter\Settings\Handlers\DatabaseHandler->hydrate(null)
 5 VENDORPATH\codeigniter4\settings\src\Settings.php(59): CodeIgniter\Settings\Handlers\DatabaseHandler->has('Config\\Auth', 'sessionConfig', null)
 6 VENDORPATH\codeigniter4\settings\src\Helpers\setting_helper.php(25): CodeIgniter\Settings\Settings->get('Auth.sessionConfig')
 7 VENDORPATH\codeigniter4\shield\src\Authentication\Authenticators\Session.php(685): setting('Auth.sessionConfig')
 8 VENDORPATH\codeigniter4\shield\src\Authentication\Authenticators\Session.php(703): CodeIgniter\Shield\Authentication\Authenticators\Session->getSessionUserInfo()
 9 VENDORPATH\codeigniter4\shield\src\Authentication\Authenticators\Session.php(390): CodeIgniter\Shield\Authentication\Authenticators\Session->getSessionKey('id')
10 VENDORPATH\codeigniter4\shield\src\Authentication\Authenticators\Session.php(374): CodeIgniter\Shield\Authentication\Authenticators\Session->checkUserState()
11 VENDORPATH\codeigniter4\shield\src\Auth.php(191): CodeIgniter\Shield\Authentication\Authenticators\Session->loggedIn()
12 APPPATH\Views\layout\header.php(71): CodeIgniter\Shield\Auth->__call('loggedIn', [])
13 SYSTEMPATH\View\View.php(213): include('C:\\Users\\FARREL\\OneDrive\\ドキュメント\\GitHub\\Techporia-main-2024\\techporia23-main\\app\\Views\\layout\\header.php')
14 SYSTEMPATH\View\View.php(216): CodeIgniter\View\View->CodeIgniter\View\{closure}()
15 SYSTEMPATH\View\View.php(431): CodeIgniter\View\View->render('layout/header', null, true)
16 APPPATH\Views\layout\master_layout.php(17): CodeIgniter\View\View->include('layout/header')
17 SYSTEMPATH\View\View.php(213): include('C:\\Users\\FARREL\\OneDrive\\ドキュメント\\GitHub\\Techporia-main-2024\\techporia23-main\\app\\Views\\layout\\master_layout.php')
18 SYSTEMPATH\View\View.php(216): CodeIgniter\View\View->CodeIgniter\View\{closure}()
19 SYSTEMPATH\View\View.php(229): CodeIgniter\View\View->render('layout/master_layout', [], true)
20 SYSTEMPATH\Common.php(1184): CodeIgniter\View\View->render('main', [], true)
21 APPPATH\Controllers\MainController.php(16): view('main')
22 SYSTEMPATH\CodeIgniter.php(934): App\Controllers\MainController->index()
23 SYSTEMPATH\CodeIgniter.php(499): CodeIgniter\CodeIgniter->runController(Object(App\Controllers\MainController))
24 SYSTEMPATH\CodeIgniter.php(368): CodeIgniter\CodeIgniter->handleRequest(null, Object(Config\Cache), false)
25 FCPATH\index.php(67): CodeIgniter\CodeIgniter->run()
26 SYSTEMPATH\Commands\Server\rewrite.php(47): require_once('C:\\Users\\FARREL\\OneDrive\\ドキュメント\\GitHub\\Techporia-main-2024\\techporia23-main\\public\\index.php')
ERROR - 2024-07-23 17:57:36 --> Error connecting to the database: mysqli_sql_exception: Unknown database 'techpodb_23' in C:\Users\FARREL\OneDrive\ドキュメント\GitHub\Techporia-main-2024\techporia23-main\vendor\codeigniter4\framework\system\Database\MySQLi\Connection.php:173
Stack trace:
#0 C:\Users\FARREL\OneDrive\ドキュメント\GitHub\Techporia-main-2024\techporia23-main\vendor\codeigniter4\framework\system\Database\MySQLi\Connection.php(173): mysqli->real_connect('localhost', 'root', Object(SensitiveParameterValue), 'techpodb_23', 3306, '', 0)
#1 C:\Users\FARREL\OneDrive\ドキュメント\GitHub\Techporia-main-2024\techporia23-main\vendor\codeigniter4\framework\system\Database\BaseConnection.php(391): CodeIgniter\Database\MySQLi\Connection->connect(false)
#2 C:\Users\FARREL\OneDrive\ドキュメント\GitHub\Techporia-main-2024\techporia23-main\vendor\codeigniter4\framework\system\Database\Database.php(67): CodeIgniter\Database\BaseConnection->initialize()
#3 C:\Users\FARREL\OneDrive\ドキュメント\GitHub\Techporia-main-2024\techporia23-main\vendor\codeigniter4\framework\system\Database\Config.php(109): CodeIgniter\Database\Database->loadForge(Object(CodeIgniter\Database\MySQLi\Connection))
#4 C:\Users\FARREL\OneDrive\ドキュメント\GitHub\Techporia-main-2024\techporia23-main\vendor\codeigniter4\framework\system\Database\Seeder.php(97): CodeIgniter\Database\Config::forge(NULL)
#5 C:\Users\FARREL\OneDrive\ドキュメント\GitHub\Techporia-main-2024\techporia23-main\vendor\codeigniter4\framework\system\Commands\Database\Seed.php(69): CodeIgniter\Database\Seeder->__construct(Object(Config\Database))
#6 C:\Users\FARREL\OneDrive\ドキュメント\GitHub\Techporia-main-2024\techporia23-main\vendor\codeigniter4\framework\system\CLI\Commands.php(65): CodeIgniter\Commands\Database\Seed->run(Array)
#7 C:\Users\FARREL\OneDrive\ドキュメント\GitHub\Techporia-main-2024\techporia23-main\vendor\codeigniter4\framework\system\CLI\Console.php(37): CodeIgniter\CLI\Commands->run('db:seed', Array)
#8 C:\Users\FARREL\OneDrive\ドキュメント\GitHub\Techporia-main-2024\techporia23-main\spark(97): CodeIgniter\CLI\Console->run()
#9 {main}

Next CodeIgniter\Database\Exceptions\DatabaseException: Unknown database 'techpodb_23' in C:\Users\FARREL\OneDrive\ドキュメント\GitHub\Techporia-main-2024\techporia23-main\vendor\codeigniter4\framework\system\Database\MySQLi\Connection.php:218
Stack trace:
#0 C:\Users\FARREL\OneDrive\ドキュメント\GitHub\Techporia-main-2024\techporia23-main\vendor\codeigniter4\framework\system\Database\BaseConnection.php(391): CodeIgniter\Database\MySQLi\Connection->connect(false)
#1 C:\Users\FARREL\OneDrive\ドキュメント\GitHub\Techporia-main-2024\techporia23-main\vendor\codeigniter4\framework\system\Database\Database.php(67): CodeIgniter\Database\BaseConnection->initialize()
#2 C:\Users\FARREL\OneDrive\ドキュメント\GitHub\Techporia-main-2024\techporia23-main\vendor\codeigniter4\framework\system\Database\Config.php(109): CodeIgniter\Database\Database->loadForge(Object(CodeIgniter\Database\MySQLi\Connection))
#3 C:\Users\FARREL\OneDrive\ドキュメント\GitHub\Techporia-main-2024\techporia23-main\vendor\codeigniter4\framework\system\Database\Seeder.php(97): CodeIgniter\Database\Config::forge(NULL)
#4 C:\Users\FARREL\OneDrive\ドキュメント\GitHub\Techporia-main-2024\techporia23-main\vendor\codeigniter4\framework\system\Commands\Database\Seed.php(69): CodeIgniter\Database\Seeder->__construct(Object(Config\Database))
#5 C:\Users\FARREL\OneDrive\ドキュメント\GitHub\Techporia-main-2024\techporia23-main\vendor\codeigniter4\framework\system\CLI\Commands.php(65): CodeIgniter\Commands\Database\Seed->run(Array)
#6 C:\Users\FARREL\OneDrive\ドキュメント\GitHub\Techporia-main-2024\techporia23-main\vendor\codeigniter4\framework\system\CLI\Console.php(37): CodeIgniter\CLI\Commands->run('db:seed', Array)
#7 C:\Users\FARREL\OneDrive\ドキュメント\GitHub\Techporia-main-2024\techporia23-main\spark(97): CodeIgniter\CLI\Console->run()
#8 {main}
CRITICAL - 2024-07-23 17:57:36 --> Unable to connect to the database.
Main connection [MySQLi]: Unknown database 'techpodb_23'
in SYSTEMPATH\Database\BaseConnection.php on line 427.
 1 SYSTEMPATH\Database\Database.php(67): CodeIgniter\Database\BaseConnection->initialize()
 2 SYSTEMPATH\Database\Config.php(109): CodeIgniter\Database\Database->loadForge(Object(CodeIgniter\Database\MySQLi\Connection))
 3 SYSTEMPATH\Database\Seeder.php(97): CodeIgniter\Database\Config::forge(null)
 4 SYSTEMPATH\Commands\Database\Seed.php(69): CodeIgniter\Database\Seeder->__construct(Object(Config\Database))
 5 SYSTEMPATH\CLI\Commands.php(65): CodeIgniter\Commands\Database\Seed->run([...])
 6 SYSTEMPATH\CLI\Console.php(37): CodeIgniter\CLI\Commands->run('db:seed', [...])
 7 ROOTPATH\spark(97): CodeIgniter\CLI\Console->run()
ERROR - 2024-07-23 17:58:42 --> Error connecting to the database: mysqli_sql_exception: Unknown database 'techpodb_23' in C:\Users\FARREL\OneDrive\ドキュメント\GitHub\Techporia-main-2024\techporia23-main\vendor\codeigniter4\framework\system\Database\MySQLi\Connection.php:173
Stack trace:
#0 C:\Users\FARREL\OneDrive\ドキュメント\GitHub\Techporia-main-2024\techporia23-main\vendor\codeigniter4\framework\system\Database\MySQLi\Connection.php(173): mysqli->real_connect('localhost', 'root', Object(SensitiveParameterValue), 'techpodb_23', 3306, '', 0)
#1 C:\Users\FARREL\OneDrive\ドキュメント\GitHub\Techporia-main-2024\techporia23-main\vendor\codeigniter4\framework\system\Database\BaseConnection.php(391): CodeIgniter\Database\MySQLi\Connection->connect(false)
#2 C:\Users\FARREL\OneDrive\ドキュメント\GitHub\Techporia-main-2024\techporia23-main\vendor\codeigniter4\framework\system\Database\Database.php(67): CodeIgniter\Database\BaseConnection->initialize()
#3 C:\Users\FARREL\OneDrive\ドキュメント\GitHub\Techporia-main-2024\techporia23-main\vendor\codeigniter4\framework\system\Database\Config.php(109): CodeIgniter\Database\Database->loadForge(Object(CodeIgniter\Database\MySQLi\Connection))
#4 C:\Users\FARREL\OneDrive\ドキュメント\GitHub\Techporia-main-2024\techporia23-main\vendor\codeigniter4\framework\system\Database\Seeder.php(97): CodeIgniter\Database\Config::forge(NULL)
#5 C:\Users\FARREL\OneDrive\ドキュメント\GitHub\Techporia-main-2024\techporia23-main\vendor\codeigniter4\framework\system\Commands\Database\Seed.php(69): CodeIgniter\Database\Seeder->__construct(Object(Config\Database))
#6 C:\Users\FARREL\OneDrive\ドキュメント\GitHub\Techporia-main-2024\techporia23-main\vendor\codeigniter4\framework\system\CLI\Commands.php(65): CodeIgniter\Commands\Database\Seed->run(Array)
#7 C:\Users\FARREL\OneDrive\ドキュメント\GitHub\Techporia-main-2024\techporia23-main\vendor\codeigniter4\framework\system\CLI\Console.php(37): CodeIgniter\CLI\Commands->run('db:seed', Array)
#8 C:\Users\FARREL\OneDrive\ドキュメント\GitHub\Techporia-main-2024\techporia23-main\spark(97): CodeIgniter\CLI\Console->run()
#9 {main}

Next CodeIgniter\Database\Exceptions\DatabaseException: Unknown database 'techpodb_23' in C:\Users\FARREL\OneDrive\ドキュメント\GitHub\Techporia-main-2024\techporia23-main\vendor\codeigniter4\framework\system\Database\MySQLi\Connection.php:218
Stack trace:
#0 C:\Users\FARREL\OneDrive\ドキュメント\GitHub\Techporia-main-2024\techporia23-main\vendor\codeigniter4\framework\system\Database\BaseConnection.php(391): CodeIgniter\Database\MySQLi\Connection->connect(false)
#1 C:\Users\FARREL\OneDrive\ドキュメント\GitHub\Techporia-main-2024\techporia23-main\vendor\codeigniter4\framework\system\Database\Database.php(67): CodeIgniter\Database\BaseConnection->initialize()
#2 C:\Users\FARREL\OneDrive\ドキュメント\GitHub\Techporia-main-2024\techporia23-main\vendor\codeigniter4\framework\system\Database\Config.php(109): CodeIgniter\Database\Database->loadForge(Object(CodeIgniter\Database\MySQLi\Connection))
#3 C:\Users\FARREL\OneDrive\ドキュメント\GitHub\Techporia-main-2024\techporia23-main\vendor\codeigniter4\framework\system\Database\Seeder.php(97): CodeIgniter\Database\Config::forge(NULL)
#4 C:\Users\FARREL\OneDrive\ドキュメント\GitHub\Techporia-main-2024\techporia23-main\vendor\codeigniter4\framework\system\Commands\Database\Seed.php(69): CodeIgniter\Database\Seeder->__construct(Object(Config\Database))
#5 C:\Users\FARREL\OneDrive\ドキュメント\GitHub\Techporia-main-2024\techporia23-main\vendor\codeigniter4\framework\system\CLI\Commands.php(65): CodeIgniter\Commands\Database\Seed->run(Array)
#6 C:\Users\FARREL\OneDrive\ドキュメント\GitHub\Techporia-main-2024\techporia23-main\vendor\codeigniter4\framework\system\CLI\Console.php(37): CodeIgniter\CLI\Commands->run('db:seed', Array)
#7 C:\Users\FARREL\OneDrive\ドキュメント\GitHub\Techporia-main-2024\techporia23-main\spark(97): CodeIgniter\CLI\Console->run()
#8 {main}
CRITICAL - 2024-07-23 17:58:42 --> Unable to connect to the database.
Main connection [MySQLi]: Unknown database 'techpodb_23'
in SYSTEMPATH\Database\BaseConnection.php on line 427.
 1 SYSTEMPATH\Database\Database.php(67): CodeIgniter\Database\BaseConnection->initialize()
 2 SYSTEMPATH\Database\Config.php(109): CodeIgniter\Database\Database->loadForge(Object(CodeIgniter\Database\MySQLi\Connection))
 3 SYSTEMPATH\Database\Seeder.php(97): CodeIgniter\Database\Config::forge(null)
 4 SYSTEMPATH\Commands\Database\Seed.php(69): CodeIgniter\Database\Seeder->__construct(Object(Config\Database))
 5 SYSTEMPATH\CLI\Commands.php(65): CodeIgniter\Commands\Database\Seed->run([...])
 6 SYSTEMPATH\CLI\Console.php(37): CodeIgniter\CLI\Commands->run('db:seed', [...])
 7 ROOTPATH\spark(97): CodeIgniter\CLI\Console->run()
ERROR - 2024-07-23 18:03:08 --> mysqli_sql_exception: Table 'techpodb_23.kompetisi' doesn't exist in C:\Users\FARREL\OneDrive\ドキュメント\GitHub\Techporia-main-2024\techporia23-main\vendor\codeigniter4\framework\system\Database\MySQLi\Connection.php:295
Stack trace:
#0 C:\Users\FARREL\OneDrive\ドキュメント\GitHub\Techporia-main-2024\techporia23-main\vendor\codeigniter4\framework\system\Database\MySQLi\Connection.php(295): mysqli->query('INSERT INTO `ko...', 0)
#1 C:\Users\FARREL\OneDrive\ドキュメント\GitHub\Techporia-main-2024\techporia23-main\vendor\codeigniter4\framework\system\Database\BaseConnection.php(692): CodeIgniter\Database\MySQLi\Connection->execute('INSERT INTO `ko...')
#2 C:\Users\FARREL\OneDrive\ドキュメント\GitHub\Techporia-main-2024\techporia23-main\vendor\codeigniter4\framework\system\Database\BaseConnection.php(606): CodeIgniter\Database\BaseConnection->simpleQuery('INSERT INTO `ko...')
#3 C:\Users\FARREL\OneDrive\ドキュメント\GitHub\Techporia-main-2024\techporia23-main\vendor\codeigniter4\framework\system\Database\BaseBuilder.php(1801): CodeIgniter\Database\BaseConnection->query('INSERT INTO `ko...', NULL, false)
#4 C:\Users\FARREL\OneDrive\ドキュメント\GitHub\Techporia-main-2024\techporia23-main\vendor\codeigniter4\framework\system\Database\BaseBuilder.php(2192): CodeIgniter\Database\BaseBuilder->batchExecute('_insertBatch', 100)
#5 C:\Users\FARREL\OneDrive\ドキュメント\GitHub\Techporia-main-2024\techporia23-main\app\Database\Seeds\KompetisiSeeder.php(21): CodeIgniter\Database\BaseBuilder->insertBatch(Array)
#6 C:\Users\FARREL\OneDrive\ドキュメント\GitHub\Techporia-main-2024\techporia23-main\vendor\codeigniter4\framework\system\Database\Seeder.php(146): App\Database\Seeds\KompetisiSeeder->run()
#7 C:\Users\FARREL\OneDrive\ドキュメント\GitHub\Techporia-main-2024\techporia23-main\vendor\codeigniter4\framework\system\Commands\Database\Seed.php(77): CodeIgniter\Database\Seeder->call('App\\Database\\Se...')
#8 C:\Users\FARREL\OneDrive\ドキュメント\GitHub\Techporia-main-2024\techporia23-main\vendor\codeigniter4\framework\system\CLI\Commands.php(65): CodeIgniter\Commands\Database\Seed->run(Array)
#9 C:\Users\FARREL\OneDrive\ドキュメント\GitHub\Techporia-main-2024\techporia23-main\vendor\codeigniter4\framework\system\CLI\Console.php(37): CodeIgniter\CLI\Commands->run('db:seed', Array)
#10 C:\Users\FARREL\OneDrive\ドキュメント\GitHub\Techporia-main-2024\techporia23-main\spark(97): CodeIgniter\CLI\Console->run()
#11 {main}
ERROR - 2024-07-23 18:06:15 --> mysqli_sql_exception: Table 'techpodb_23.settings' doesn't exist in C:\Users\FARREL\OneDrive\ドキュメント\GitHub\Techporia-main-2024\techporia23-main\vendor\codeigniter4\framework\system\Database\MySQLi\Connection.php:295
Stack trace:
#0 C:\Users\FARREL\OneDrive\ドキュメント\GitHub\Techporia-main-2024\techporia23-main\vendor\codeigniter4\framework\system\Database\MySQLi\Connection.php(295): mysqli->query('SELECT *\nFROM `...', 0)
#1 C:\Users\FARREL\OneDrive\ドキュメント\GitHub\Techporia-main-2024\techporia23-main\vendor\codeigniter4\framework\system\Database\BaseConnection.php(692): CodeIgniter\Database\MySQLi\Connection->execute('SELECT *\nFROM `...')
#2 C:\Users\FARREL\OneDrive\ドキュメント\GitHub\Techporia-main-2024\techporia23-main\vendor\codeigniter4\framework\system\Database\BaseConnection.php(606): CodeIgniter\Database\BaseConnection->simpleQuery('SELECT *\nFROM `...')
#3 C:\Users\FARREL\OneDrive\ドキュメント\GitHub\Techporia-main-2024\techporia23-main\vendor\codeigniter4\framework\system\Database\BaseBuilder.php(1616): CodeIgniter\Database\BaseConnection->query('SELECT *\nFROM `...', Array, false)
#4 C:\Users\FARREL\OneDrive\ドキュメント\GitHub\Techporia-main-2024\techporia23-main\vendor\codeigniter4\settings\src\Handlers\DatabaseHandler.php(186): CodeIgniter\Database\BaseBuilder->get()
#5 C:\Users\FARREL\OneDrive\ドキュメント\GitHub\Techporia-main-2024\techporia23-main\vendor\codeigniter4\settings\src\Handlers\DatabaseHandler.php(51): CodeIgniter\Settings\Handlers\DatabaseHandler->hydrate(NULL)
#6 C:\Users\FARREL\OneDrive\ドキュメント\GitHub\Techporia-main-2024\techporia23-main\vendor\codeigniter4\settings\src\Settings.php(59): CodeIgniter\Settings\Handlers\DatabaseHandler->has('Config\\Auth', 'sessionConfig', NULL)
#7 C:\Users\FARREL\OneDrive\ドキュメント\GitHub\Techporia-main-2024\techporia23-main\vendor\codeigniter4\settings\src\Helpers\setting_helper.php(25): CodeIgniter\Settings\Settings->get('Auth.sessionCon...')
#8 C:\Users\FARREL\OneDrive\ドキュメント\GitHub\Techporia-main-2024\techporia23-main\vendor\codeigniter4\shield\src\Authentication\Authenticators\Session.php(685): setting('Auth.sessionCon...')
#9 C:\Users\FARREL\OneDrive\ドキュメント\GitHub\Techporia-main-2024\techporia23-main\vendor\codeigniter4\shield\src\Authentication\Authenticators\Session.php(703): CodeIgniter\Shield\Authentication\Authenticators\Session->getSessionUserInfo()
#10 C:\Users\FARREL\OneDrive\ドキュメント\GitHub\Techporia-main-2024\techporia23-main\vendor\codeigniter4\shield\src\Authentication\Authenticators\Session.php(390): CodeIgniter\Shield\Authentication\Authenticators\Session->getSessionKey('id')
#11 C:\Users\FARREL\OneDrive\ドキュメント\GitHub\Techporia-main-2024\techporia23-main\vendor\codeigniter4\shield\src\Authentication\Authenticators\Session.php(374): CodeIgniter\Shield\Authentication\Authenticators\Session->checkUserState()
#12 C:\Users\FARREL\OneDrive\ドキュメント\GitHub\Techporia-main-2024\techporia23-main\vendor\codeigniter4\shield\src\Auth.php(191): CodeIgniter\Shield\Authentication\Authenticators\Session->loggedIn()
#13 C:\Users\FARREL\OneDrive\ドキュメント\GitHub\Techporia-main-2024\techporia23-main\app\Views\layout\header.php(71): CodeIgniter\Shield\Auth->__call('loggedIn', Array)
#14 C:\Users\FARREL\OneDrive\ドキュメント\GitHub\Techporia-main-2024\techporia23-main\vendor\codeigniter4\framework\system\View\View.php(213): include('C:\\Users\\FARREL...')
#15 C:\Users\FARREL\OneDrive\ドキュメント\GitHub\Techporia-main-2024\techporia23-main\vendor\codeigniter4\framework\system\View\View.php(216): CodeIgniter\View\View->CodeIgniter\View\{closure}()
#16 C:\Users\FARREL\OneDrive\ドキュメント\GitHub\Techporia-main-2024\techporia23-main\vendor\codeigniter4\framework\system\View\View.php(431): CodeIgniter\View\View->render('layout/header', NULL, true)
#17 C:\Users\FARREL\OneDrive\ドキュメント\GitHub\Techporia-main-2024\techporia23-main\app\Views\layout\master_layout.php(17): CodeIgniter\View\View->include('layout/header')
#18 C:\Users\FARREL\OneDrive\ドキュメント\GitHub\Techporia-main-2024\techporia23-main\vendor\codeigniter4\framework\system\View\View.php(213): include('C:\\Users\\FARREL...')
#19 C:\Users\FARREL\OneDrive\ドキュメント\GitHub\Techporia-main-2024\techporia23-main\vendor\codeigniter4\framework\system\View\View.php(216): CodeIgniter\View\View->CodeIgniter\View\{closure}()
#20 C:\Users\FARREL\OneDrive\ドキュメント\GitHub\Techporia-main-2024\techporia23-main\vendor\codeigniter4\framework\system\View\View.php(229): CodeIgniter\View\View->render('layout/master_l...', Array, true)
#21 C:\Users\FARREL\OneDrive\ドキュメント\GitHub\Techporia-main-2024\techporia23-main\vendor\codeigniter4\framework\system\Common.php(1184): CodeIgniter\View\View->render('main', Array, true)
#22 C:\Users\FARREL\OneDrive\ドキュメント\GitHub\Techporia-main-2024\techporia23-main\app\Controllers\MainController.php(16): view('main')
#23 C:\Users\FARREL\OneDrive\ドキュメント\GitHub\Techporia-main-2024\techporia23-main\vendor\codeigniter4\framework\system\CodeIgniter.php(934): App\Controllers\MainController->index()
#24 C:\Users\FARREL\OneDrive\ドキュメント\GitHub\Techporia-main-2024\techporia23-main\vendor\codeigniter4\framework\system\CodeIgniter.php(499): CodeIgniter\CodeIgniter->runController(Object(App\Controllers\MainController))
#25 C:\Users\FARREL\OneDrive\ドキュメント\GitHub\Techporia-main-2024\techporia23-main\vendor\codeigniter4\framework\system\CodeIgniter.php(368): CodeIgniter\CodeIgniter->handleRequest(NULL, Object(Config\Cache), false)
#26 C:\Users\FARREL\OneDrive\ドキュメント\GitHub\Techporia-main-2024\techporia23-main\public\index.php(67): CodeIgniter\CodeIgniter->run()
#27 C:\Users\FARREL\OneDrive\ドキュメント\GitHub\Techporia-main-2024\techporia23-main\vendor\codeigniter4\framework\system\Commands\Server\rewrite.php(47): require_once('C:\\Users\\FARREL...')
#28 {main}
CRITICAL - 2024-07-23 18:06:15 --> Table 'techpodb_23.settings' doesn't exist
in SYSTEMPATH\Database\MySQLi\Connection.php on line 295.
 1 SYSTEMPATH\Database\MySQLi\Connection.php(295): mysqli->query('SELECT *
FROM `settings`
WHERE `context` IS NULL', 0)
 2 SYSTEMPATH\Database\BaseConnection.php(692): CodeIgniter\Database\MySQLi\Connection->execute('SELECT *
FROM `settings`
WHERE `context` IS NULL')
 3 SYSTEMPATH\Database\BaseConnection.php(606): CodeIgniter\Database\BaseConnection->simpleQuery('SELECT *
FROM `settings`
WHERE `context` IS NULL')
 4 SYSTEMPATH\Database\BaseBuilder.php(1616): CodeIgniter\Database\BaseConnection->query('SELECT *
FROM `settings`
WHERE `context` IS NULL', [], false)
 5 VENDORPATH\codeigniter4\settings\src\Handlers\DatabaseHandler.php(186): CodeIgniter\Database\BaseBuilder->get()
 6 VENDORPATH\codeigniter4\settings\src\Handlers\DatabaseHandler.php(51): CodeIgniter\Settings\Handlers\DatabaseHandler->hydrate(null)
 7 VENDORPATH\codeigniter4\settings\src\Settings.php(59): CodeIgniter\Settings\Handlers\DatabaseHandler->has('Config\\Auth', 'sessionConfig', null)
 8 VENDORPATH\codeigniter4\settings\src\Helpers\setting_helper.php(25): CodeIgniter\Settings\Settings->get('Auth.sessionConfig')
 9 VENDORPATH\codeigniter4\shield\src\Authentication\Authenticators\Session.php(685): setting('Auth.sessionConfig')
10 VENDORPATH\codeigniter4\shield\src\Authentication\Authenticators\Session.php(703): CodeIgniter\Shield\Authentication\Authenticators\Session->getSessionUserInfo()
11 VENDORPATH\codeigniter4\shield\src\Authentication\Authenticators\Session.php(390): CodeIgniter\Shield\Authentication\Authenticators\Session->getSessionKey('id')
12 VENDORPATH\codeigniter4\shield\src\Authentication\Authenticators\Session.php(374): CodeIgniter\Shield\Authentication\Authenticators\Session->checkUserState()
13 VENDORPATH\codeigniter4\shield\src\Auth.php(191): CodeIgniter\Shield\Authentication\Authenticators\Session->loggedIn()
14 APPPATH\Views\layout\header.php(71): CodeIgniter\Shield\Auth->__call('loggedIn', [])
15 SYSTEMPATH\View\View.php(213): include('C:\\Users\\FARREL\\OneDrive\\ドキュメント\\GitHub\\Techporia-main-2024\\techporia23-main\\app\\Views\\layout\\header.php')
16 SYSTEMPATH\View\View.php(216): CodeIgniter\View\View->CodeIgniter\View\{closure}()
17 SYSTEMPATH\View\View.php(431): CodeIgniter\View\View->render('layout/header', null, true)
18 APPPATH\Views\layout\master_layout.php(17): CodeIgniter\View\View->include('layout/header')
19 SYSTEMPATH\View\View.php(213): include('C:\\Users\\FARREL\\OneDrive\\ドキュメント\\GitHub\\Techporia-main-2024\\techporia23-main\\app\\Views\\layout\\master_layout.php')
20 SYSTEMPATH\View\View.php(216): CodeIgniter\View\View->CodeIgniter\View\{closure}()
21 SYSTEMPATH\View\View.php(229): CodeIgniter\View\View->render('layout/master_layout', [], true)
22 SYSTEMPATH\Common.php(1184): CodeIgniter\View\View->render('main', [], true)
23 APPPATH\Controllers\MainController.php(16): view('main')
24 SYSTEMPATH\CodeIgniter.php(934): App\Controllers\MainController->index()
25 SYSTEMPATH\CodeIgniter.php(499): CodeIgniter\CodeIgniter->runController(Object(App\Controllers\MainController))
26 SYSTEMPATH\CodeIgniter.php(368): CodeIgniter\CodeIgniter->handleRequest(null, Object(Config\Cache), false)
27 FCPATH\index.php(67): CodeIgniter\CodeIgniter->run()
28 SYSTEMPATH\Commands\Server\rewrite.php(47): require_once('C:\\Users\\FARREL\\OneDrive\\ドキュメント\\GitHub\\Techporia-main-2024\\techporia23-main\\public\\index.php')
