ERROR - 2024-07-19 18:39:01 --> Error connecting to the database: mysqli_sql_exception: No connection could be made because the target machine actively refused it in D:\Docs\GitHub\Techporia-main-2024\techporia23-main\vendor\codeigniter4\framework\system\Database\MySQLi\Connection.php:173
Stack trace:
#0 D:\Docs\GitHub\Techporia-main-2024\techporia23-main\vendor\codeigniter4\framework\system\Database\MySQLi\Connection.php(173): mysqli->real_connect('localhost', 'root', Object(SensitiveParameterValue), 'techpodb_23', 3306, '', 0)
#1 D:\Docs\GitHub\Techporia-main-2024\techporia23-main\vendor\codeigniter4\framework\system\Database\BaseConnection.php(391): CodeIgniter\Database\MySQLi\Connection->connect(false)
#2 D:\Docs\GitHub\Techporia-main-2024\techporia23-main\vendor\codeigniter4\framework\system\Database\BaseConnection.php(574): CodeIgniter\Database\BaseConnection->initialize()
#3 D:\Docs\GitHub\Techporia-main-2024\techporia23-main\vendor\codeigniter4\framework\system\Database\BaseBuilder.php(1616): CodeIgniter\Database\BaseConnection->query('SELECT *\nFROM `...', Array, false)
#4 D:\Docs\GitHub\Techporia-main-2024\techporia23-main\vendor\codeigniter4\settings\src\Handlers\DatabaseHandler.php(186): CodeIgniter\Database\BaseBuilder->get()
#5 D:\Docs\GitHub\Techporia-main-2024\techporia23-main\vendor\codeigniter4\settings\src\Handlers\DatabaseHandler.php(51): CodeIgniter\Settings\Handlers\DatabaseHandler->hydrate(NULL)
#6 D:\Docs\GitHub\Techporia-main-2024\techporia23-main\vendor\codeigniter4\settings\src\Settings.php(59): CodeIgniter\Settings\Handlers\DatabaseHandler->has('Config\\Auth', 'sessionConfig', NULL)
#7 D:\Docs\GitHub\Techporia-main-2024\techporia23-main\vendor\codeigniter4\settings\src\Helpers\setting_helper.php(25): CodeIgniter\Settings\Settings->get('Auth.sessionCon...')
#8 D:\Docs\GitHub\Techporia-main-2024\techporia23-main\vendor\codeigniter4\shield\src\Authentication\Authenticators\Session.php(685): setting('Auth.sessionCon...')
#9 D:\Docs\GitHub\Techporia-main-2024\techporia23-main\vendor\codeigniter4\shield\src\Authentication\Authenticators\Session.php(703): CodeIgniter\Shield\Authentication\Authenticators\Session->getSessionUserInfo()
#10 D:\Docs\GitHub\Techporia-main-2024\techporia23-main\vendor\codeigniter4\shield\src\Authentication\Authenticators\Session.php(390): CodeIgniter\Shield\Authentication\Authenticators\Session->getSessionKey('id')
#11 D:\Docs\GitHub\Techporia-main-2024\techporia23-main\vendor\codeigniter4\shield\src\Authentication\Authenticators\Session.php(374): CodeIgniter\Shield\Authentication\Authenticators\Session->checkUserState()
#12 D:\Docs\GitHub\Techporia-main-2024\techporia23-main\vendor\codeigniter4\shield\src\Auth.php(191): CodeIgniter\Shield\Authentication\Authenticators\Session->loggedIn()
#13 D:\Docs\GitHub\Techporia-main-2024\techporia23-main\app\Views\layout\header.php(78): CodeIgniter\Shield\Auth->__call('loggedIn', Array)
#14 D:\Docs\GitHub\Techporia-main-2024\techporia23-main\vendor\codeigniter4\framework\system\View\View.php(213): include('D:\\Docs\\GitHub\\...')
#15 D:\Docs\GitHub\Techporia-main-2024\techporia23-main\vendor\codeigniter4\framework\system\View\View.php(216): CodeIgniter\View\View->CodeIgniter\View\{closure}()
#16 D:\Docs\GitHub\Techporia-main-2024\techporia23-main\vendor\codeigniter4\framework\system\View\View.php(431): CodeIgniter\View\View->render('layout/header', NULL, true)
#17 D:\Docs\GitHub\Techporia-main-2024\techporia23-main\app\Views\layout\master_layout.php(17): CodeIgniter\View\View->include('layout/header')
#18 D:\Docs\GitHub\Techporia-main-2024\techporia23-main\vendor\codeigniter4\framework\system\View\View.php(213): include('D:\\Docs\\GitHub\\...')
#19 D:\Docs\GitHub\Techporia-main-2024\techporia23-main\vendor\codeigniter4\framework\system\View\View.php(216): CodeIgniter\View\View->CodeIgniter\View\{closure}()
#20 D:\Docs\GitHub\Techporia-main-2024\techporia23-main\vendor\codeigniter4\framework\system\View\View.php(229): CodeIgniter\View\View->render('layout/master_l...', Array, true)
#21 D:\Docs\GitHub\Techporia-main-2024\techporia23-main\vendor\codeigniter4\framework\system\Common.php(1184): CodeIgniter\View\View->render('main', Array, true)
#22 D:\Docs\GitHub\Techporia-main-2024\techporia23-main\app\Controllers\MainController.php(16): view('main')
#23 D:\Docs\GitHub\Techporia-main-2024\techporia23-main\vendor\codeigniter4\framework\system\CodeIgniter.php(934): App\Controllers\MainController->index()
#24 D:\Docs\GitHub\Techporia-main-2024\techporia23-main\vendor\codeigniter4\framework\system\CodeIgniter.php(499): CodeIgniter\CodeIgniter->runController(Object(App\Controllers\MainController))
#25 D:\Docs\GitHub\Techporia-main-2024\techporia23-main\vendor\codeigniter4\framework\system\CodeIgniter.php(368): CodeIgniter\CodeIgniter->handleRequest(NULL, Object(Config\Cache), false)
#26 D:\Docs\GitHub\Techporia-main-2024\techporia23-main\public\index.php(67): CodeIgniter\CodeIgniter->run()
#27 D:\Docs\GitHub\Techporia-main-2024\techporia23-main\vendor\codeigniter4\framework\system\Commands\Server\rewrite.php(47): require_once('D:\\Docs\\GitHub\\...')
#28 {main}

Next CodeIgniter\Database\Exceptions\DatabaseException: No connection could be made because the target machine actively refused it in D:\Docs\GitHub\Techporia-main-2024\techporia23-main\vendor\codeigniter4\framework\system\Database\MySQLi\Connection.php:218
Stack trace:
#0 D:\Docs\GitHub\Techporia-main-2024\techporia23-main\vendor\codeigniter4\framework\system\Database\BaseConnection.php(391): CodeIgniter\Database\MySQLi\Connection->connect(false)
#1 D:\Docs\GitHub\Techporia-main-2024\techporia23-main\vendor\codeigniter4\framework\system\Database\BaseConnection.php(574): CodeIgniter\Database\BaseConnection->initialize()
#2 D:\Docs\GitHub\Techporia-main-2024\techporia23-main\vendor\codeigniter4\framework\system\Database\BaseBuilder.php(1616): CodeIgniter\Database\BaseConnection->query('SELECT *\nFROM `...', Array, false)
#3 D:\Docs\GitHub\Techporia-main-2024\techporia23-main\vendor\codeigniter4\settings\src\Handlers\DatabaseHandler.php(186): CodeIgniter\Database\BaseBuilder->get()
#4 D:\Docs\GitHub\Techporia-main-2024\techporia23-main\vendor\codeigniter4\settings\src\Handlers\DatabaseHandler.php(51): CodeIgniter\Settings\Handlers\DatabaseHandler->hydrate(NULL)
#5 D:\Docs\GitHub\Techporia-main-2024\techporia23-main\vendor\codeigniter4\settings\src\Settings.php(59): CodeIgniter\Settings\Handlers\DatabaseHandler->has('Config\\Auth', 'sessionConfig', NULL)
#6 D:\Docs\GitHub\Techporia-main-2024\techporia23-main\vendor\codeigniter4\settings\src\Helpers\setting_helper.php(25): CodeIgniter\Settings\Settings->get('Auth.sessionCon...')
#7 D:\Docs\GitHub\Techporia-main-2024\techporia23-main\vendor\codeigniter4\shield\src\Authentication\Authenticators\Session.php(685): setting('Auth.sessionCon...')
#8 D:\Docs\GitHub\Techporia-main-2024\techporia23-main\vendor\codeigniter4\shield\src\Authentication\Authenticators\Session.php(703): CodeIgniter\Shield\Authentication\Authenticators\Session->getSessionUserInfo()
#9 D:\Docs\GitHub\Techporia-main-2024\techporia23-main\vendor\codeigniter4\shield\src\Authentication\Authenticators\Session.php(390): CodeIgniter\Shield\Authentication\Authenticators\Session->getSessionKey('id')
#10 D:\Docs\GitHub\Techporia-main-2024\techporia23-main\vendor\codeigniter4\shield\src\Authentication\Authenticators\Session.php(374): CodeIgniter\Shield\Authentication\Authenticators\Session->checkUserState()
#11 D:\Docs\GitHub\Techporia-main-2024\techporia23-main\vendor\codeigniter4\shield\src\Auth.php(191): CodeIgniter\Shield\Authentication\Authenticators\Session->loggedIn()
#12 D:\Docs\GitHub\Techporia-main-2024\techporia23-main\app\Views\layout\header.php(78): CodeIgniter\Shield\Auth->__call('loggedIn', Array)
#13 D:\Docs\GitHub\Techporia-main-2024\techporia23-main\vendor\codeigniter4\framework\system\View\View.php(213): include('D:\\Docs\\GitHub\\...')
#14 D:\Docs\GitHub\Techporia-main-2024\techporia23-main\vendor\codeigniter4\framework\system\View\View.php(216): CodeIgniter\View\View->CodeIgniter\View\{closure}()
#15 D:\Docs\GitHub\Techporia-main-2024\techporia23-main\vendor\codeigniter4\framework\system\View\View.php(431): CodeIgniter\View\View->render('layout/header', NULL, true)
#16 D:\Docs\GitHub\Techporia-main-2024\techporia23-main\app\Views\layout\master_layout.php(17): CodeIgniter\View\View->include('layout/header')
#17 D:\Docs\GitHub\Techporia-main-2024\techporia23-main\vendor\codeigniter4\framework\system\View\View.php(213): include('D:\\Docs\\GitHub\\...')
#18 D:\Docs\GitHub\Techporia-main-2024\techporia23-main\vendor\codeigniter4\framework\system\View\View.php(216): CodeIgniter\View\View->CodeIgniter\View\{closure}()
#19 D:\Docs\GitHub\Techporia-main-2024\techporia23-main\vendor\codeigniter4\framework\system\View\View.php(229): CodeIgniter\View\View->render('layout/master_l...', Array, true)
#20 D:\Docs\GitHub\Techporia-main-2024\techporia23-main\vendor\codeigniter4\framework\system\Common.php(1184): CodeIgniter\View\View->render('main', Array, true)
#21 D:\Docs\GitHub\Techporia-main-2024\techporia23-main\app\Controllers\MainController.php(16): view('main')
#22 D:\Docs\GitHub\Techporia-main-2024\techporia23-main\vendor\codeigniter4\framework\system\CodeIgniter.php(934): App\Controllers\MainController->index()
#23 D:\Docs\GitHub\Techporia-main-2024\techporia23-main\vendor\codeigniter4\framework\system\CodeIgniter.php(499): CodeIgniter\CodeIgniter->runController(Object(App\Controllers\MainController))
#24 D:\Docs\GitHub\Techporia-main-2024\techporia23-main\vendor\codeigniter4\framework\system\CodeIgniter.php(368): CodeIgniter\CodeIgniter->handleRequest(NULL, Object(Config\Cache), false)
#25 D:\Docs\GitHub\Techporia-main-2024\techporia23-main\public\index.php(67): CodeIgniter\CodeIgniter->run()
#26 D:\Docs\GitHub\Techporia-main-2024\techporia23-main\vendor\codeigniter4\framework\system\Commands\Server\rewrite.php(47): require_once('D:\\Docs\\GitHub\\...')
#27 {main}
CRITICAL - 2024-07-19 18:39:01 --> Unable to connect to the database.
Main connection [MySQLi]: No connection could be made because the target machine actively refused it
in SYSTEMPATH\Database\BaseConnection.php on line 427.
 1 SYSTEMPATH\Database\BaseConnection.php(574): CodeIgniter\Database\BaseConnection->initialize()
 2 SYSTEMPATH\Database\BaseBuilder.php(1616): CodeIgniter\Database\BaseConnection->query('SELECT *
FROM `settings`
WHERE `context` IS NULL', [], false)
 3 VENDORPATH\codeigniter4\settings\src\Handlers\DatabaseHandler.php(186): CodeIgniter\Database\BaseBuilder->get()
 4 VENDORPATH\codeigniter4\settings\src\Handlers\DatabaseHandler.php(51): CodeIgniter\Settings\Handlers\DatabaseHandler->hydrate(null)
 5 VENDORPATH\codeigniter4\settings\src\Settings.php(59): CodeIgniter\Settings\Handlers\DatabaseHandler->has('Config\\Auth', 'sessionConfig', null)
 6 VENDORPATH\codeigniter4\settings\src\Helpers\setting_helper.php(25): CodeIgniter\Settings\Settings->get('Auth.sessionConfig')
 7 VENDORPATH\codeigniter4\shield\src\Authentication\Authenticators\Session.php(685): setting('Auth.sessionConfig')
 8 VENDORPATH\codeigniter4\shield\src\Authentication\Authenticators\Session.php(703): CodeIgniter\Shield\Authentication\Authenticators\Session->getSessionUserInfo()
 9 VENDORPATH\codeigniter4\shield\src\Authentication\Authenticators\Session.php(390): CodeIgniter\Shield\Authentication\Authenticators\Session->getSessionKey('id')
10 VENDORPATH\codeigniter4\shield\src\Authentication\Authenticators\Session.php(374): CodeIgniter\Shield\Authentication\Authenticators\Session->checkUserState()
11 VENDORPATH\codeigniter4\shield\src\Auth.php(191): CodeIgniter\Shield\Authentication\Authenticators\Session->loggedIn()
12 APPPATH\Views\layout\header.php(78): CodeIgniter\Shield\Auth->__call('loggedIn', [])
13 SYSTEMPATH\View\View.php(213): include('D:\\Docs\\GitHub\\Techporia-main-2024\\techporia23-main\\app\\Views\\layout\\header.php')
14 SYSTEMPATH\View\View.php(216): CodeIgniter\View\View->CodeIgniter\View\{closure}()
15 SYSTEMPATH\View\View.php(431): CodeIgniter\View\View->render('layout/header', null, true)
16 APPPATH\Views\layout\master_layout.php(17): CodeIgniter\View\View->include('layout/header')
17 SYSTEMPATH\View\View.php(213): include('D:\\Docs\\GitHub\\Techporia-main-2024\\techporia23-main\\app\\Views\\layout\\master_layout.php')
18 SYSTEMPATH\View\View.php(216): CodeIgniter\View\View->CodeIgniter\View\{closure}()
19 SYSTEMPATH\View\View.php(229): CodeIgniter\View\View->render('layout/master_layout', [], true)
20 SYSTEMPATH\Common.php(1184): CodeIgniter\View\View->render('main', [], true)
21 APPPATH\Controllers\MainController.php(16): view('main')
22 SYSTEMPATH\CodeIgniter.php(934): App\Controllers\MainController->index()
23 SYSTEMPATH\CodeIgniter.php(499): CodeIgniter\CodeIgniter->runController(Object(App\Controllers\MainController))
24 SYSTEMPATH\CodeIgniter.php(368): CodeIgniter\CodeIgniter->handleRequest(null, Object(Config\Cache), false)
25 FCPATH\index.php(67): CodeIgniter\CodeIgniter->run()
26 SYSTEMPATH\Commands\Server\rewrite.php(47): require_once('D:\\Docs\\GitHub\\Techporia-main-2024\\techporia23-main\\public\\index.php')
ERROR - 2024-07-19 18:46:46 --> mysqli_sql_exception: Duplicate entry '1' for key 'PRIMARY' in D:\Docs\GitHub\Techporia-main-2024\techporia23-main\vendor\codeigniter4\framework\system\Database\MySQLi\Connection.php:295
Stack trace:
#0 D:\Docs\GitHub\Techporia-main-2024\techporia23-main\vendor\codeigniter4\framework\system\Database\MySQLi\Connection.php(295): mysqli->query('INSERT INTO `ko...', 0)
#1 D:\Docs\GitHub\Techporia-main-2024\techporia23-main\vendor\codeigniter4\framework\system\Database\BaseConnection.php(692): CodeIgniter\Database\MySQLi\Connection->execute('INSERT INTO `ko...')
#2 D:\Docs\GitHub\Techporia-main-2024\techporia23-main\vendor\codeigniter4\framework\system\Database\BaseConnection.php(606): CodeIgniter\Database\BaseConnection->simpleQuery('INSERT INTO `ko...')
#3 D:\Docs\GitHub\Techporia-main-2024\techporia23-main\vendor\codeigniter4\framework\system\Database\BaseBuilder.php(1801): CodeIgniter\Database\BaseConnection->query('INSERT INTO `ko...', NULL, false)
#4 D:\Docs\GitHub\Techporia-main-2024\techporia23-main\vendor\codeigniter4\framework\system\Database\BaseBuilder.php(2192): CodeIgniter\Database\BaseBuilder->batchExecute('_insertBatch', 100)
#5 D:\Docs\GitHub\Techporia-main-2024\techporia23-main\app\Database\Seeds\KompetisiSeeder.php(21): CodeIgniter\Database\BaseBuilder->insertBatch(Array)
#6 D:\Docs\GitHub\Techporia-main-2024\techporia23-main\vendor\codeigniter4\framework\system\Database\Seeder.php(146): App\Database\Seeds\KompetisiSeeder->run()
#7 D:\Docs\GitHub\Techporia-main-2024\techporia23-main\vendor\codeigniter4\framework\system\Commands\Database\Seed.php(77): CodeIgniter\Database\Seeder->call('App\\Database\\Se...')
#8 D:\Docs\GitHub\Techporia-main-2024\techporia23-main\vendor\codeigniter4\framework\system\CLI\Commands.php(65): CodeIgniter\Commands\Database\Seed->run(Array)
#9 D:\Docs\GitHub\Techporia-main-2024\techporia23-main\vendor\codeigniter4\framework\system\CLI\Console.php(37): CodeIgniter\CLI\Commands->run('db:seed', Array)
#10 D:\Docs\GitHub\Techporia-main-2024\techporia23-main\spark(97): CodeIgniter\CLI\Console->run()
#11 {main}
ERROR - 2024-07-19 18:47:08 --> mysqli_sql_exception: Duplicate entry '1' for key 'PRIMARY' in D:\Docs\GitHub\Techporia-main-2024\techporia23-main\vendor\codeigniter4\framework\system\Database\MySQLi\Connection.php:295
Stack trace:
#0 D:\Docs\GitHub\Techporia-main-2024\techporia23-main\vendor\codeigniter4\framework\system\Database\MySQLi\Connection.php(295): mysqli->query('INSERT INTO `ko...', 0)
#1 D:\Docs\GitHub\Techporia-main-2024\techporia23-main\vendor\codeigniter4\framework\system\Database\BaseConnection.php(692): CodeIgniter\Database\MySQLi\Connection->execute('INSERT INTO `ko...')
#2 D:\Docs\GitHub\Techporia-main-2024\techporia23-main\vendor\codeigniter4\framework\system\Database\BaseConnection.php(606): CodeIgniter\Database\BaseConnection->simpleQuery('INSERT INTO `ko...')
#3 D:\Docs\GitHub\Techporia-main-2024\techporia23-main\vendor\codeigniter4\framework\system\Database\BaseBuilder.php(1801): CodeIgniter\Database\BaseConnection->query('INSERT INTO `ko...', NULL, false)
#4 D:\Docs\GitHub\Techporia-main-2024\techporia23-main\vendor\codeigniter4\framework\system\Database\BaseBuilder.php(2192): CodeIgniter\Database\BaseBuilder->batchExecute('_insertBatch', 100)
#5 D:\Docs\GitHub\Techporia-main-2024\techporia23-main\app\Database\Seeds\KompetisiSeeder.php(21): CodeIgniter\Database\BaseBuilder->insertBatch(Array)
#6 D:\Docs\GitHub\Techporia-main-2024\techporia23-main\vendor\codeigniter4\framework\system\Database\Seeder.php(146): App\Database\Seeds\KompetisiSeeder->run()
#7 D:\Docs\GitHub\Techporia-main-2024\techporia23-main\vendor\codeigniter4\framework\system\Commands\Database\Seed.php(77): CodeIgniter\Database\Seeder->call('App\\Database\\Se...')
#8 D:\Docs\GitHub\Techporia-main-2024\techporia23-main\vendor\codeigniter4\framework\system\CLI\Commands.php(65): CodeIgniter\Commands\Database\Seed->run(Array)
#9 D:\Docs\GitHub\Techporia-main-2024\techporia23-main\vendor\codeigniter4\framework\system\CLI\Console.php(37): CodeIgniter\CLI\Commands->run('db:seed', Array)
#10 D:\Docs\GitHub\Techporia-main-2024\techporia23-main\spark(97): CodeIgniter\CLI\Console->run()
#11 {main}
ERROR - 2024-07-19 18:47:44 --> mysqli_sql_exception: Duplicate entry '1' for key 'PRIMARY' in D:\Docs\GitHub\Techporia-main-2024\techporia23-main\vendor\codeigniter4\framework\system\Database\MySQLi\Connection.php:295
Stack trace:
#0 D:\Docs\GitHub\Techporia-main-2024\techporia23-main\vendor\codeigniter4\framework\system\Database\MySQLi\Connection.php(295): mysqli->query('INSERT INTO `ko...', 0)
#1 D:\Docs\GitHub\Techporia-main-2024\techporia23-main\vendor\codeigniter4\framework\system\Database\BaseConnection.php(692): CodeIgniter\Database\MySQLi\Connection->execute('INSERT INTO `ko...')
#2 D:\Docs\GitHub\Techporia-main-2024\techporia23-main\vendor\codeigniter4\framework\system\Database\BaseConnection.php(606): CodeIgniter\Database\BaseConnection->simpleQuery('INSERT INTO `ko...')
#3 D:\Docs\GitHub\Techporia-main-2024\techporia23-main\vendor\codeigniter4\framework\system\Database\BaseBuilder.php(1801): CodeIgniter\Database\BaseConnection->query('INSERT INTO `ko...', NULL, false)
#4 D:\Docs\GitHub\Techporia-main-2024\techporia23-main\vendor\codeigniter4\framework\system\Database\BaseBuilder.php(2192): CodeIgniter\Database\BaseBuilder->batchExecute('_insertBatch', 100)
#5 D:\Docs\GitHub\Techporia-main-2024\techporia23-main\app\Database\Seeds\KompetisiSeeder.php(21): CodeIgniter\Database\BaseBuilder->insertBatch(Array)
#6 D:\Docs\GitHub\Techporia-main-2024\techporia23-main\vendor\codeigniter4\framework\system\Database\Seeder.php(146): App\Database\Seeds\KompetisiSeeder->run()
#7 D:\Docs\GitHub\Techporia-main-2024\techporia23-main\vendor\codeigniter4\framework\system\Commands\Database\Seed.php(77): CodeIgniter\Database\Seeder->call('App\\Database\\Se...')
#8 D:\Docs\GitHub\Techporia-main-2024\techporia23-main\vendor\codeigniter4\framework\system\CLI\Commands.php(65): CodeIgniter\Commands\Database\Seed->run(Array)
#9 D:\Docs\GitHub\Techporia-main-2024\techporia23-main\vendor\codeigniter4\framework\system\CLI\Console.php(37): CodeIgniter\CLI\Commands->run('db:seed', Array)
#10 D:\Docs\GitHub\Techporia-main-2024\techporia23-main\spark(97): CodeIgniter\CLI\Console->run()
#11 {main}
ERROR - 2024-07-19 18:48:01 --> mysqli_sql_exception: Duplicate entry '1' for key 'PRIMARY' in D:\Docs\GitHub\Techporia-main-2024\techporia23-main\vendor\codeigniter4\framework\system\Database\MySQLi\Connection.php:295
Stack trace:
#0 D:\Docs\GitHub\Techporia-main-2024\techporia23-main\vendor\codeigniter4\framework\system\Database\MySQLi\Connection.php(295): mysqli->query('INSERT INTO `ko...', 0)
#1 D:\Docs\GitHub\Techporia-main-2024\techporia23-main\vendor\codeigniter4\framework\system\Database\BaseConnection.php(692): CodeIgniter\Database\MySQLi\Connection->execute('INSERT INTO `ko...')
#2 D:\Docs\GitHub\Techporia-main-2024\techporia23-main\vendor\codeigniter4\framework\system\Database\BaseConnection.php(606): CodeIgniter\Database\BaseConnection->simpleQuery('INSERT INTO `ko...')
#3 D:\Docs\GitHub\Techporia-main-2024\techporia23-main\vendor\codeigniter4\framework\system\Database\BaseBuilder.php(1801): CodeIgniter\Database\BaseConnection->query('INSERT INTO `ko...', NULL, false)
#4 D:\Docs\GitHub\Techporia-main-2024\techporia23-main\vendor\codeigniter4\framework\system\Database\BaseBuilder.php(2192): CodeIgniter\Database\BaseBuilder->batchExecute('_insertBatch', 100)
#5 D:\Docs\GitHub\Techporia-main-2024\techporia23-main\app\Database\Seeds\KompetisiSeeder.php(21): CodeIgniter\Database\BaseBuilder->insertBatch(Array)
#6 D:\Docs\GitHub\Techporia-main-2024\techporia23-main\vendor\codeigniter4\framework\system\Database\Seeder.php(146): App\Database\Seeds\KompetisiSeeder->run()
#7 D:\Docs\GitHub\Techporia-main-2024\techporia23-main\vendor\codeigniter4\framework\system\Commands\Database\Seed.php(77): CodeIgniter\Database\Seeder->call('App\\Database\\Se...')
#8 D:\Docs\GitHub\Techporia-main-2024\techporia23-main\vendor\codeigniter4\framework\system\CLI\Commands.php(65): CodeIgniter\Commands\Database\Seed->run(Array)
#9 D:\Docs\GitHub\Techporia-main-2024\techporia23-main\vendor\codeigniter4\framework\system\CLI\Console.php(37): CodeIgniter\CLI\Commands->run('db:seed', Array)
#10 D:\Docs\GitHub\Techporia-main-2024\techporia23-main\spark(97): CodeIgniter\CLI\Console->run()
#11 {main}
ERROR - 2024-07-19 18:48:11 --> mysqli_sql_exception: Duplicate entry '1' for key 'PRIMARY' in D:\Docs\GitHub\Techporia-main-2024\techporia23-main\vendor\codeigniter4\framework\system\Database\MySQLi\Connection.php:295
Stack trace:
#0 D:\Docs\GitHub\Techporia-main-2024\techporia23-main\vendor\codeigniter4\framework\system\Database\MySQLi\Connection.php(295): mysqli->query('INSERT INTO `ko...', 0)
#1 D:\Docs\GitHub\Techporia-main-2024\techporia23-main\vendor\codeigniter4\framework\system\Database\BaseConnection.php(692): CodeIgniter\Database\MySQLi\Connection->execute('INSERT INTO `ko...')
#2 D:\Docs\GitHub\Techporia-main-2024\techporia23-main\vendor\codeigniter4\framework\system\Database\BaseConnection.php(606): CodeIgniter\Database\BaseConnection->simpleQuery('INSERT INTO `ko...')
#3 D:\Docs\GitHub\Techporia-main-2024\techporia23-main\vendor\codeigniter4\framework\system\Database\BaseBuilder.php(1801): CodeIgniter\Database\BaseConnection->query('INSERT INTO `ko...', NULL, false)
#4 D:\Docs\GitHub\Techporia-main-2024\techporia23-main\vendor\codeigniter4\framework\system\Database\BaseBuilder.php(2192): CodeIgniter\Database\BaseBuilder->batchExecute('_insertBatch', 100)
#5 D:\Docs\GitHub\Techporia-main-2024\techporia23-main\app\Database\Seeds\KompetisiSeeder.php(21): CodeIgniter\Database\BaseBuilder->insertBatch(Array)
#6 D:\Docs\GitHub\Techporia-main-2024\techporia23-main\vendor\codeigniter4\framework\system\Database\Seeder.php(146): App\Database\Seeds\KompetisiSeeder->run()
#7 D:\Docs\GitHub\Techporia-main-2024\techporia23-main\vendor\codeigniter4\framework\system\Commands\Database\Seed.php(77): CodeIgniter\Database\Seeder->call('App\\Database\\Se...')
#8 D:\Docs\GitHub\Techporia-main-2024\techporia23-main\vendor\codeigniter4\framework\system\CLI\Commands.php(65): CodeIgniter\Commands\Database\Seed->run(Array)
#9 D:\Docs\GitHub\Techporia-main-2024\techporia23-main\vendor\codeigniter4\framework\system\CLI\Console.php(37): CodeIgniter\CLI\Commands->run('db:seed', Array)
#10 D:\Docs\GitHub\Techporia-main-2024\techporia23-main\spark(97): CodeIgniter\CLI\Console->run()
#11 {main}
CRITICAL - 2024-07-19 18:58:26 --> Undefined variable $fee
in APPPATH\Controllers\PaymentController.php on line 286.
 1 APPPATH\Controllers\PaymentController.php(286): CodeIgniter\Debug\Exceptions->errorHandler(2, 'Undefined variable $fee', 'D:\\Docs\\GitHub\\Techporia-main-2024\\techporia23-main\\app\\Controllers\\PaymentController.php', 286)
 2 SYSTEMPATH\CodeIgniter.php(934): App\Controllers\PaymentController->lomba('58e53a')
 3 SYSTEMPATH\CodeIgniter.php(499): CodeIgniter\CodeIgniter->runController(Object(App\Controllers\PaymentController))
 4 SYSTEMPATH\CodeIgniter.php(368): CodeIgniter\CodeIgniter->handleRequest(null, Object(Config\Cache), false)
 5 FCPATH\index.php(67): CodeIgniter\CodeIgniter->run()
 6 SYSTEMPATH\Commands\Server\rewrite.php(47): require_once('D:\\Docs\\GitHub\\Techporia-main-2024\\techporia23-main\\public\\index.php')
CRITICAL - 2024-07-19 18:58:55 --> Undefined variable $fee
in APPPATH\Controllers\PaymentController.php on line 286.
 1 APPPATH\Controllers\PaymentController.php(286): CodeIgniter\Debug\Exceptions->errorHandler(2, 'Undefined variable $fee', 'D:\\Docs\\GitHub\\Techporia-main-2024\\techporia23-main\\app\\Controllers\\PaymentController.php', 286)
 2 SYSTEMPATH\CodeIgniter.php(934): App\Controllers\PaymentController->lomba('58e53a')
 3 SYSTEMPATH\CodeIgniter.php(499): CodeIgniter\CodeIgniter->runController(Object(App\Controllers\PaymentController))
 4 SYSTEMPATH\CodeIgniter.php(368): CodeIgniter\CodeIgniter->handleRequest(null, Object(Config\Cache), false)
 5 FCPATH\index.php(67): CodeIgniter\CodeIgniter->run()
 6 SYSTEMPATH\Commands\Server\rewrite.php(47): require_once('D:\\Docs\\GitHub\\Techporia-main-2024\\techporia23-main\\public\\index.php')
CRITICAL - 2024-07-19 19:02:12 --> Undefined variable $fee
in APPPATH\Controllers\PaymentController.php on line 286.
 1 APPPATH\Controllers\PaymentController.php(286): CodeIgniter\Debug\Exceptions->errorHandler(2, 'Undefined variable $fee', 'D:\\Docs\\GitHub\\Techporia-main-2024\\techporia23-main\\app\\Controllers\\PaymentController.php', 286)
 2 SYSTEMPATH\CodeIgniter.php(934): App\Controllers\PaymentController->lomba('58e53a')
 3 SYSTEMPATH\CodeIgniter.php(499): CodeIgniter\CodeIgniter->runController(Object(App\Controllers\PaymentController))
 4 SYSTEMPATH\CodeIgniter.php(368): CodeIgniter\CodeIgniter->handleRequest(null, Object(Config\Cache), false)
 5 FCPATH\index.php(67): CodeIgniter\CodeIgniter->run()
 6 SYSTEMPATH\Commands\Server\rewrite.php(47): require_once('D:\\Docs\\GitHub\\Techporia-main-2024\\techporia23-main\\public\\index.php')
CRITICAL - 2024-07-19 19:02:17 --> Undefined variable $fee
in APPPATH\Controllers\PaymentController.php on line 286.
 1 APPPATH\Controllers\PaymentController.php(286): CodeIgniter\Debug\Exceptions->errorHandler(2, 'Undefined variable $fee', 'D:\\Docs\\GitHub\\Techporia-main-2024\\techporia23-main\\app\\Controllers\\PaymentController.php', 286)
 2 SYSTEMPATH\CodeIgniter.php(934): App\Controllers\PaymentController->lomba('58e53a')
 3 SYSTEMPATH\CodeIgniter.php(499): CodeIgniter\CodeIgniter->runController(Object(App\Controllers\PaymentController))
 4 SYSTEMPATH\CodeIgniter.php(368): CodeIgniter\CodeIgniter->handleRequest(null, Object(Config\Cache), false)
 5 FCPATH\index.php(67): CodeIgniter\CodeIgniter->run()
 6 SYSTEMPATH\Commands\Server\rewrite.php(47): require_once('D:\\Docs\\GitHub\\Techporia-main-2024\\techporia23-main\\public\\index.php')
CRITICAL - 2024-07-19 19:03:00 --> Undefined variable $fee
in APPPATH\Controllers\PaymentController.php on line 286.
 1 APPPATH\Controllers\PaymentController.php(286): CodeIgniter\Debug\Exceptions->errorHandler(2, 'Undefined variable $fee', 'D:\\Docs\\GitHub\\Techporia-main-2024\\techporia23-main\\app\\Controllers\\PaymentController.php', 286)
 2 SYSTEMPATH\CodeIgniter.php(934): App\Controllers\PaymentController->lomba('58e53a')
 3 SYSTEMPATH\CodeIgniter.php(499): CodeIgniter\CodeIgniter->runController(Object(App\Controllers\PaymentController))
 4 SYSTEMPATH\CodeIgniter.php(368): CodeIgniter\CodeIgniter->handleRequest(null, Object(Config\Cache), false)
 5 FCPATH\index.php(67): CodeIgniter\CodeIgniter->run()
 6 SYSTEMPATH\Commands\Server\rewrite.php(47): require_once('D:\\Docs\\GitHub\\Techporia-main-2024\\techporia23-main\\public\\index.php')
CRITICAL - 2024-07-19 19:04:05 --> Undefined variable $gross_amount
in APPPATH\Controllers\PaymentController.php on line 300.
 1 APPPATH\Controllers\PaymentController.php(300): CodeIgniter\Debug\Exceptions->errorHandler(2, 'Undefined variable $gross_amount', 'D:\\Docs\\GitHub\\Techporia-main-2024\\techporia23-main\\app\\Controllers\\PaymentController.php', 300)
 2 SYSTEMPATH\CodeIgniter.php(934): App\Controllers\PaymentController->lomba('58e53a')
 3 SYSTEMPATH\CodeIgniter.php(499): CodeIgniter\CodeIgniter->runController(Object(App\Controllers\PaymentController))
 4 SYSTEMPATH\CodeIgniter.php(368): CodeIgniter\CodeIgniter->handleRequest(null, Object(Config\Cache), false)
 5 FCPATH\index.php(67): CodeIgniter\CodeIgniter->run()
 6 SYSTEMPATH\Commands\Server\rewrite.php(47): require_once('D:\\Docs\\GitHub\\Techporia-main-2024\\techporia23-main\\public\\index.php')
ERROR - 2024-07-19 19:06:21 --> Competition name not found or does not match fee structure: {"nama_kompetisi":"Painting"}
ERROR - 2024-07-19 19:08:46 --> Competition name not found or does not match fee structure: {"nama_kompetisi":"Painting"}
CRITICAL - 2024-07-19 19:11:23 --> Undefined variable $fee
in APPPATH\Controllers\PaymentController.php on line 291.
 1 APPPATH\Controllers\PaymentController.php(291): CodeIgniter\Debug\Exceptions->errorHandler(2, 'Undefined variable $fee', 'D:\\Docs\\GitHub\\Techporia-main-2024\\techporia23-main\\app\\Controllers\\PaymentController.php', 291)
 2 SYSTEMPATH\CodeIgniter.php(934): App\Controllers\PaymentController->lomba('e6d3ec')
 3 SYSTEMPATH\CodeIgniter.php(499): CodeIgniter\CodeIgniter->runController(Object(App\Controllers\PaymentController))
 4 SYSTEMPATH\CodeIgniter.php(368): CodeIgniter\CodeIgniter->handleRequest(null, Object(Config\Cache), false)
 5 FCPATH\index.php(67): CodeIgniter\CodeIgniter->run()
 6 SYSTEMPATH\Commands\Server\rewrite.php(47): require_once('D:\\Docs\\GitHub\\Techporia-main-2024\\techporia23-main\\public\\index.php')
CRITICAL - 2024-07-19 19:13:28 --> Undefined variable $gross_amount
in APPPATH\Controllers\PaymentController.php on line 309.
 1 APPPATH\Controllers\PaymentController.php(309): CodeIgniter\Debug\Exceptions->errorHandler(2, 'Undefined variable $gross_amount', 'D:\\Docs\\GitHub\\Techporia-main-2024\\techporia23-main\\app\\Controllers\\PaymentController.php', 309)
 2 SYSTEMPATH\CodeIgniter.php(934): App\Controllers\PaymentController->lomba('e6d3ec')
 3 SYSTEMPATH\CodeIgniter.php(499): CodeIgniter\CodeIgniter->runController(Object(App\Controllers\PaymentController))
 4 SYSTEMPATH\CodeIgniter.php(368): CodeIgniter\CodeIgniter->handleRequest(null, Object(Config\Cache), false)
 5 FCPATH\index.php(67): CodeIgniter\CodeIgniter->run()
 6 SYSTEMPATH\Commands\Server\rewrite.php(47): require_once('D:\\Docs\\GitHub\\Techporia-main-2024\\techporia23-main\\public\\index.php')
ERROR - 2024-07-19 19:18:46 --> Competition name not found or does not match fee structure: {"nama_kompetisi":"Lukis"}
