ERROR - 2024-07-28 04:37:23 --> mysqli_sql_exception: Cannot add or update a child row: a foreign key constraint fails (`techpodb_23`.`data_tim`, CONSTRAINT `data_tim_id_kompetisi_foreign` FOREIGN KEY (`id_kompetisi`) REFERENCES `kompetisi` (`id_kompetisi`)) in C:\Users\user\Documents\GitHub\Techporia-main-2024\techporia23-main\vendor\codeigniter4\framework\system\Database\MySQLi\Connection.php:295
Stack trace:
#0 C:\Users\user\Documents\GitHub\Techporia-main-2024\techporia23-main\vendor\codeigniter4\framework\system\Database\MySQLi\Connection.php(295): mysqli->query('INSERT INTO `da...', 0)
#1 C:\Users\user\Documents\GitHub\Techporia-main-2024\techporia23-main\vendor\codeigniter4\framework\system\Database\BaseConnection.php(692): CodeIgniter\Database\MySQLi\Connection->execute('INSERT INTO `da...')
#2 C:\Users\user\Documents\GitHub\Techporia-main-2024\techporia23-main\vendor\codeigniter4\framework\system\Database\BaseConnection.php(606): CodeIgniter\Database\BaseConnection->simpleQuery('INSERT INTO `da...')
#3 C:\Users\user\Documents\GitHub\Techporia-main-2024\techporia23-main\vendor\codeigniter4\framework\system\Database\BaseBuilder.php(2309): CodeIgniter\Database\BaseConnection->query('INSERT INTO `da...', Array, false)
#4 C:\Users\user\Documents\GitHub\Techporia-main-2024\techporia23-main\vendor\codeigniter4\framework\system\Model.php(330): CodeIgniter\Database\BaseBuilder->insert()
#5 C:\Users\user\Documents\GitHub\Techporia-main-2024\techporia23-main\vendor\codeigniter4\framework\system\BaseModel.php(782): CodeIgniter\Model->doInsert(Array)
#6 C:\Users\user\Documents\GitHub\Techporia-main-2024\techporia23-main\vendor\codeigniter4\framework\system\Model.php(730): CodeIgniter\BaseModel->insert(Array, true)
#7 C:\Users\user\Documents\GitHub\Techporia-main-2024\techporia23-main\app\Controllers\UserController.php(174): CodeIgniter\Model->insert(Array)
#8 C:\Users\user\Documents\GitHub\Techporia-main-2024\techporia23-main\vendor\codeigniter4\framework\system\CodeIgniter.php(934): App\Controllers\UserController->daftarLomba()
#9 C:\Users\user\Documents\GitHub\Techporia-main-2024\techporia23-main\vendor\codeigniter4\framework\system\CodeIgniter.php(499): CodeIgniter\CodeIgniter->runController(Object(App\Controllers\UserController))
#10 C:\Users\user\Documents\GitHub\Techporia-main-2024\techporia23-main\vendor\codeigniter4\framework\system\CodeIgniter.php(368): CodeIgniter\CodeIgniter->handleRequest(NULL, Object(Config\Cache), false)
#11 C:\Users\user\Documents\GitHub\Techporia-main-2024\techporia23-main\public\index.php(67): CodeIgniter\CodeIgniter->run()
#12 C:\Users\user\Documents\GitHub\Techporia-main-2024\techporia23-main\vendor\codeigniter4\framework\system\Commands\Server\rewrite.php(47): require_once('C:\\Users\\user\\D...')
#13 {main}
CRITICAL - 2024-07-28 04:37:23 --> Cannot add or update a child row: a foreign key constraint fails (`techpodb_23`.`data_tim`, CONSTRAINT `data_tim_id_kompetisi_foreign` FOREIGN KEY (`id_kompetisi`) REFERENCES `kompetisi` (`id_kompetisi`))
in SYSTEMPATH\Database\MySQLi\Connection.php on line 295.
 1 SYSTEMPATH\Database\MySQLi\Connection.php(295): mysqli->query('INSERT INTO `data_tim` (`tim_id`, `nama_tim`, `id_kompetisi`, `order_id`) VALUES (\'44077e\', \'Sapider Man\', \'8\', \'187985672566a5\')', 0)
 2 SYSTEMPATH\Database\BaseConnection.php(692): CodeIgniter\Database\MySQLi\Connection->execute('INSERT INTO `data_tim` (`tim_id`, `nama_tim`, `id_kompetisi`, `order_id`) VALUES (\'44077e\', \'Sapider Man\', \'8\', \'187985672566a5\')')
 3 SYSTEMPATH\Database\BaseConnection.php(606): CodeIgniter\Database\BaseConnection->simpleQuery('INSERT INTO `data_tim` (`tim_id`, `nama_tim`, `id_kompetisi`, `order_id`) VALUES (\'44077e\', \'Sapider Man\', \'8\', \'187985672566a5\')')
 4 SYSTEMPATH\Database\BaseBuilder.php(2309): CodeIgniter\Database\BaseConnection->query('INSERT INTO `data_tim` (`tim_id`, `nama_tim`, `id_kompetisi`, `order_id`) VALUES (:tim_id:, :nama_tim:, :id_kompetisi:, :order_id:)', [...], false)
 5 SYSTEMPATH\Model.php(330): CodeIgniter\Database\BaseBuilder->insert()
 6 SYSTEMPATH\BaseModel.php(782): CodeIgniter\Model->doInsert([...])
 7 SYSTEMPATH\Model.php(730): CodeIgniter\BaseModel->insert([...], true)
 8 APPPATH\Controllers\UserController.php(174): CodeIgniter\Model->insert([...])
 9 SYSTEMPATH\CodeIgniter.php(934): App\Controllers\UserController->daftarLomba()
10 SYSTEMPATH\CodeIgniter.php(499): CodeIgniter\CodeIgniter->runController(Object(App\Controllers\UserController))
11 SYSTEMPATH\CodeIgniter.php(368): CodeIgniter\CodeIgniter->handleRequest(null, Object(Config\Cache), false)
12 FCPATH\index.php(67): CodeIgniter\CodeIgniter->run()
13 SYSTEMPATH\Commands\Server\rewrite.php(47): require_once('C:\\Users\\user\\Documents\\GitHub\\Techporia-main-2024\\techporia23-main\\public\\index.php')
CRITICAL - 2024-07-28 16:26:54 --> Undefined variable $dataEssay
in APPPATH\Views\admin\dashboard_v2.php on line 102.
 1 APPPATH\Views\admin\dashboard_v2.php(102): CodeIgniter\Debug\Exceptions->errorHandler(2, 'Undefined variable $dataEssay', 'D:\\Docs\\GitHub\\Techporia-main-2024\\techporia23-main\\app\\Views\\admin\\dashboard_v2.php', 102)
 2 SYSTEMPATH\View\View.php(213): include('D:\\Docs\\GitHub\\Techporia-main-2024\\techporia23-main\\app\\Views\\admin\\dashboard_v2.php')
 3 SYSTEMPATH\View\View.php(216): CodeIgniter\View\View->CodeIgniter\View\{closure}()
 4 SYSTEMPATH\Common.php(1184): CodeIgniter\View\View->render('admin/dashboard_v2', [], true)
 5 APPPATH\Controllers\AdminController.php(46): view('admin/dashboard_v2', [...])
 6 SYSTEMPATH\CodeIgniter.php(934): App\Controllers\AdminController->index()
 7 SYSTEMPATH\CodeIgniter.php(499): CodeIgniter\CodeIgniter->runController(Object(App\Controllers\AdminController))
 8 SYSTEMPATH\CodeIgniter.php(368): CodeIgniter\CodeIgniter->handleRequest(null, Object(Config\Cache), false)
 9 FCPATH\index.php(67): CodeIgniter\CodeIgniter->run()
10 SYSTEMPATH\Commands\Server\rewrite.php(47): require_once('D:\\Docs\\GitHub\\Techporia-main-2024\\techporia23-main\\public\\index.php')
CRITICAL - 2024-07-28 16:27:42 --> Undefined variable $essay
in APPPATH\Views\admin\data_lomba_all.php on line 61.
 1 APPPATH\Views\admin\data_lomba_all.php(61): CodeIgniter\Debug\Exceptions->errorHandler(2, 'Undefined variable $essay', 'D:\\Docs\\GitHub\\Techporia-main-2024\\techporia23-main\\app\\Views\\admin\\data_lomba_all.php', 61)
 2 SYSTEMPATH\View\View.php(213): include('D:\\Docs\\GitHub\\Techporia-main-2024\\techporia23-main\\app\\Views\\admin\\data_lomba_all.php')
 3 SYSTEMPATH\View\View.php(216): CodeIgniter\View\View->CodeIgniter\View\{closure}()
 4 SYSTEMPATH\Common.php(1184): CodeIgniter\View\View->render('admin/data_lomba_all', [], true)
 5 APPPATH\Controllers\AdminController.php(126): view('admin/data_lomba_all', [...])
 6 SYSTEMPATH\CodeIgniter.php(934): App\Controllers\AdminController->lomba('0')
 7 SYSTEMPATH\CodeIgniter.php(499): CodeIgniter\CodeIgniter->runController(Object(App\Controllers\AdminController))
 8 SYSTEMPATH\CodeIgniter.php(368): CodeIgniter\CodeIgniter->handleRequest(null, Object(Config\Cache), false)
 9 FCPATH\index.php(67): CodeIgniter\CodeIgniter->run()
10 SYSTEMPATH\Commands\Server\rewrite.php(47): require_once('D:\\Docs\\GitHub\\Techporia-main-2024\\techporia23-main\\public\\index.php')
CRITICAL - 2024-07-28 16:28:05 --> Undefined variable $essay
in APPPATH\Views\admin\data_lomba_all.php on line 61.
 1 APPPATH\Views\admin\data_lomba_all.php(61): CodeIgniter\Debug\Exceptions->errorHandler(2, 'Undefined variable $essay', 'D:\\Docs\\GitHub\\Techporia-main-2024\\techporia23-main\\app\\Views\\admin\\data_lomba_all.php', 61)
 2 SYSTEMPATH\View\View.php(213): include('D:\\Docs\\GitHub\\Techporia-main-2024\\techporia23-main\\app\\Views\\admin\\data_lomba_all.php')
 3 SYSTEMPATH\View\View.php(216): CodeIgniter\View\View->CodeIgniter\View\{closure}()
 4 SYSTEMPATH\Common.php(1184): CodeIgniter\View\View->render('admin/data_lomba_all', [], true)
 5 APPPATH\Controllers\AdminController.php(126): view('admin/data_lomba_all', [...])
 6 SYSTEMPATH\CodeIgniter.php(934): App\Controllers\AdminController->lomba('0')
 7 SYSTEMPATH\CodeIgniter.php(499): CodeIgniter\CodeIgniter->runController(Object(App\Controllers\AdminController))
 8 SYSTEMPATH\CodeIgniter.php(368): CodeIgniter\CodeIgniter->handleRequest(null, Object(Config\Cache), false)
 9 FCPATH\index.php(67): CodeIgniter\CodeIgniter->run()
10 SYSTEMPATH\Commands\Server\rewrite.php(47): require_once('D:\\Docs\\GitHub\\Techporia-main-2024\\techporia23-main\\public\\index.php')
CRITICAL - 2024-07-28 16:28:06 --> Undefined variable $essay
in APPPATH\Views\admin\data_lomba_all.php on line 61.
 1 APPPATH\Views\admin\data_lomba_all.php(61): CodeIgniter\Debug\Exceptions->errorHandler(2, 'Undefined variable $essay', 'D:\\Docs\\GitHub\\Techporia-main-2024\\techporia23-main\\app\\Views\\admin\\data_lomba_all.php', 61)
 2 SYSTEMPATH\View\View.php(213): include('D:\\Docs\\GitHub\\Techporia-main-2024\\techporia23-main\\app\\Views\\admin\\data_lomba_all.php')
 3 SYSTEMPATH\View\View.php(216): CodeIgniter\View\View->CodeIgniter\View\{closure}()
 4 SYSTEMPATH\Common.php(1184): CodeIgniter\View\View->render('admin/data_lomba_all', [], true)
 5 APPPATH\Controllers\AdminController.php(126): view('admin/data_lomba_all', [...])
 6 SYSTEMPATH\CodeIgniter.php(934): App\Controllers\AdminController->lomba('0')
 7 SYSTEMPATH\CodeIgniter.php(499): CodeIgniter\CodeIgniter->runController(Object(App\Controllers\AdminController))
 8 SYSTEMPATH\CodeIgniter.php(368): CodeIgniter\CodeIgniter->handleRequest(null, Object(Config\Cache), false)
 9 FCPATH\index.php(67): CodeIgniter\CodeIgniter->run()
10 SYSTEMPATH\Commands\Server\rewrite.php(47): require_once('D:\\Docs\\GitHub\\Techporia-main-2024\\techporia23-main\\public\\index.php')
CRITICAL - 2024-07-28 16:31:16 --> Undefined variable $band_acoustic
in APPPATH\Views\admin\data_lomba_all.php on line 121.
 1 APPPATH\Views\admin\data_lomba_all.php(121): CodeIgniter\Debug\Exceptions->errorHandler(2, 'Undefined variable $band_acoustic', 'D:\\Docs\\GitHub\\Techporia-main-2024\\techporia23-main\\app\\Views\\admin\\data_lomba_all.php', 121)
 2 SYSTEMPATH\View\View.php(213): include('D:\\Docs\\GitHub\\Techporia-main-2024\\techporia23-main\\app\\Views\\admin\\data_lomba_all.php')
 3 SYSTEMPATH\View\View.php(216): CodeIgniter\View\View->CodeIgniter\View\{closure}()
 4 SYSTEMPATH\Common.php(1184): CodeIgniter\View\View->render('admin/data_lomba_all', [], true)
 5 APPPATH\Controllers\AdminController.php(129): view('admin/data_lomba_all', [...])
 6 SYSTEMPATH\CodeIgniter.php(934): App\Controllers\AdminController->lomba('0')
 7 SYSTEMPATH\CodeIgniter.php(499): CodeIgniter\CodeIgniter->runController(Object(App\Controllers\AdminController))
 8 SYSTEMPATH\CodeIgniter.php(368): CodeIgniter\CodeIgniter->handleRequest(null, Object(Config\Cache), false)
 9 FCPATH\index.php(67): CodeIgniter\CodeIgniter->run()
10 SYSTEMPATH\Commands\Server\rewrite.php(47): require_once('D:\\Docs\\GitHub\\Techporia-main-2024\\techporia23-main\\public\\index.php')
CRITICAL - 2024-07-28 16:31:58 --> Undefined variable $band_acoustic
in APPPATH\Views\admin\data_lomba_all.php on line 121.
 1 APPPATH\Views\admin\data_lomba_all.php(121): CodeIgniter\Debug\Exceptions->errorHandler(2, 'Undefined variable $band_acoustic', 'D:\\Docs\\GitHub\\Techporia-main-2024\\techporia23-main\\app\\Views\\admin\\data_lomba_all.php', 121)
 2 SYSTEMPATH\View\View.php(213): include('D:\\Docs\\GitHub\\Techporia-main-2024\\techporia23-main\\app\\Views\\admin\\data_lomba_all.php')
 3 SYSTEMPATH\View\View.php(216): CodeIgniter\View\View->CodeIgniter\View\{closure}()
 4 SYSTEMPATH\Common.php(1184): CodeIgniter\View\View->render('admin/data_lomba_all', [], true)
 5 APPPATH\Controllers\AdminController.php(129): view('admin/data_lomba_all', [...])
 6 SYSTEMPATH\CodeIgniter.php(934): App\Controllers\AdminController->lomba('0')
 7 SYSTEMPATH\CodeIgniter.php(499): CodeIgniter\CodeIgniter->runController(Object(App\Controllers\AdminController))
 8 SYSTEMPATH\CodeIgniter.php(368): CodeIgniter\CodeIgniter->handleRequest(null, Object(Config\Cache), false)
 9 FCPATH\index.php(67): CodeIgniter\CodeIgniter->run()
10 SYSTEMPATH\Commands\Server\rewrite.php(47): require_once('D:\\Docs\\GitHub\\Techporia-main-2024\\techporia23-main\\public\\index.php')
CRITICAL - 2024-07-28 16:33:53 --> Undefined variable $dance_creation
in APPPATH\Views\admin\data_lomba_all.php on line 161.
 1 APPPATH\Views\admin\data_lomba_all.php(161): CodeIgniter\Debug\Exceptions->errorHandler(2, 'Undefined variable $dance_creation', 'D:\\Docs\\GitHub\\Techporia-main-2024\\techporia23-main\\app\\Views\\admin\\data_lomba_all.php', 161)
 2 SYSTEMPATH\View\View.php(213): include('D:\\Docs\\GitHub\\Techporia-main-2024\\techporia23-main\\app\\Views\\admin\\data_lomba_all.php')
 3 SYSTEMPATH\View\View.php(216): CodeIgniter\View\View->CodeIgniter\View\{closure}()
 4 SYSTEMPATH\Common.php(1184): CodeIgniter\View\View->render('admin/data_lomba_all', [], true)
 5 APPPATH\Controllers\AdminController.php(129): view('admin/data_lomba_all', [...])
 6 SYSTEMPATH\CodeIgniter.php(934): App\Controllers\AdminController->lomba('0')
 7 SYSTEMPATH\CodeIgniter.php(499): CodeIgniter\CodeIgniter->runController(Object(App\Controllers\AdminController))
 8 SYSTEMPATH\CodeIgniter.php(368): CodeIgniter\CodeIgniter->handleRequest(null, Object(Config\Cache), false)
 9 FCPATH\index.php(67): CodeIgniter\CodeIgniter->run()
10 SYSTEMPATH\Commands\Server\rewrite.php(47): require_once('D:\\Docs\\GitHub\\Techporia-main-2024\\techporia23-main\\public\\index.php')
CRITICAL - 2024-07-28 16:34:12 --> Undefined variable $dance_creation
in APPPATH\Views\admin\data_lomba_all.php on line 161.
 1 APPPATH\Views\admin\data_lomba_all.php(161): CodeIgniter\Debug\Exceptions->errorHandler(2, 'Undefined variable $dance_creation', 'D:\\Docs\\GitHub\\Techporia-main-2024\\techporia23-main\\app\\Views\\admin\\data_lomba_all.php', 161)
 2 SYSTEMPATH\View\View.php(213): include('D:\\Docs\\GitHub\\Techporia-main-2024\\techporia23-main\\app\\Views\\admin\\data_lomba_all.php')
 3 SYSTEMPATH\View\View.php(216): CodeIgniter\View\View->CodeIgniter\View\{closure}()
 4 SYSTEMPATH\Common.php(1184): CodeIgniter\View\View->render('admin/data_lomba_all', [], true)
 5 APPPATH\Controllers\AdminController.php(129): view('admin/data_lomba_all', [...])
 6 SYSTEMPATH\CodeIgniter.php(934): App\Controllers\AdminController->lomba('0')
 7 SYSTEMPATH\CodeIgniter.php(499): CodeIgniter\CodeIgniter->runController(Object(App\Controllers\AdminController))
 8 SYSTEMPATH\CodeIgniter.php(368): CodeIgniter\CodeIgniter->handleRequest(null, Object(Config\Cache), false)
 9 FCPATH\index.php(67): CodeIgniter\CodeIgniter->run()
10 SYSTEMPATH\Commands\Server\rewrite.php(47): require_once('D:\\Docs\\GitHub\\Techporia-main-2024\\techporia23-main\\public\\index.php')
CRITICAL - 2024-07-28 16:34:13 --> Undefined variable $dance_creation
in APPPATH\Views\admin\data_lomba_all.php on line 161.
 1 APPPATH\Views\admin\data_lomba_all.php(161): CodeIgniter\Debug\Exceptions->errorHandler(2, 'Undefined variable $dance_creation', 'D:\\Docs\\GitHub\\Techporia-main-2024\\techporia23-main\\app\\Views\\admin\\data_lomba_all.php', 161)
 2 SYSTEMPATH\View\View.php(213): include('D:\\Docs\\GitHub\\Techporia-main-2024\\techporia23-main\\app\\Views\\admin\\data_lomba_all.php')
 3 SYSTEMPATH\View\View.php(216): CodeIgniter\View\View->CodeIgniter\View\{closure}()
 4 SYSTEMPATH\Common.php(1184): CodeIgniter\View\View->render('admin/data_lomba_all', [], true)
 5 APPPATH\Controllers\AdminController.php(129): view('admin/data_lomba_all', [...])
 6 SYSTEMPATH\CodeIgniter.php(934): App\Controllers\AdminController->lomba('0')
 7 SYSTEMPATH\CodeIgniter.php(499): CodeIgniter\CodeIgniter->runController(Object(App\Controllers\AdminController))
 8 SYSTEMPATH\CodeIgniter.php(368): CodeIgniter\CodeIgniter->handleRequest(null, Object(Config\Cache), false)
 9 FCPATH\index.php(67): CodeIgniter\CodeIgniter->run()
10 SYSTEMPATH\Commands\Server\rewrite.php(47): require_once('D:\\Docs\\GitHub\\Techporia-main-2024\\techporia23-main\\public\\index.php')
CRITICAL - 2024-07-28 16:34:20 --> Undefined variable $dance_creation
in APPPATH\Views\admin\data_lomba_all.php on line 161.
 1 APPPATH\Views\admin\data_lomba_all.php(161): CodeIgniter\Debug\Exceptions->errorHandler(2, 'Undefined variable $dance_creation', 'D:\\Docs\\GitHub\\Techporia-main-2024\\techporia23-main\\app\\Views\\admin\\data_lomba_all.php', 161)
 2 SYSTEMPATH\View\View.php(213): include('D:\\Docs\\GitHub\\Techporia-main-2024\\techporia23-main\\app\\Views\\admin\\data_lomba_all.php')
 3 SYSTEMPATH\View\View.php(216): CodeIgniter\View\View->CodeIgniter\View\{closure}()
 4 SYSTEMPATH\Common.php(1184): CodeIgniter\View\View->render('admin/data_lomba_all', [], true)
 5 APPPATH\Controllers\AdminController.php(129): view('admin/data_lomba_all', [...])
 6 SYSTEMPATH\CodeIgniter.php(934): App\Controllers\AdminController->lomba('0')
 7 SYSTEMPATH\CodeIgniter.php(499): CodeIgniter\CodeIgniter->runController(Object(App\Controllers\AdminController))
 8 SYSTEMPATH\CodeIgniter.php(368): CodeIgniter\CodeIgniter->handleRequest(null, Object(Config\Cache), false)
 9 FCPATH\index.php(67): CodeIgniter\CodeIgniter->run()
10 SYSTEMPATH\Commands\Server\rewrite.php(47): require_once('D:\\Docs\\GitHub\\Techporia-main-2024\\techporia23-main\\public\\index.php')
CRITICAL - 2024-07-28 16:34:20 --> Undefined variable $dance_creation
in APPPATH\Views\admin\data_lomba_all.php on line 161.
 1 APPPATH\Views\admin\data_lomba_all.php(161): CodeIgniter\Debug\Exceptions->errorHandler(2, 'Undefined variable $dance_creation', 'D:\\Docs\\GitHub\\Techporia-main-2024\\techporia23-main\\app\\Views\\admin\\data_lomba_all.php', 161)
 2 SYSTEMPATH\View\View.php(213): include('D:\\Docs\\GitHub\\Techporia-main-2024\\techporia23-main\\app\\Views\\admin\\data_lomba_all.php')
 3 SYSTEMPATH\View\View.php(216): CodeIgniter\View\View->CodeIgniter\View\{closure}()
 4 SYSTEMPATH\Common.php(1184): CodeIgniter\View\View->render('admin/data_lomba_all', [], true)
 5 APPPATH\Controllers\AdminController.php(129): view('admin/data_lomba_all', [...])
 6 SYSTEMPATH\CodeIgniter.php(934): App\Controllers\AdminController->lomba('0')
 7 SYSTEMPATH\CodeIgniter.php(499): CodeIgniter\CodeIgniter->runController(Object(App\Controllers\AdminController))
 8 SYSTEMPATH\CodeIgniter.php(368): CodeIgniter\CodeIgniter->handleRequest(null, Object(Config\Cache), false)
 9 FCPATH\index.php(67): CodeIgniter\CodeIgniter->run()
10 SYSTEMPATH\Commands\Server\rewrite.php(47): require_once('D:\\Docs\\GitHub\\Techporia-main-2024\\techporia23-main\\public\\index.php')
CRITICAL - 2024-07-28 16:41:25 --> Undefined variable $dataEssay
in APPPATH\Views\admin\dashboard_v2.php on line 102.
 1 APPPATH\Views\admin\dashboard_v2.php(102): CodeIgniter\Debug\Exceptions->errorHandler(2, 'Undefined variable $dataEssay', 'D:\\Docs\\GitHub\\Techporia-main-2024\\techporia23-main\\app\\Views\\admin\\dashboard_v2.php', 102)
 2 SYSTEMPATH\View\View.php(213): include('D:\\Docs\\GitHub\\Techporia-main-2024\\techporia23-main\\app\\Views\\admin\\dashboard_v2.php')
 3 SYSTEMPATH\View\View.php(216): CodeIgniter\View\View->CodeIgniter\View\{closure}()
 4 SYSTEMPATH\Common.php(1184): CodeIgniter\View\View->render('admin/dashboard_v2', [], true)
 5 APPPATH\Controllers\AdminController.php(46): view('admin/dashboard_v2', [...])
 6 SYSTEMPATH\CodeIgniter.php(934): App\Controllers\AdminController->index()
 7 SYSTEMPATH\CodeIgniter.php(499): CodeIgniter\CodeIgniter->runController(Object(App\Controllers\AdminController))
 8 SYSTEMPATH\CodeIgniter.php(368): CodeIgniter\CodeIgniter->handleRequest(null, Object(Config\Cache), false)
 9 FCPATH\index.php(67): CodeIgniter\CodeIgniter->run()
10 SYSTEMPATH\Commands\Server\rewrite.php(47): require_once('D:\\Docs\\GitHub\\Techporia-main-2024\\techporia23-main\\public\\index.php')
CRITICAL - 2024-07-28 16:42:31 --> Undefined variable $Essay
in APPPATH\Views\admin\dashboard_v2.php on line 102.
 1 APPPATH\Views\admin\dashboard_v2.php(102): CodeIgniter\Debug\Exceptions->errorHandler(2, 'Undefined variable $Essay', 'D:\\Docs\\GitHub\\Techporia-main-2024\\techporia23-main\\app\\Views\\admin\\dashboard_v2.php', 102)
 2 SYSTEMPATH\View\View.php(213): include('D:\\Docs\\GitHub\\Techporia-main-2024\\techporia23-main\\app\\Views\\admin\\dashboard_v2.php')
 3 SYSTEMPATH\View\View.php(216): CodeIgniter\View\View->CodeIgniter\View\{closure}()
 4 SYSTEMPATH\Common.php(1184): CodeIgniter\View\View->render('admin/dashboard_v2', [], true)
 5 APPPATH\Controllers\AdminController.php(46): view('admin/dashboard_v2', [...])
 6 SYSTEMPATH\CodeIgniter.php(934): App\Controllers\AdminController->index()
 7 SYSTEMPATH\CodeIgniter.php(499): CodeIgniter\CodeIgniter->runController(Object(App\Controllers\AdminController))
 8 SYSTEMPATH\CodeIgniter.php(368): CodeIgniter\CodeIgniter->handleRequest(null, Object(Config\Cache), false)
 9 FCPATH\index.php(67): CodeIgniter\CodeIgniter->run()
10 SYSTEMPATH\Commands\Server\rewrite.php(47): require_once('D:\\Docs\\GitHub\\Techporia-main-2024\\techporia23-main\\public\\index.php')
CRITICAL - 2024-07-28 16:42:40 --> Undefined variable $dataEssay
in APPPATH\Views\admin\dashboard_v2.php on line 102.
 1 APPPATH\Views\admin\dashboard_v2.php(102): CodeIgniter\Debug\Exceptions->errorHandler(2, 'Undefined variable $dataEssay', 'D:\\Docs\\GitHub\\Techporia-main-2024\\techporia23-main\\app\\Views\\admin\\dashboard_v2.php', 102)
 2 SYSTEMPATH\View\View.php(213): include('D:\\Docs\\GitHub\\Techporia-main-2024\\techporia23-main\\app\\Views\\admin\\dashboard_v2.php')
 3 SYSTEMPATH\View\View.php(216): CodeIgniter\View\View->CodeIgniter\View\{closure}()
 4 SYSTEMPATH\Common.php(1184): CodeIgniter\View\View->render('admin/dashboard_v2', [], true)
 5 APPPATH\Controllers\AdminController.php(46): view('admin/dashboard_v2', [...])
 6 SYSTEMPATH\CodeIgniter.php(934): App\Controllers\AdminController->index()
 7 SYSTEMPATH\CodeIgniter.php(499): CodeIgniter\CodeIgniter->runController(Object(App\Controllers\AdminController))
 8 SYSTEMPATH\CodeIgniter.php(368): CodeIgniter\CodeIgniter->handleRequest(null, Object(Config\Cache), false)
 9 FCPATH\index.php(67): CodeIgniter\CodeIgniter->run()
10 SYSTEMPATH\Commands\Server\rewrite.php(47): require_once('D:\\Docs\\GitHub\\Techporia-main-2024\\techporia23-main\\public\\index.php')
CRITICAL - 2024-07-28 18:42:15 --> Midtrans API is returning API error. HTTP status code: 404 API response: {"status_code":"404","status_message":"Transaction doesn't exist.","id":"a16e2df7-f0e2-41d4-a438-623856e91125"}
in VENDORPATH\midtrans\midtrans-php\Midtrans\ApiRequestor.php on line 165.
 1 VENDORPATH\midtrans\midtrans-php\Midtrans\ApiRequestor.php(25): Midtrans\ApiRequestor::remoteCall('https://api.sandbox.midtrans.com/v2/513f1f01-c9da-474c-9fc9-d5c64364b709/status', 'SB-Mid-server-0xjDME9WUxJ5oGd8Xwyjr3WR', false, 'GET')
 2 VENDORPATH\midtrans\midtrans-php\Midtrans\Transaction.php(22): Midtrans\ApiRequestor::get('https://api.sandbox.midtrans.com/v2/513f1f01-c9da-474c-9fc9-d5c64364b709/status', 'SB-Mid-server-0xjDME9WUxJ5oGd8Xwyjr3WR', false)
 3 VENDORPATH\midtrans\midtrans-php\Midtrans\Notification.php(26): Midtrans\Transaction::status('513f1f01-c9da-474c-9fc9-d5c64364b709')
 4 APPPATH\Controllers\ApiController.php(20): Midtrans\Notification->__construct()
 5 SYSTEMPATH\CodeIgniter.php(934): App\Controllers\ApiController->notificationHandler()
 6 SYSTEMPATH\CodeIgniter.php(499): CodeIgniter\CodeIgniter->runController(Object(App\Controllers\ApiController))
 7 SYSTEMPATH\CodeIgniter.php(368): CodeIgniter\CodeIgniter->handleRequest(null, Object(Config\Cache), false)
 8 FCPATH\index.php(67): CodeIgniter\CodeIgniter->run()
 9 SYSTEMPATH\Commands\Server\rewrite.php(47): require_once('D:\\Docs\\GitHub\\Techporia-main-2024\\techporia23-main\\public\\index.php')
CRITICAL - 2024-07-28 18:42:49 --> Midtrans API is returning API error. HTTP status code: 404 API response: {"status_code":"404","status_message":"Transaction doesn't exist.","id":"4b9c5824-a686-49f0-b998-d4a1a0f605be"}
in VENDORPATH\midtrans\midtrans-php\Midtrans\ApiRequestor.php on line 165.
 1 VENDORPATH\midtrans\midtrans-php\Midtrans\ApiRequestor.php(25): Midtrans\ApiRequestor::remoteCall('https://api.sandbox.midtrans.com/v2/513f1f01-c9da-474c-9fc9-d5c64364b709/status', 'SB-Mid-server-0xjDME9WUxJ5oGd8Xwyjr3WR', false, 'GET')
 2 VENDORPATH\midtrans\midtrans-php\Midtrans\Transaction.php(22): Midtrans\ApiRequestor::get('https://api.sandbox.midtrans.com/v2/513f1f01-c9da-474c-9fc9-d5c64364b709/status', 'SB-Mid-server-0xjDME9WUxJ5oGd8Xwyjr3WR', false)
 3 VENDORPATH\midtrans\midtrans-php\Midtrans\Notification.php(26): Midtrans\Transaction::status('513f1f01-c9da-474c-9fc9-d5c64364b709')
 4 APPPATH\Controllers\ApiController.php(20): Midtrans\Notification->__construct()
 5 SYSTEMPATH\CodeIgniter.php(934): App\Controllers\ApiController->notificationHandler()
 6 SYSTEMPATH\CodeIgniter.php(499): CodeIgniter\CodeIgniter->runController(Object(App\Controllers\ApiController))
 7 SYSTEMPATH\CodeIgniter.php(368): CodeIgniter\CodeIgniter->handleRequest(null, Object(Config\Cache), false)
 8 FCPATH\index.php(67): CodeIgniter\CodeIgniter->run()
 9 SYSTEMPATH\Commands\Server\rewrite.php(47): require_once('D:\\Docs\\GitHub\\Techporia-main-2024\\techporia23-main\\public\\index.php')
CRITICAL - 2024-07-28 18:46:34 --> Midtrans API is returning API error. HTTP status code: 404 API response: {"status_code":"404","status_message":"Transaction doesn't exist.","id":"12debb05-0db5-4c36-9438-280ec7186990"}
in VENDORPATH\midtrans\midtrans-php\Midtrans\ApiRequestor.php on line 165.
 1 VENDORPATH\midtrans\midtrans-php\Midtrans\ApiRequestor.php(25): Midtrans\ApiRequestor::remoteCall('https://api.sandbox.midtrans.com/v2/513f1f01-c9da-474c-9fc9-d5c64364b709/status', 'SB-Mid-server-0xjDME9WUxJ5oGd8Xwyjr3WR', false, 'GET')
 2 VENDORPATH\midtrans\midtrans-php\Midtrans\Transaction.php(22): Midtrans\ApiRequestor::get('https://api.sandbox.midtrans.com/v2/513f1f01-c9da-474c-9fc9-d5c64364b709/status', 'SB-Mid-server-0xjDME9WUxJ5oGd8Xwyjr3WR', false)
 3 VENDORPATH\midtrans\midtrans-php\Midtrans\Notification.php(26): Midtrans\Transaction::status('513f1f01-c9da-474c-9fc9-d5c64364b709')
 4 APPPATH\Controllers\ApiController.php(20): Midtrans\Notification->__construct()
 5 SYSTEMPATH\CodeIgniter.php(934): App\Controllers\ApiController->notificationHandler()
 6 SYSTEMPATH\CodeIgniter.php(499): CodeIgniter\CodeIgniter->runController(Object(App\Controllers\ApiController))
 7 SYSTEMPATH\CodeIgniter.php(368): CodeIgniter\CodeIgniter->handleRequest(null, Object(Config\Cache), false)
 8 FCPATH\index.php(67): CodeIgniter\CodeIgniter->run()
 9 SYSTEMPATH\Commands\Server\rewrite.php(47): require_once('D:\\Docs\\GitHub\\Techporia-main-2024\\techporia23-main\\public\\index.php')
CRITICAL - 2024-07-28 18:48:54 --> Midtrans API is returning API error. HTTP status code: 404 API response: {"status_code":"404","status_message":"Transaction doesn't exist.","id":"5af78cd9-3e18-4f0a-ad25-ff563600550c"}
in VENDORPATH\midtrans\midtrans-php\Midtrans\ApiRequestor.php on line 165.
 1 VENDORPATH\midtrans\midtrans-php\Midtrans\ApiRequestor.php(25): Midtrans\ApiRequestor::remoteCall('https://api.sandbox.midtrans.com/v2/513f1f01-c9da-474c-9fc9-d5c64364b709/status', 'SB-Mid-server-0xjDME9WUxJ5oGd8Xwyjr3WR', false, 'GET')
 2 VENDORPATH\midtrans\midtrans-php\Midtrans\Transaction.php(22): Midtrans\ApiRequestor::get('https://api.sandbox.midtrans.com/v2/513f1f01-c9da-474c-9fc9-d5c64364b709/status', 'SB-Mid-server-0xjDME9WUxJ5oGd8Xwyjr3WR', false)
 3 VENDORPATH\midtrans\midtrans-php\Midtrans\Notification.php(26): Midtrans\Transaction::status('513f1f01-c9da-474c-9fc9-d5c64364b709')
 4 APPPATH\Controllers\ApiController.php(20): Midtrans\Notification->__construct()
 5 SYSTEMPATH\CodeIgniter.php(934): App\Controllers\ApiController->notificationHandler()
 6 SYSTEMPATH\CodeIgniter.php(499): CodeIgniter\CodeIgniter->runController(Object(App\Controllers\ApiController))
 7 SYSTEMPATH\CodeIgniter.php(368): CodeIgniter\CodeIgniter->handleRequest(null, Object(Config\Cache), false)
 8 FCPATH\index.php(67): CodeIgniter\CodeIgniter->run()
 9 SYSTEMPATH\Commands\Server\rewrite.php(47): require_once('D:\\Docs\\GitHub\\Techporia-main-2024\\techporia23-main\\public\\index.php')
CRITICAL - 2024-07-28 19:40:56 --> Undefined array key "group_denied"
in VENDORPATH\codeigniter4\shield\src\Config\Auth.php on line 495.
 1 VENDORPATH\codeigniter4\shield\src\Config\Auth.php(495): CodeIgniter\Debug\Exceptions->errorHandler(2, 'Undefined array key "group_denied"', 'D:\\Docs\\GitHub\\Techporia-main-2024\\techporia23-main\\vendor\\codeigniter4\\shield\\src\\Config\\Auth.php', 495)
 2 VENDORPATH\codeigniter4\shield\src\Filters\GroupFilter.php(37): CodeIgniter\Shield\Config\Auth->groupDeniedRedirect()
 3 VENDORPATH\codeigniter4\shield\src\Filters\AbstractAuthFilter.php(54): CodeIgniter\Shield\Filters\GroupFilter->redirectToDeniedUrl()
 4 SYSTEMPATH\Filters\Filters.php(173): CodeIgniter\Shield\Filters\AbstractAuthFilter->before(Object(CodeIgniter\HTTP\IncomingRequest), [...])
 5 SYSTEMPATH\CodeIgniter.php(473): CodeIgniter\Filters\Filters->run('admin/detail-tim/4b53b6', 'before')
 6 SYSTEMPATH\CodeIgniter.php(368): CodeIgniter\CodeIgniter->handleRequest(null, Object(Config\Cache), false)
 7 FCPATH\index.php(67): CodeIgniter\CodeIgniter->run()
 8 SYSTEMPATH\Commands\Server\rewrite.php(47): require_once('D:\\Docs\\GitHub\\Techporia-main-2024\\techporia23-main\\public\\index.php')
CRITICAL - 2024-07-28 19:40:58 --> Undefined array key "group_denied"
in VENDORPATH\codeigniter4\shield\src\Config\Auth.php on line 495.
 1 VENDORPATH\codeigniter4\shield\src\Config\Auth.php(495): CodeIgniter\Debug\Exceptions->errorHandler(2, 'Undefined array key "group_denied"', 'D:\\Docs\\GitHub\\Techporia-main-2024\\techporia23-main\\vendor\\codeigniter4\\shield\\src\\Config\\Auth.php', 495)
 2 VENDORPATH\codeigniter4\shield\src\Filters\GroupFilter.php(37): CodeIgniter\Shield\Config\Auth->groupDeniedRedirect()
 3 VENDORPATH\codeigniter4\shield\src\Filters\AbstractAuthFilter.php(54): CodeIgniter\Shield\Filters\GroupFilter->redirectToDeniedUrl()
 4 SYSTEMPATH\Filters\Filters.php(173): CodeIgniter\Shield\Filters\AbstractAuthFilter->before(Object(CodeIgniter\HTTP\IncomingRequest), [...])
 5 SYSTEMPATH\CodeIgniter.php(473): CodeIgniter\Filters\Filters->run('admin/detail-tim/4b53b6', 'before')
 6 SYSTEMPATH\CodeIgniter.php(368): CodeIgniter\CodeIgniter->handleRequest(null, Object(Config\Cache), false)
 7 FCPATH\index.php(67): CodeIgniter\CodeIgniter->run()
 8 SYSTEMPATH\Commands\Server\rewrite.php(47): require_once('D:\\Docs\\GitHub\\Techporia-main-2024\\techporia23-main\\public\\index.php')
CRITICAL - 2024-07-28 19:40:59 --> Undefined array key "group_denied"
in VENDORPATH\codeigniter4\shield\src\Config\Auth.php on line 495.
 1 VENDORPATH\codeigniter4\shield\src\Config\Auth.php(495): CodeIgniter\Debug\Exceptions->errorHandler(2, 'Undefined array key "group_denied"', 'D:\\Docs\\GitHub\\Techporia-main-2024\\techporia23-main\\vendor\\codeigniter4\\shield\\src\\Config\\Auth.php', 495)
 2 VENDORPATH\codeigniter4\shield\src\Filters\GroupFilter.php(37): CodeIgniter\Shield\Config\Auth->groupDeniedRedirect()
 3 VENDORPATH\codeigniter4\shield\src\Filters\AbstractAuthFilter.php(54): CodeIgniter\Shield\Filters\GroupFilter->redirectToDeniedUrl()
 4 SYSTEMPATH\Filters\Filters.php(173): CodeIgniter\Shield\Filters\AbstractAuthFilter->before(Object(CodeIgniter\HTTP\IncomingRequest), [...])
 5 SYSTEMPATH\CodeIgniter.php(473): CodeIgniter\Filters\Filters->run('admin/dashboard', 'before')
 6 SYSTEMPATH\CodeIgniter.php(368): CodeIgniter\CodeIgniter->handleRequest(null, Object(Config\Cache), false)
 7 FCPATH\index.php(67): CodeIgniter\CodeIgniter->run()
 8 SYSTEMPATH\Commands\Server\rewrite.php(47): require_once('D:\\Docs\\GitHub\\Techporia-main-2024\\techporia23-main\\public\\index.php')
